#
# There is insufficient memory for the Java Runtime Environment to continue.
# Native memory allocation (malloc) failed to allocate 1040816 bytes for Chunk::new
# Possible reasons:
#   The system is out of physical RAM or swap space
#   The process is running with CompressedOops enabled, and the Java Heap may be blocking the growth of the native heap
# Possible solutions:
#   Reduce memory load on the system
#   Increase physical memory or swap space
#   Check if swap backing store is full
#   Decrease Java heap size (-Xmx/-Xms)
#   Decrease number of Java threads
#   Decrease Java thread stack sizes (-Xss)
#   Set larger code cache with -XX:ReservedCodeCacheSize=
#   JVM is running with Unscaled Compressed Oops mode in which the Java heap is
#     placed in the first 4GB address space. The Java Heap base address is the
#     maximum limit for the native heap growth. Please use -XX:HeapBaseMinAddress
#     to set the Java Heap base and to place the Java Heap above 4GB virtual address.
# This output file may be truncated or incomplete.
#
#  Out of Memory Error (./open/src/hotspot/share/memory/arena.cpp:197), pid=13040, tid=9620
#
# JRE version: Java(TM) SE Runtime Environment 18.9 (11.0.14+8) (build 11.0.14+8-LTS-263)
# Java VM: Java HotSpot(TM) 64-Bit Server VM 18.9 (11.0.14+8-LTS-263, mixed mode, tiered, compressed oops, g1 gc, windows-amd64)
# No core dump will be written. Minidumps are not enabled by default on client versions of Windows
#

---------------  S U M M A R Y ------------

Command Line: -XX:MaxMetaspaceSize=512m --add-opens=java.base/java.util=ALL-UNNAMED --add-opens=java.base/java.lang=ALL-UNNAMED --add-opens=java.base/java.lang.invoke=ALL-UNNAMED --add-opens=java.base/java.util=ALL-UNNAMED --add-opens=java.prefs/java.util.prefs=ALL-UNNAMED --add-opens=java.prefs/java.util.prefs=ALL-UNNAMED --add-opens=java.base/java.nio.charset=ALL-UNNAMED --add-opens=java.base/java.net=ALL-UNNAMED --add-opens=java.base/java.util.concurrent.atomic=ALL-UNNAMED -Xmx2048m -Dfile.encoding=windows-1252 -Duser.country=US -Duser.language=en -Duser.variant org.gradle.launcher.daemon.bootstrap.GradleDaemon 7.5.1

Host: Intel(R) Core(TM) i5-4590S CPU @ 3.00GHz, 4 cores, 11G,  Windows 10 , 64 bit Build 19041 (10.0.19041.3031)
Time: Fri Jun 23 12:48:40 2023 Pakistan Standard Time elapsed time: 73.393809 seconds (0d 0h 1m 13s)

---------------  T H R E A D  ---------------

Current thread (0x000001fe7e8d9000):  JavaThread "C2 CompilerThread1" daemon [_thread_in_native, id=9620, stack(0x00000055ac900000,0x00000055aca00000)]


Current CompileTask:
C2:  73393 21442       4       jdk.internal.org.objectweb.asm.MethodWriter::visitMaxs (1144 bytes)

Stack: [0x00000055ac900000,0x00000055aca00000]
Native frames: (J=compiled Java code, j=interpreted, Vv=VM code, C=native code)
V  [jvm.dll+0x6296da]
V  [jvm.dll+0x76323f]
V  [jvm.dll+0x7648e9]
V  [jvm.dll+0x764f73]
V  [jvm.dll+0x23d7c8]
V  [jvm.dll+0xb297c]
V  [jvm.dll+0xb2f3c]
V  [jvm.dll+0x340e52]
V  [jvm.dll+0x30e803]
V  [jvm.dll+0x30db4a]
V  [jvm.dll+0x1f8365]
V  [jvm.dll+0x1f754d]
V  [jvm.dll+0x177b21]
V  [jvm.dll+0x206e26]
V  [jvm.dll+0x204fbb]
V  [jvm.dll+0x729170]
V  [jvm.dll+0x721d44]
V  [jvm.dll+0x6285d6]
C  [ucrtbase.dll+0x21bb2]
C  [KERNEL32.DLL+0x17614]
C  [ntdll.dll+0x526f1]


---------------  P R O C E S S  ---------------

Threads class SMR info:
_java_thread_list=0x000001fe163f5440, length=109, elements={
0x000001fe6a102000, 0x000001fe78877800, 0x000001fe78881000, 0x000001fe78891800,
0x000001fe78892800, 0x000001fe78894800, 0x000001fe7889a000, 0x000001fe7889e800,
0x000001fe788ae800, 0x000001fe79347000, 0x000001fe7b172000, 0x000001fe79785800,
0x000001fe79f60800, 0x000001fe7b4e4000, 0x000001fe7b4ab800, 0x000001fe7b0d6000,
0x000001fe7b4e7000, 0x000001fe7b4d2800, 0x000001fe7b4d3000, 0x000001fe7b30e000,
0x000001fe7b30e800, 0x000001fe7b30d000, 0x000001fe7b30f800, 0x000001fe7b313800,
0x000001fe7b312000, 0x000001fe7b310800, 0x000001fe7b311000, 0x000001fe7b312800,
0x000001fe79813800, 0x000001fe7980e000, 0x000001fe79810000, 0x000001fe79812800,
0x000001fe7980e800, 0x000001fe79811000, 0x000001fe79812000, 0x000001fe7b719000,
0x000001fe7b715000, 0x000001fe7b718800, 0x000001fe7b717800, 0x000001fe7b716800,
0x000001fe7b71a000, 0x000001fe7b714800, 0x000001fe7b71b800, 0x000001fe7b716000,
0x000001fe7b71b000, 0x000001fe7b71d800, 0x000001fe7b71c800, 0x000001fe7b71e000,
0x000001fe7b722000, 0x000001fe7b71f000, 0x000001fe7b723000, 0x000001fe7b71f800,
0x000001fe7b720800, 0x000001fe7b721800, 0x000001fe7c2be000, 0x000001fe7c2c2000,
0x000001fe7c2bf800, 0x000001fe7c2c1000, 0x000001fe7c2bc000, 0x000001fe7c2be800,
0x000001fe7c2c2800, 0x000001fe7c2c0800, 0x000001fe7c2bd000, 0x000001fe7c2c9800,
0x000001fe7c2c6000, 0x000001fe7c2c3800, 0x000001fe7c2ca000, 0x000001fe7c2c4800,
0x000001fe7c2cb000, 0x000001fe7c2c5000, 0x000001fe7c2c7800, 0x000001fe7c2c7000,
0x000001fe7c683000, 0x000001fe7c681000, 0x000001fe7c683800, 0x000001fe7c686000,
0x000001fe7c684800, 0x000001fe7c682000, 0x000001fe7c688000, 0x000001fe7c68a000,
0x000001fe7c68b000, 0x000001fe7c688800, 0x000001fe7c689800, 0x000001fe7c685800,
0x000001fe7c68c000, 0x000001fe7c68c800, 0x000001fe7c687000, 0x000001fe7c68e800,
0x000001fe7c68f000, 0x000001fe7c690000, 0x000001fe15d47000, 0x000001fe15d45000,
0x000001fe15d46000, 0x000001fe15d47800, 0x000001fe15d48800, 0x000001fe15d49800,
0x000001fe15d44800, 0x000001fe15d43800, 0x000001fe15d4f000, 0x000001fe15d4d800,
0x000001fe15d4c800, 0x000001fe15d51800, 0x000001fe15d52800, 0x000001fe15fe5800,
0x000001fe15fe7800, 0x000001fe15fe5000, 0x000001fe15fe8000, 0x000001fe15fe9000,
0x000001fe7e8d9000
}

Java Threads: ( => current thread )
  0x000001fe6a102000 JavaThread "main" [_thread_blocked, id=11380, stack(0x00000055a5400000,0x00000055a5500000)]
  0x000001fe78877800 JavaThread "Reference Handler" daemon [_thread_blocked, id=4992, stack(0x00000055a5b00000,0x00000055a5c00000)]
  0x000001fe78881000 JavaThread "Finalizer" daemon [_thread_blocked, id=13460, stack(0x00000055a5c00000,0x00000055a5d00000)]
  0x000001fe78891800 JavaThread "Signal Dispatcher" daemon [_thread_blocked, id=13648, stack(0x00000055a5d00000,0x00000055a5e00000)]
  0x000001fe78892800 JavaThread "Attach Listener" daemon [_thread_blocked, id=13364, stack(0x00000055a5e00000,0x00000055a5f00000)]
  0x000001fe78894800 JavaThread "Service Thread" daemon [_thread_blocked, id=2028, stack(0x00000055a5f00000,0x00000055a6000000)]
  0x000001fe7889a000 JavaThread "C2 CompilerThread0" daemon [_thread_blocked, id=13280, stack(0x00000055a6000000,0x00000055a6100000)]
  0x000001fe7889e800 JavaThread "C1 CompilerThread0" daemon [_thread_blocked, id=9128, stack(0x00000055a6100000,0x00000055a6200000)]
  0x000001fe788ae800 JavaThread "Sweeper thread" daemon [_thread_blocked, id=9516, stack(0x00000055a6200000,0x00000055a6300000)]
  0x000001fe79347000 JavaThread "Common-Cleaner" daemon [_thread_blocked, id=14852, stack(0x00000055a6300000,0x00000055a6400000)]
  0x000001fe7b172000 JavaThread "Daemon health stats" [_thread_blocked, id=7800, stack(0x00000055a6900000,0x00000055a6a00000)]
  0x000001fe79785800 JavaThread "Incoming local TCP Connector on port 57226" [_thread_in_native, id=15872, stack(0x00000055a6500000,0x00000055a6600000)]
  0x000001fe79f60800 JavaThread "Daemon periodic checks" [_thread_blocked, id=5100, stack(0x00000055a6a00000,0x00000055a6b00000)]
  0x000001fe7b4e4000 JavaThread "Daemon" [_thread_blocked, id=15412, stack(0x00000055a6b00000,0x00000055a6c00000)]
  0x000001fe7b4ab800 JavaThread "Handler for socket connection from /127.0.0.1:57226 to /127.0.0.1:57227" [_thread_in_native, id=15336, stack(0x00000055a6c00000,0x00000055a6d00000)]
  0x000001fe7b0d6000 JavaThread "Cancel handler" [_thread_blocked, id=15172, stack(0x00000055a6d00000,0x00000055a6e00000)]
  0x000001fe7b4e7000 JavaThread "Daemon worker" [_thread_blocked, id=16076, stack(0x00000055a6e00000,0x00000055a6f00000)]
  0x000001fe7b4d2800 JavaThread "Asynchronous log dispatcher for DefaultDaemonConnection: socket connection from /127.0.0.1:57226 to /127.0.0.1:57227" [_thread_blocked, id=13988, stack(0x00000055a6f00000,0x00000055a7000000)]
  0x000001fe7b4d3000 JavaThread "Stdin handler" [_thread_blocked, id=7608, stack(0x00000055a7000000,0x00000055a7100000)]
  0x000001fe7b30e000 JavaThread "Daemon client event forwarder" [_thread_blocked, id=16304, stack(0x00000055a7100000,0x00000055a7200000)]
  0x000001fe7b30e800 JavaThread "Cache worker for journal cache (C:\Users\zeeshan.noorullah\.gradle\caches\journal-1)" [_thread_blocked, id=13448, stack(0x00000055a7200000,0x00000055a7300000)]
  0x000001fe7b30d000 JavaThread "File lock request listener" [_thread_in_native, id=14128, stack(0x00000055a7300000,0x00000055a7400000)]
  0x000001fe7b30f800 JavaThread "Cache worker for file hash cache (C:\Users\zeeshan.noorullah\.gradle\caches\7.5.1\fileHashes)" [_thread_blocked, id=14420, stack(0x00000055a7400000,0x00000055a7500000)]
  0x000001fe7b313800 JavaThread "File watcher server" daemon [_thread_in_native, id=14316, stack(0x00000055a7600000,0x00000055a7700000)]
  0x000001fe7b312000 JavaThread "File watcher consumer" daemon [_thread_blocked, id=9336, stack(0x00000055a7700000,0x00000055a7800000)]
  0x000001fe7b310800 JavaThread "Cache worker for checksums cache (G:\ZeeshanNoorullah\ReactNative\EcommerceApp\android\.gradle\7.5.1\checksums)" [_thread_blocked, id=3304, stack(0x00000055a7800000,0x00000055a7900000)]
  0x000001fe7b311000 JavaThread "Cache worker for cache directory md-rule (C:\Users\zeeshan.noorullah\.gradle\caches\7.5.1\md-rule)" [_thread_blocked, id=2336, stack(0x00000055a7900000,0x00000055a7a00000)]
  0x000001fe7b312800 JavaThread "Cache worker for file content cache (C:\Users\zeeshan.noorullah\.gradle\caches\7.5.1\fileContent)" [_thread_blocked, id=15928, stack(0x00000055a7a00000,0x00000055a7b00000)]
  0x000001fe79813800 JavaThread "Cache worker for file hash cache (G:\ZeeshanNoorullah\ReactNative\EcommerceApp\android\.gradle\7.5.1\fileHashes)" [_thread_blocked, id=14312, stack(0x00000055a7b00000,0x00000055a7c00000)]
  0x000001fe7980e000 JavaThread "Cache worker for cache directory md-supplier (C:\Users\zeeshan.noorullah\.gradle\caches\7.5.1\md-supplier)" [_thread_blocked, id=2784, stack(0x00000055a7c00000,0x00000055a7d00000)]
  0x000001fe79810000 JavaThread "Cache worker for execution history cache (C:\Users\zeeshan.noorullah\.gradle\caches\7.5.1\executionHistory)" [_thread_blocked, id=15328, stack(0x00000055a7d00000,0x00000055a7e00000)]
  0x000001fe79812800 JavaThread "jar transforms" [_thread_blocked, id=1960, stack(0x00000055a7e00000,0x00000055a7f00000)]
  0x000001fe7980e800 JavaThread "jar transforms Thread 2" [_thread_blocked, id=2932, stack(0x00000055a7f00000,0x00000055a8000000)]
  0x000001fe79811000 JavaThread "jar transforms Thread 3" [_thread_blocked, id=12624, stack(0x00000055a7500000,0x00000055a7600000)]
  0x000001fe79812000 JavaThread "jar transforms Thread 4" [_thread_blocked, id=16108, stack(0x00000055a8100000,0x00000055a8200000)]
  0x000001fe7b719000 JavaThread "Cache worker for kotlin-dsl (C:\Users\zeeshan.noorullah\.gradle\caches\7.5.1\kotlin-dsl)" [_thread_blocked, id=14824, stack(0x00000055a8200000,0x00000055a8300000)]
  0x000001fe7b715000 JavaThread "Cache worker for dependencies-accessors (G:\ZeeshanNoorullah\ReactNative\EcommerceApp\android\.gradle\7.5.1\dependencies-accessors)" [_thread_blocked, id=2144, stack(0x00000055a8300000,0x00000055a8400000)]
  0x000001fe7b718800 JavaThread "Cache worker for Build Output Cleanup Cache (G:\ZeeshanNoorullah\ReactNative\EcommerceApp\node_modules\react-native-gradle-plugin\.gradle\buildOutputCleanup)" [_thread_blocked, id=16224, stack(0x00000055a8400000,0x00000055a8500000)]
  0x000001fe7b717800 JavaThread "Unconstrained build operations" [_thread_blocked, id=10016, stack(0x00000055a8500000,0x00000055a8600000)]
  0x000001fe7b716800 JavaThread "Unconstrained build operations Thread 2" [_thread_blocked, id=596, stack(0x00000055a8600000,0x00000055a8700000)]
  0x000001fe7b71a000 JavaThread "Unconstrained build operations Thread 3" [_thread_blocked, id=12028, stack(0x00000055a8700000,0x00000055a8800000)]
  0x000001fe7b714800 JavaThread "Unconstrained build operations Thread 4" [_thread_blocked, id=6340, stack(0x00000055a8800000,0x00000055a8900000)]
  0x000001fe7b71b800 JavaThread "Unconstrained build operations Thread 5" [_thread_blocked, id=7536, stack(0x00000055a8900000,0x00000055a8a00000)]
  0x000001fe7b716000 JavaThread "Unconstrained build operations Thread 6" [_thread_blocked, id=4200, stack(0x00000055a8a00000,0x00000055a8b00000)]
  0x000001fe7b71b000 JavaThread "Unconstrained build operations Thread 7" [_thread_blocked, id=4876, stack(0x00000055a8b00000,0x00000055a8c00000)]
  0x000001fe7b71d800 JavaThread "Unconstrained build operations Thread 8" [_thread_blocked, id=11328, stack(0x00000055a8c00000,0x00000055a8d00000)]
  0x000001fe7b71c800 JavaThread "Unconstrained build operations Thread 9" [_thread_blocked, id=11144, stack(0x00000055a8d00000,0x00000055a8e00000)]
  0x000001fe7b71e000 JavaThread "Unconstrained build operations Thread 10" [_thread_blocked, id=9192, stack(0x00000055a8e00000,0x00000055a8f00000)]
  0x000001fe7b722000 JavaThread "Unconstrained build operations Thread 11" [_thread_blocked, id=7788, stack(0x00000055a8f00000,0x00000055a9000000)]
  0x000001fe7b71f000 JavaThread "Unconstrained build operations Thread 12" [_thread_blocked, id=1252, stack(0x00000055a9000000,0x00000055a9100000)]
  0x000001fe7b723000 JavaThread "Unconstrained build operations Thread 13" [_thread_blocked, id=2708, stack(0x00000055a9100000,0x00000055a9200000)]
  0x000001fe7b71f800 JavaThread "Unconstrained build operations Thread 14" [_thread_blocked, id=10640, stack(0x00000055a9200000,0x00000055a9300000)]
  0x000001fe7b720800 JavaThread "Unconstrained build operations Thread 15" [_thread_blocked, id=7156, stack(0x00000055a9300000,0x00000055a9400000)]
  0x000001fe7b721800 JavaThread "Unconstrained build operations Thread 16" [_thread_blocked, id=15704, stack(0x00000055a9400000,0x00000055a9500000)]
  0x000001fe7c2be000 JavaThread "Unconstrained build operations Thread 17" [_thread_blocked, id=1312, stack(0x00000055a9500000,0x00000055a9600000)]
  0x000001fe7c2c2000 JavaThread "Unconstrained build operations Thread 18" [_thread_blocked, id=13876, stack(0x00000055a9600000,0x00000055a9700000)]
  0x000001fe7c2bf800 JavaThread "Unconstrained build operations Thread 19" [_thread_blocked, id=3180, stack(0x00000055a9700000,0x00000055a9800000)]
  0x000001fe7c2c1000 JavaThread "Unconstrained build operations Thread 20" [_thread_blocked, id=16300, stack(0x00000055a9800000,0x00000055a9900000)]
  0x000001fe7c2bc000 JavaThread "Unconstrained build operations Thread 21" [_thread_blocked, id=13792, stack(0x00000055a9900000,0x00000055a9a00000)]
  0x000001fe7c2be800 JavaThread "Unconstrained build operations Thread 22" [_thread_blocked, id=1188, stack(0x00000055a9a00000,0x00000055a9b00000)]
  0x000001fe7c2c2800 JavaThread "Unconstrained build operations Thread 23" [_thread_blocked, id=15264, stack(0x00000055a9b00000,0x00000055a9c00000)]
  0x000001fe7c2c0800 JavaThread "Unconstrained build operations Thread 24" [_thread_blocked, id=6912, stack(0x00000055a9c00000,0x00000055a9d00000)]
  0x000001fe7c2bd000 JavaThread "Unconstrained build operations Thread 25" [_thread_blocked, id=15760, stack(0x00000055a9d00000,0x00000055a9e00000)]
  0x000001fe7c2c9800 JavaThread "Unconstrained build operations Thread 26" [_thread_blocked, id=15716, stack(0x00000055a9e00000,0x00000055a9f00000)]
  0x000001fe7c2c6000 JavaThread "Unconstrained build operations Thread 27" [_thread_blocked, id=13920, stack(0x00000055a9f00000,0x00000055aa000000)]
  0x000001fe7c2c3800 JavaThread "Unconstrained build operations Thread 28" [_thread_blocked, id=6576, stack(0x00000055aa000000,0x00000055aa100000)]
  0x000001fe7c2ca000 JavaThread "Unconstrained build operations Thread 29" [_thread_blocked, id=11288, stack(0x00000055aa100000,0x00000055aa200000)]
  0x000001fe7c2c4800 JavaThread "Unconstrained build operations Thread 30" [_thread_blocked, id=13652, stack(0x00000055aa200000,0x00000055aa300000)]
  0x000001fe7c2cb000 JavaThread "Unconstrained build operations Thread 31" [_thread_blocked, id=15344, stack(0x00000055aa300000,0x00000055aa400000)]
  0x000001fe7c2c5000 JavaThread "Unconstrained build operations Thread 32" [_thread_blocked, id=12260, stack(0x00000055aa400000,0x00000055aa500000)]
  0x000001fe7c2c7800 JavaThread "Unconstrained build operations Thread 33" [_thread_blocked, id=12900, stack(0x00000055aa500000,0x00000055aa600000)]
  0x000001fe7c2c7000 JavaThread "build event listener" [_thread_blocked, id=15436, stack(0x00000055aa600000,0x00000055aa700000)]
  0x000001fe7c683000 JavaThread "Memory manager" [_thread_blocked, id=11780, stack(0x00000055aa700000,0x00000055aa800000)]
  0x000001fe7c681000 JavaThread "Cache worker for Build Output Cleanup Cache (G:\ZeeshanNoorullah\ReactNative\EcommerceApp\android\.gradle\buildOutputCleanup)" [_thread_blocked, id=14368, stack(0x00000055aa800000,0x00000055aa900000)]
  0x000001fe7c683800 JavaThread "included builds" [_thread_blocked, id=2764, stack(0x00000055aa900000,0x00000055aaa00000)]
  0x000001fe7c686000 JavaThread "Execution worker" [_thread_blocked, id=9524, stack(0x00000055aaa00000,0x00000055aab00000)]
  0x000001fe7c684800 JavaThread "Execution worker Thread 2" [_thread_blocked, id=11248, stack(0x00000055aab00000,0x00000055aac00000)]
  0x000001fe7c682000 JavaThread "Execution worker Thread 3" [_thread_in_vm, id=13548, stack(0x00000055aac00000,0x00000055aad00000)]
  0x000001fe7c688000 JavaThread "Cache worker for execution history cache (G:\ZeeshanNoorullah\ReactNative\EcommerceApp\node_modules\react-native-gradle-plugin\.gradle\7.5.1\executionHistory)" [_thread_blocked, id=5728, stack(0x00000055aad00000,0x00000055aae00000)]
  0x000001fe7c68a000 JavaThread "Unconstrained build operations Thread 34" [_thread_blocked, id=6856, stack(0x00000055aae00000,0x00000055aaf00000)]
  0x000001fe7c68b000 JavaThread "Unconstrained build operations Thread 35" [_thread_blocked, id=9164, stack(0x00000055aaf00000,0x00000055ab000000)]
  0x000001fe7c688800 JavaThread "Unconstrained build operations Thread 36" [_thread_blocked, id=4192, stack(0x00000055ab000000,0x00000055ab100000)]
  0x000001fe7c689800 JavaThread "Unconstrained build operations Thread 37" [_thread_blocked, id=14524, stack(0x00000055ab100000,0x00000055ab200000)]
  0x000001fe7c685800 JavaThread "Unconstrained build operations Thread 38" [_thread_blocked, id=9512, stack(0x00000055ab200000,0x00000055ab300000)]
  0x000001fe7c68c000 JavaThread "Unconstrained build operations Thread 39" [_thread_blocked, id=12268, stack(0x00000055ab300000,0x00000055ab400000)]
  0x000001fe7c68c800 JavaThread "Unconstrained build operations Thread 40" [_thread_blocked, id=6432, stack(0x00000055ab400000,0x00000055ab500000)]
  0x000001fe7c687000 JavaThread "Cache worker for execution history cache (G:\ZeeshanNoorullah\ReactNative\EcommerceApp\android\.gradle\7.5.1\executionHistory)" [_thread_blocked, id=9024, stack(0x00000055ab600000,0x00000055ab700000)]
  0x000001fe7c68e800 JavaThread "WorkerExecutor Queue" [_thread_in_native, id=9184, stack(0x00000055ab700000,0x00000055ab800000)]
  0x000001fe7c68f000 JavaThread "RMI Scheduler(0)" daemon [_thread_blocked, id=14584, stack(0x00000055ab800000,0x00000055ab900000)]
  0x000001fe7c690000 JavaThread "RMI RenewClean-[127.0.0.1:17154,org.jetbrains.kotlin.daemon.common.LoopbackNetworkInterface$ClientLoopbackSocketFactory@25776b35]" daemon [_thread_blocked, id=13824, stack(0x00000055ab900000,0x00000055aba00000)]
  0x000001fe15d47000 JavaThread "RMI GC Daemon" daemon [_thread_blocked, id=13860, stack(0x00000055aba00000,0x00000055abb00000)]
  0x000001fe15d45000 JavaThread "RMI TCP Accept-0" daemon [_thread_in_native, id=4060, stack(0x00000055abb00000,0x00000055abc00000)]
  0x000001fe15d46000 JavaThread "RMI Reaper" [_thread_blocked, id=3808, stack(0x00000055abc00000,0x00000055abd00000)]
  0x000001fe15d47800 JavaThread "RMI TCP Connection(idle)" daemon [_thread_blocked, id=14800, stack(0x00000055abd00000,0x00000055abe00000)]
  0x000001fe15d48800 JavaThread "WorkerExecutor Queue Thread 2" [_thread_in_native, id=4652, stack(0x00000055a8000000,0x00000055a8100000)]
  0x000001fe15d49800 JavaThread "WorkerExecutor Queue Thread 3" [_thread_in_native, id=14284, stack(0x00000055abf00000,0x00000055ac000000)]
  0x000001fe15d44800 JavaThread "Cache worker for Java compile cache (C:\Users\zeeshan.noorullah\.gradle\caches\7.5.1\javaCompile)" [_thread_blocked, id=6188, stack(0x00000055ac000000,0x00000055ac100000)]
  0x000001fe15d43800 JavaThread "RMI RenewClean-[127.0.0.1:17154,org.jetbrains.kotlin.daemon.common.LoopbackNetworkInterface$ClientLoopbackSocketFactory@7ea98ea9]" daemon [_thread_blocked, id=13896, stack(0x00000055ac100000,0x00000055ac200000)]
  0x000001fe15d4f000 JavaThread "RMI TCP Accept-0" daemon [_thread_in_native, id=5776, stack(0x00000055ac200000,0x00000055ac300000)]
  0x000001fe15d4d800 JavaThread "RMI TCP Connection(3)-127.0.0.1" daemon [_thread_in_native, id=14640, stack(0x00000055ac300000,0x00000055ac400000)]
  0x000001fe15d4c800 JavaThread "Build operations" [_thread_blocked, id=6108, stack(0x00000055a5200000,0x00000055a5300000)]
  0x000001fe15d51800 JavaThread "Build operations Thread 2" [_thread_blocked, id=2640, stack(0x00000055a5300000,0x00000055a5400000)]
  0x000001fe15d52800 JavaThread "Build operations Thread 3" [_thread_blocked, id=9576, stack(0x00000055abe00000,0x00000055abf00000)]
  0x000001fe15fe5800 JavaThread "Build operations Thread 4" [_thread_blocked, id=2668, stack(0x00000055ac500000,0x00000055ac600000)]
  0x000001fe15fe7800 JavaThread "WorkerExecutor Queue Thread 5" [_thread_blocked, id=6064, stack(0x00000055ac400000,0x00000055ac500000)]
  0x000001fe15fe5000 JavaThread "RMI RenewClean-[127.0.0.1:17740,org.jetbrains.kotlin.daemon.common.LoopbackNetworkInterface$ClientLoopbackSocketFactory@392720be]" daemon [_thread_blocked, id=13704, stack(0x00000055ac600000,0x00000055ac700000)]
  0x000001fe15fe8000 JavaThread "RMI TCP Accept-0" daemon [_thread_in_native, id=11336, stack(0x00000055ac800000,0x00000055ac900000)]
  0x000001fe15fe9000 JavaThread "RMI TCP Connection(5)-127.0.0.1" daemon [_thread_in_native, id=14016, stack(0x00000055ac700000,0x00000055ac800000)]
=>0x000001fe7e8d9000 JavaThread "C2 CompilerThread1" daemon [_thread_in_native, id=9620, stack(0x00000055ac900000,0x00000055aca00000)]

Other Threads:
  0x000001fe78873800 VMThread "VM Thread" [stack: 0x00000055a5a00000,0x00000055a5b00000] [id=4012]
  0x000001fe79396800 WatcherThread [stack: 0x00000055a6400000,0x00000055a6500000] [id=2280]
  0x000001fe6a114000 GCTaskThread "GC Thread#0" [stack: 0x00000055a5500000,0x00000055a5600000] [id=2124]
  0x000001fe79c36000 GCTaskThread "GC Thread#1" [stack: 0x00000055a6600000,0x00000055a6700000] [id=13636]
  0x000001fe799f0000 GCTaskThread "GC Thread#2" [stack: 0x00000055a6700000,0x00000055a6800000] [id=6496]
  0x000001fe79838800 GCTaskThread "GC Thread#3" [stack: 0x00000055a6800000,0x00000055a6900000] [id=6212]
  0x000001fe6a143800 ConcurrentGCThread "G1 Main Marker" [stack: 0x00000055a5600000,0x00000055a5700000] [id=2200]
  0x000001fe6a145000 ConcurrentGCThread "G1 Conc#0" [stack: 0x00000055a5700000,0x00000055a5800000] [id=5480]
  0x000001fe786dc800 ConcurrentGCThread "G1 Refine#0" [stack: 0x00000055a5800000,0x00000055a5900000] [id=14484]
  0x000001fe786dd800 ConcurrentGCThread "G1 Young RemSet Sampling" [stack: 0x00000055a5900000,0x00000055a5a00000] [id=9948]

Threads with active compile tasks:
C2 CompilerThread1  73419 21442       4       jdk.internal.org.objectweb.asm.MethodWriter::visitMaxs (1144 bytes)

VM state:not at safepoint (normal execution)

VM Mutex/Monitor currently owned by a thread: None

Heap address: 0x0000000080000000, size: 2048 MB, Compressed Oops mode: 32-bit
Narrow klass base: 0x0000000000000000, Narrow klass shift: 3
Compressed class space size: 528482304 Address: 0x0000000100000000

Heap:
 garbage-first heap   total 342016K, used 272949K [0x0000000080000000, 0x0000000100000000)
  region size 1024K, 9 young (9216K), 2 survivors (2048K)
 Metaspace       used 137482K, capacity 142525K, committed 142620K, reserved 645120K
  class space    used 17893K, capacity 19809K, committed 19872K, reserved 516096K
Heap Regions: E=young(eden), S=young(survivor), O=old, HS=humongous(starts), HC=humongous(continues), CS=collection set, F=free, A=archive, TAMS=top-at-mark-start (previous, next)
|   0|0x0000000080000000, 0x0000000080100000, 0x0000000080100000|100%|HS|  |TAMS 0x0000000080100000, 0x0000000080100000| Complete 
|   1|0x0000000080100000, 0x0000000080200000, 0x0000000080200000|100%|HC|  |TAMS 0x0000000080200000, 0x0000000080200000| Complete 
|   2|0x0000000080200000, 0x0000000080300000, 0x0000000080300000|100%|HC|  |TAMS 0x0000000080300000, 0x0000000080300000| Complete 
|   3|0x0000000080300000, 0x0000000080400000, 0x0000000080400000|100%| O|  |TAMS 0x0000000080400000, 0x0000000080400000| Untracked 
|   4|0x0000000080400000, 0x0000000080500000, 0x0000000080500000|100%| O|  |TAMS 0x0000000080500000, 0x0000000080500000| Untracked 
|   5|0x0000000080500000, 0x0000000080600000, 0x0000000080600000|100%| O|  |TAMS 0x0000000080600000, 0x0000000080600000| Untracked 
|   6|0x0000000080600000, 0x0000000080700000, 0x0000000080700000|100%| O|  |TAMS 0x0000000080700000, 0x0000000080700000| Untracked 
|   7|0x0000000080700000, 0x0000000080800000, 0x0000000080800000|100%| O|  |TAMS 0x0000000080800000, 0x0000000080800000| Untracked 
|   8|0x0000000080800000, 0x0000000080900000, 0x0000000080900000|100%| O|  |TAMS 0x0000000080900000, 0x0000000080900000| Untracked 
|   9|0x0000000080900000, 0x0000000080a00000, 0x0000000080a00000|100%| O|  |TAMS 0x0000000080a00000, 0x0000000080a00000| Untracked 
|  10|0x0000000080a00000, 0x0000000080b00000, 0x0000000080b00000|100%| O|  |TAMS 0x0000000080b00000, 0x0000000080b00000| Untracked 
|  11|0x0000000080b00000, 0x0000000080c00000, 0x0000000080c00000|100%| O|  |TAMS 0x0000000080c00000, 0x0000000080c00000| Untracked 
|  12|0x0000000080c00000, 0x0000000080d00000, 0x0000000080d00000|100%| O|  |TAMS 0x0000000080d00000, 0x0000000080d00000| Untracked 
|  13|0x0000000080d00000, 0x0000000080e00000, 0x0000000080e00000|100%| O|  |TAMS 0x0000000080e00000, 0x0000000080e00000| Untracked 
|  14|0x0000000080e00000, 0x0000000080f00000, 0x0000000080f00000|100%| O|  |TAMS 0x0000000080f00000, 0x0000000080f00000| Untracked 
|  15|0x0000000080f00000, 0x0000000081000000, 0x0000000081000000|100%| O|  |TAMS 0x0000000081000000, 0x0000000081000000| Untracked 
|  16|0x0000000081000000, 0x0000000081100000, 0x0000000081100000|100%| O|  |TAMS 0x0000000081100000, 0x0000000081100000| Untracked 
|  17|0x0000000081100000, 0x0000000081200000, 0x0000000081200000|100%|HS|  |TAMS 0x0000000081200000, 0x0000000081200000| Complete 
|  18|0x0000000081200000, 0x0000000081300000, 0x0000000081300000|100%| O|  |TAMS 0x0000000081300000, 0x0000000081300000| Untracked 
|  19|0x0000000081300000, 0x0000000081400000, 0x0000000081400000|100%| O|  |TAMS 0x0000000081400000, 0x0000000081400000| Untracked 
|  20|0x0000000081400000, 0x0000000081500000, 0x0000000081500000|100%| O|  |TAMS 0x0000000081500000, 0x0000000081500000| Untracked 
|  21|0x0000000081500000, 0x0000000081600000, 0x0000000081600000|100%| O|  |TAMS 0x0000000081600000, 0x0000000081600000| Untracked 
|  22|0x0000000081600000, 0x0000000081700000, 0x0000000081700000|100%| O|  |TAMS 0x0000000081700000, 0x0000000081700000| Untracked 
|  23|0x0000000081700000, 0x0000000081800000, 0x0000000081800000|100%| O|  |TAMS 0x0000000081800000, 0x0000000081800000| Untracked 
|  24|0x0000000081800000, 0x0000000081900000, 0x0000000081900000|100%|HS|  |TAMS 0x0000000081900000, 0x0000000081900000| Complete 
|  25|0x0000000081900000, 0x0000000081a00000, 0x0000000081a00000|100%|HC|  |TAMS 0x0000000081a00000, 0x0000000081a00000| Complete 
|  26|0x0000000081a00000, 0x0000000081b00000, 0x0000000081b00000|100%|HC|  |TAMS 0x0000000081b00000, 0x0000000081b00000| Complete 
|  27|0x0000000081b00000, 0x0000000081c00000, 0x0000000081c00000|100%| O|  |TAMS 0x0000000081c00000, 0x0000000081c00000| Untracked 
|  28|0x0000000081c00000, 0x0000000081d00000, 0x0000000081d00000|100%| O|  |TAMS 0x0000000081d00000, 0x0000000081d00000| Untracked 
|  29|0x0000000081d00000, 0x0000000081e00000, 0x0000000081e00000|100%| O|  |TAMS 0x0000000081e00000, 0x0000000081e00000| Untracked 
|  30|0x0000000081e00000, 0x0000000081f00000, 0x0000000081f00000|100%| O|  |TAMS 0x0000000081f00000, 0x0000000081f00000| Untracked 
|  31|0x0000000081f00000, 0x0000000082000000, 0x0000000082000000|100%| O|  |TAMS 0x0000000082000000, 0x0000000082000000| Untracked 
|  32|0x0000000082000000, 0x0000000082100000, 0x0000000082100000|100%| O|  |TAMS 0x0000000082100000, 0x0000000082100000| Untracked 
|  33|0x0000000082100000, 0x0000000082200000, 0x0000000082200000|100%| O|  |TAMS 0x0000000082200000, 0x0000000082200000| Untracked 
|  34|0x0000000082200000, 0x0000000082300000, 0x0000000082300000|100%| O|  |TAMS 0x0000000082300000, 0x0000000082300000| Untracked 
|  35|0x0000000082300000, 0x0000000082400000, 0x0000000082400000|100%| O|  |TAMS 0x0000000082400000, 0x0000000082400000| Untracked 
|  36|0x0000000082400000, 0x0000000082500000, 0x0000000082500000|100%| O|  |TAMS 0x0000000082500000, 0x0000000082500000| Untracked 
|  37|0x0000000082500000, 0x0000000082600000, 0x0000000082600000|100%| O|  |TAMS 0x0000000082600000, 0x0000000082600000| Untracked 
|  38|0x0000000082600000, 0x0000000082700000, 0x0000000082700000|100%|HS|  |TAMS 0x0000000082700000, 0x0000000082700000| Complete 
|  39|0x0000000082700000, 0x0000000082800000, 0x0000000082800000|100%|HS|  |TAMS 0x0000000082800000, 0x0000000082800000| Complete 
|  40|0x0000000082800000, 0x0000000082900000, 0x0000000082900000|100%| O|  |TAMS 0x0000000082900000, 0x0000000082900000| Untracked 
|  41|0x0000000082900000, 0x0000000082a00000, 0x0000000082a00000|100%| O|  |TAMS 0x0000000082a00000, 0x0000000082a00000| Untracked 
|  42|0x0000000082a00000, 0x0000000082b00000, 0x0000000082b00000|100%| O|  |TAMS 0x0000000082b00000, 0x0000000082b00000| Untracked 
|  43|0x0000000082b00000, 0x0000000082c00000, 0x0000000082c00000|100%| O|  |TAMS 0x0000000082c00000, 0x0000000082c00000| Untracked 
|  44|0x0000000082c00000, 0x0000000082d00000, 0x0000000082d00000|100%| O|  |TAMS 0x0000000082d00000, 0x0000000082d00000| Untracked 
|  45|0x0000000082d00000, 0x0000000082e00000, 0x0000000082e00000|100%| O|  |TAMS 0x0000000082e00000, 0x0000000082e00000| Untracked 
|  46|0x0000000082e00000, 0x0000000082f00000, 0x0000000082f00000|100%| O|  |TAMS 0x0000000082f00000, 0x0000000082f00000| Untracked 
|  47|0x0000000082f00000, 0x0000000083000000, 0x0000000083000000|100%|HS|  |TAMS 0x0000000083000000, 0x0000000083000000| Complete 
|  48|0x0000000083000000, 0x0000000083100000, 0x0000000083100000|100%|HC|  |TAMS 0x0000000083100000, 0x0000000083100000| Complete 
|  49|0x0000000083100000, 0x0000000083200000, 0x0000000083200000|100%| O|  |TAMS 0x0000000083200000, 0x0000000083200000| Untracked 
|  50|0x0000000083200000, 0x0000000083300000, 0x0000000083300000|100%| O|  |TAMS 0x0000000083300000, 0x0000000083300000| Untracked 
|  51|0x0000000083300000, 0x0000000083400000, 0x0000000083400000|100%| O|  |TAMS 0x0000000083400000, 0x0000000083400000| Untracked 
|  52|0x0000000083400000, 0x0000000083500000, 0x0000000083500000|100%| O|  |TAMS 0x0000000083500000, 0x0000000083500000| Untracked 
|  53|0x0000000083500000, 0x0000000083600000, 0x0000000083600000|100%| O|  |TAMS 0x0000000083600000, 0x0000000083600000| Untracked 
|  54|0x0000000083600000, 0x0000000083700000, 0x0000000083700000|100%| O|  |TAMS 0x0000000083700000, 0x0000000083700000| Untracked 
|  55|0x0000000083700000, 0x0000000083800000, 0x0000000083800000|100%| O|  |TAMS 0x0000000083800000, 0x0000000083800000| Untracked 
|  56|0x0000000083800000, 0x0000000083900000, 0x0000000083900000|100%| O|  |TAMS 0x0000000083900000, 0x0000000083900000| Untracked 
|  57|0x0000000083900000, 0x0000000083a00000, 0x0000000083a00000|100%| O|  |TAMS 0x0000000083a00000, 0x0000000083a00000| Untracked 
|  58|0x0000000083a00000, 0x0000000083b00000, 0x0000000083b00000|100%| O|  |TAMS 0x0000000083b00000, 0x0000000083b00000| Untracked 
|  59|0x0000000083b00000, 0x0000000083c00000, 0x0000000083c00000|100%| O|  |TAMS 0x0000000083c00000, 0x0000000083c00000| Untracked 
|  60|0x0000000083c00000, 0x0000000083d00000, 0x0000000083d00000|100%| O|  |TAMS 0x0000000083d00000, 0x0000000083d00000| Untracked 
|  61|0x0000000083d00000, 0x0000000083e00000, 0x0000000083e00000|100%| O|  |TAMS 0x0000000083e00000, 0x0000000083e00000| Untracked 
|  62|0x0000000083e00000, 0x0000000083f00000, 0x0000000083f00000|100%| O|  |TAMS 0x0000000083f00000, 0x0000000083f00000| Untracked 
|  63|0x0000000083f00000, 0x0000000084000000, 0x0000000084000000|100%| O|  |TAMS 0x0000000084000000, 0x0000000084000000| Untracked 
|  64|0x0000000084000000, 0x0000000084100000, 0x0000000084100000|100%| O|  |TAMS 0x0000000084100000, 0x0000000084100000| Untracked 
|  65|0x0000000084100000, 0x0000000084200000, 0x0000000084200000|100%| O|  |TAMS 0x0000000084200000, 0x0000000084200000| Untracked 
|  66|0x0000000084200000, 0x0000000084300000, 0x0000000084300000|100%| O|  |TAMS 0x0000000084300000, 0x0000000084300000| Untracked 
|  67|0x0000000084300000, 0x0000000084400000, 0x0000000084400000|100%| O|  |TAMS 0x0000000084400000, 0x0000000084400000| Untracked 
|  68|0x0000000084400000, 0x0000000084500000, 0x0000000084500000|100%| O|  |TAMS 0x0000000084500000, 0x0000000084500000| Untracked 
|  69|0x0000000084500000, 0x0000000084600000, 0x0000000084600000|100%| O|  |TAMS 0x0000000084500000, 0x0000000084600000| Untracked 
|  70|0x0000000084600000, 0x0000000084700000, 0x0000000084700000|100%| O|  |TAMS 0x0000000084700000, 0x0000000084700000| Untracked 
|  71|0x0000000084700000, 0x0000000084800000, 0x0000000084800000|100%|HS|  |TAMS 0x0000000084800000, 0x0000000084800000| Complete 
|  72|0x0000000084800000, 0x0000000084900000, 0x0000000084900000|100%|HC|  |TAMS 0x0000000084900000, 0x0000000084900000| Complete 
|  73|0x0000000084900000, 0x0000000084a00000, 0x0000000084a00000|100%|HS|  |TAMS 0x0000000084a00000, 0x0000000084a00000| Complete 
|  74|0x0000000084a00000, 0x0000000084b00000, 0x0000000084b00000|100%| O|  |TAMS 0x0000000084b00000, 0x0000000084b00000| Untracked 
|  75|0x0000000084b00000, 0x0000000084c00000, 0x0000000084c00000|100%|HS|  |TAMS 0x0000000084c00000, 0x0000000084c00000| Complete 
|  76|0x0000000084c00000, 0x0000000084d00000, 0x0000000084d00000|100%|HC|  |TAMS 0x0000000084d00000, 0x0000000084d00000| Complete 
|  77|0x0000000084d00000, 0x0000000084e00000, 0x0000000084e00000|100%|HC|  |TAMS 0x0000000084e00000, 0x0000000084e00000| Complete 
|  78|0x0000000084e00000, 0x0000000084f00000, 0x0000000084f00000|100%|HC|  |TAMS 0x0000000084f00000, 0x0000000084f00000| Complete 
|  79|0x0000000084f00000, 0x0000000085000000, 0x0000000085000000|100%|HS|  |TAMS 0x0000000085000000, 0x0000000085000000| Complete 
|  80|0x0000000085000000, 0x0000000085100000, 0x0000000085100000|100%|HS|  |TAMS 0x0000000085100000, 0x0000000085100000| Complete 
|  81|0x0000000085100000, 0x0000000085200000, 0x0000000085200000|100%|HS|  |TAMS 0x0000000085200000, 0x0000000085200000| Complete 
|  82|0x0000000085200000, 0x0000000085300000, 0x0000000085300000|100%|HC|  |TAMS 0x0000000085300000, 0x0000000085300000| Complete 
|  83|0x0000000085300000, 0x0000000085400000, 0x0000000085400000|100%|HC|  |TAMS 0x0000000085400000, 0x0000000085400000| Complete 
|  84|0x0000000085400000, 0x0000000085500000, 0x0000000085500000|100%| O|  |TAMS 0x0000000085500000, 0x0000000085500000| Untracked 
|  85|0x0000000085500000, 0x0000000085600000, 0x0000000085600000|100%| O|  |TAMS 0x0000000085600000, 0x0000000085600000| Untracked 
|  86|0x0000000085600000, 0x0000000085700000, 0x0000000085700000|100%| O|  |TAMS 0x0000000085700000, 0x0000000085700000| Untracked 
|  87|0x0000000085700000, 0x0000000085800000, 0x0000000085800000|100%| O|  |TAMS 0x0000000085800000, 0x0000000085800000| Untracked 
|  88|0x0000000085800000, 0x0000000085900000, 0x0000000085900000|100%| O|  |TAMS 0x0000000085900000, 0x0000000085900000| Untracked 
|  89|0x0000000085900000, 0x0000000085a00000, 0x0000000085a00000|100%| O|  |TAMS 0x0000000085a00000, 0x0000000085a00000| Untracked 
|  90|0x0000000085a00000, 0x0000000085b00000, 0x0000000085b00000|100%| O|  |TAMS 0x0000000085b00000, 0x0000000085b00000| Untracked 
|  91|0x0000000085b00000, 0x0000000085c00000, 0x0000000085c00000|100%| O|  |TAMS 0x0000000085c00000, 0x0000000085c00000| Untracked 
|  92|0x0000000085c00000, 0x0000000085d00000, 0x0000000085d00000|100%| O|  |TAMS 0x0000000085d00000, 0x0000000085d00000| Untracked 
|  93|0x0000000085d00000, 0x0000000085e00000, 0x0000000085e00000|100%| O|  |TAMS 0x0000000085e00000, 0x0000000085e00000| Untracked 
|  94|0x0000000085e00000, 0x0000000085f00000, 0x0000000085f00000|100%| O|  |TAMS 0x0000000085f00000, 0x0000000085f00000| Untracked 
|  95|0x0000000085f00000, 0x0000000086000000, 0x0000000086000000|100%| O|  |TAMS 0x0000000086000000, 0x0000000086000000| Untracked 
|  96|0x0000000086000000, 0x0000000086100000, 0x0000000086100000|100%| O|  |TAMS 0x0000000086100000, 0x0000000086100000| Untracked 
|  97|0x0000000086100000, 0x0000000086200000, 0x0000000086200000|100%| O|  |TAMS 0x0000000086200000, 0x0000000086200000| Untracked 
|  98|0x0000000086200000, 0x0000000086300000, 0x0000000086300000|100%| O|  |TAMS 0x0000000086300000, 0x0000000086300000| Untracked 
|  99|0x0000000086300000, 0x0000000086400000, 0x0000000086400000|100%| O|  |TAMS 0x0000000086400000, 0x0000000086400000| Untracked 
| 100|0x0000000086400000, 0x0000000086500000, 0x0000000086500000|100%| O|  |TAMS 0x0000000086500000, 0x0000000086500000| Untracked 
| 101|0x0000000086500000, 0x0000000086600000, 0x0000000086600000|100%| O|  |TAMS 0x0000000086600000, 0x0000000086600000| Untracked 
| 102|0x0000000086600000, 0x0000000086700000, 0x0000000086700000|100%| O|  |TAMS 0x0000000086700000, 0x0000000086700000| Untracked 
| 103|0x0000000086700000, 0x0000000086800000, 0x0000000086800000|100%| O|  |TAMS 0x0000000086800000, 0x0000000086800000| Untracked 
| 104|0x0000000086800000, 0x0000000086900000, 0x0000000086900000|100%| O|  |TAMS 0x0000000086900000, 0x0000000086900000| Untracked 
| 105|0x0000000086900000, 0x0000000086a00000, 0x0000000086a00000|100%| O|  |TAMS 0x0000000086a00000, 0x0000000086a00000| Untracked 
| 106|0x0000000086a00000, 0x0000000086b00000, 0x0000000086b00000|100%| O|  |TAMS 0x0000000086b00000, 0x0000000086b00000| Untracked 
| 107|0x0000000086b00000, 0x0000000086c00000, 0x0000000086c00000|100%| O|  |TAMS 0x0000000086c00000, 0x0000000086c00000| Untracked 
| 108|0x0000000086c00000, 0x0000000086d00000, 0x0000000086d00000|100%| O|  |TAMS 0x0000000086d00000, 0x0000000086d00000| Untracked 
| 109|0x0000000086d00000, 0x0000000086e00000, 0x0000000086e00000|100%| O|  |TAMS 0x0000000086e00000, 0x0000000086e00000| Untracked 
| 110|0x0000000086e00000, 0x0000000086f00000, 0x0000000086f00000|100%| O|  |TAMS 0x0000000086e00000, 0x0000000086f00000| Untracked 
| 111|0x0000000086f00000, 0x0000000087000000, 0x0000000087000000|100%| O|  |TAMS 0x0000000087000000, 0x0000000087000000| Untracked 
| 112|0x0000000087000000, 0x0000000087100000, 0x0000000087100000|100%| O|  |TAMS 0x0000000087100000, 0x0000000087100000| Untracked 
| 113|0x0000000087100000, 0x0000000087200000, 0x0000000087200000|100%| O|  |TAMS 0x0000000087200000, 0x0000000087200000| Untracked 
| 114|0x0000000087200000, 0x0000000087300000, 0x0000000087300000|100%|HS|  |TAMS 0x0000000087300000, 0x0000000087300000| Complete 
| 115|0x0000000087300000, 0x0000000087400000, 0x0000000087400000|100%|HS|  |TAMS 0x0000000087400000, 0x0000000087400000| Complete 
| 116|0x0000000087400000, 0x0000000087500000, 0x0000000087500000|100%|HC|  |TAMS 0x0000000087500000, 0x0000000087500000| Complete 
| 117|0x0000000087500000, 0x0000000087600000, 0x0000000087600000|100%|HC|  |TAMS 0x0000000087600000, 0x0000000087600000| Complete 
| 118|0x0000000087600000, 0x0000000087700000, 0x0000000087700000|100%| O|  |TAMS 0x0000000087700000, 0x0000000087700000| Untracked 
| 119|0x0000000087700000, 0x0000000087800000, 0x0000000087800000|100%| O|  |TAMS 0x0000000087800000, 0x0000000087800000| Untracked 
| 120|0x0000000087800000, 0x0000000087900000, 0x0000000087900000|100%| O|  |TAMS 0x0000000087900000, 0x0000000087900000| Untracked 
| 121|0x0000000087900000, 0x0000000087a00000, 0x0000000087a00000|100%| O|  |TAMS 0x0000000087a00000, 0x0000000087a00000| Untracked 
| 122|0x0000000087a00000, 0x0000000087b00000, 0x0000000087b00000|100%| O|  |TAMS 0x0000000087b00000, 0x0000000087b00000| Untracked 
| 123|0x0000000087b00000, 0x0000000087c00000, 0x0000000087c00000|100%| O|  |TAMS 0x0000000087c00000, 0x0000000087c00000| Untracked 
| 124|0x0000000087c00000, 0x0000000087d00000, 0x0000000087d00000|100%| O|  |TAMS 0x0000000087d00000, 0x0000000087d00000| Untracked 
| 125|0x0000000087d00000, 0x0000000087e00000, 0x0000000087e00000|100%| O|  |TAMS 0x0000000087e00000, 0x0000000087e00000| Untracked 
| 126|0x0000000087e00000, 0x0000000087f00000, 0x0000000087f00000|100%| O|  |TAMS 0x0000000087f00000, 0x0000000087f00000| Untracked 
| 127|0x0000000087f00000, 0x0000000088000000, 0x0000000088000000|100%| O|  |TAMS 0x0000000087f00000, 0x0000000088000000| Untracked 
| 128|0x0000000088000000, 0x0000000088100000, 0x0000000088100000|100%| O|  |TAMS 0x0000000088100000, 0x0000000088100000| Untracked 
| 129|0x0000000088100000, 0x0000000088200000, 0x0000000088200000|100%| O|  |TAMS 0x0000000088200000, 0x0000000088200000| Untracked 
| 130|0x0000000088200000, 0x0000000088300000, 0x0000000088300000|100%|HS|  |TAMS 0x0000000088300000, 0x0000000088300000| Complete 
| 131|0x0000000088300000, 0x0000000088400000, 0x0000000088400000|100%| O|  |TAMS 0x0000000088400000, 0x0000000088400000| Untracked 
| 132|0x0000000088400000, 0x0000000088500000, 0x0000000088500000|100%| O|  |TAMS 0x0000000088500000, 0x0000000088500000| Untracked 
| 133|0x0000000088500000, 0x0000000088600000, 0x0000000088600000|100%| O|  |TAMS 0x0000000088600000, 0x0000000088600000| Untracked 
| 134|0x0000000088600000, 0x0000000088700000, 0x0000000088700000|100%| O|  |TAMS 0x0000000088700000, 0x0000000088700000| Untracked 
| 135|0x0000000088700000, 0x0000000088800000, 0x0000000088800000|100%| O|  |TAMS 0x0000000088800000, 0x0000000088800000| Untracked 
| 136|0x0000000088800000, 0x0000000088900000, 0x0000000088900000|100%| O|  |TAMS 0x0000000088900000, 0x0000000088900000| Untracked 
| 137|0x0000000088900000, 0x0000000088a00000, 0x0000000088a00000|100%| O|  |TAMS 0x0000000088a00000, 0x0000000088a00000| Untracked 
| 138|0x0000000088a00000, 0x0000000088b00000, 0x0000000088b00000|100%| O|  |TAMS 0x0000000088b00000, 0x0000000088b00000| Untracked 
| 139|0x0000000088b00000, 0x0000000088c00000, 0x0000000088c00000|100%| O|  |TAMS 0x0000000088c00000, 0x0000000088c00000| Untracked 
| 140|0x0000000088c00000, 0x0000000088d00000, 0x0000000088d00000|100%| O|  |TAMS 0x0000000088c00000, 0x0000000088d00000| Untracked 
| 141|0x0000000088d00000, 0x0000000088e00000, 0x0000000088e00000|100%| O|  |TAMS 0x0000000088e00000, 0x0000000088e00000| Untracked 
| 142|0x0000000088e00000, 0x0000000088f00000, 0x0000000088f00000|100%| O|  |TAMS 0x0000000088f00000, 0x0000000088f00000| Untracked 
| 143|0x0000000088f00000, 0x0000000089000000, 0x0000000089000000|100%| O|  |TAMS 0x0000000089000000, 0x0000000089000000| Untracked 
| 144|0x0000000089000000, 0x0000000089100000, 0x0000000089100000|100%| O|  |TAMS 0x00000000890aea00, 0x0000000089100000| Untracked 
| 145|0x0000000089100000, 0x0000000089200000, 0x0000000089200000|100%| O|  |TAMS 0x0000000089100000, 0x0000000089200000| Untracked 
| 146|0x0000000089200000, 0x0000000089300000, 0x0000000089300000|100%| O|  |TAMS 0x0000000089200000, 0x0000000089300000| Untracked 
| 147|0x0000000089300000, 0x0000000089400000, 0x0000000089400000|100%| O|  |TAMS 0x0000000089300000, 0x0000000089400000| Untracked 
| 148|0x0000000089400000, 0x0000000089500000, 0x0000000089500000|100%| O|  |TAMS 0x0000000089400000, 0x0000000089500000| Untracked 
| 149|0x0000000089500000, 0x0000000089600000, 0x0000000089600000|100%| O|  |TAMS 0x0000000089500000, 0x0000000089600000| Untracked 
| 150|0x0000000089600000, 0x0000000089700000, 0x0000000089700000|100%| O|  |TAMS 0x0000000089600000, 0x0000000089700000| Untracked 
| 151|0x0000000089700000, 0x0000000089800000, 0x0000000089800000|100%| O|  |TAMS 0x0000000089700000, 0x0000000089800000| Untracked 
| 152|0x0000000089800000, 0x0000000089900000, 0x0000000089900000|100%| O|  |TAMS 0x0000000089800000, 0x0000000089900000| Untracked 
| 153|0x0000000089900000, 0x0000000089a00000, 0x0000000089a00000|100%| O|  |TAMS 0x0000000089900000, 0x0000000089a00000| Untracked 
| 154|0x0000000089a00000, 0x0000000089b00000, 0x0000000089b00000|100%| O|  |TAMS 0x0000000089a00000, 0x0000000089b00000| Untracked 
| 155|0x0000000089b00000, 0x0000000089c00000, 0x0000000089c00000|100%| O|  |TAMS 0x0000000089b00000, 0x0000000089c00000| Untracked 
| 156|0x0000000089c00000, 0x0000000089d00000, 0x0000000089d00000|100%| O|  |TAMS 0x0000000089c00000, 0x0000000089d00000| Untracked 
| 157|0x0000000089d00000, 0x0000000089e00000, 0x0000000089e00000|100%| O|  |TAMS 0x0000000089d00000, 0x0000000089e00000| Untracked 
| 158|0x0000000089e00000, 0x0000000089f00000, 0x0000000089f00000|100%| O|  |TAMS 0x0000000089e00000, 0x0000000089f00000| Untracked 
| 159|0x0000000089f00000, 0x000000008a000000, 0x000000008a000000|100%| O|  |TAMS 0x0000000089f00000, 0x000000008a000000| Untracked 
| 160|0x000000008a000000, 0x000000008a100000, 0x000000008a100000|100%| O|  |TAMS 0x000000008a000000, 0x000000008a100000| Untracked 
| 161|0x000000008a100000, 0x000000008a200000, 0x000000008a200000|100%| O|  |TAMS 0x000000008a100000, 0x000000008a200000| Untracked 
| 162|0x000000008a200000, 0x000000008a300000, 0x000000008a300000|100%| O|  |TAMS 0x000000008a200000, 0x000000008a300000| Untracked 
| 163|0x000000008a300000, 0x000000008a400000, 0x000000008a400000|100%| O|  |TAMS 0x000000008a300000, 0x000000008a400000| Untracked 
| 164|0x000000008a400000, 0x000000008a500000, 0x000000008a500000|100%| O|  |TAMS 0x000000008a400000, 0x000000008a500000| Untracked 
| 165|0x000000008a500000, 0x000000008a600000, 0x000000008a600000|100%| O|  |TAMS 0x000000008a500000, 0x000000008a600000| Untracked 
| 166|0x000000008a600000, 0x000000008a700000, 0x000000008a700000|100%| O|  |TAMS 0x000000008a600000, 0x000000008a700000| Untracked 
| 167|0x000000008a700000, 0x000000008a800000, 0x000000008a800000|100%| O|  |TAMS 0x000000008a700000, 0x000000008a800000| Untracked 
| 168|0x000000008a800000, 0x000000008a900000, 0x000000008a900000|100%| O|  |TAMS 0x000000008a800000, 0x000000008a900000| Untracked 
| 169|0x000000008a900000, 0x000000008aa00000, 0x000000008aa00000|100%| O|  |TAMS 0x000000008a900000, 0x000000008aa00000| Untracked 
| 170|0x000000008aa00000, 0x000000008ab00000, 0x000000008ab00000|100%| O|  |TAMS 0x000000008aa00000, 0x000000008ab00000| Untracked 
| 171|0x000000008ab00000, 0x000000008ac00000, 0x000000008ac00000|100%| O|  |TAMS 0x000000008ab00000, 0x000000008ac00000| Untracked 
| 172|0x000000008ac00000, 0x000000008ad00000, 0x000000008ad00000|100%| O|  |TAMS 0x000000008ac00000, 0x000000008ad00000| Untracked 
| 173|0x000000008ad00000, 0x000000008ae00000, 0x000000008ae00000|100%| O|  |TAMS 0x000000008ad00000, 0x000000008ae00000| Untracked 
| 174|0x000000008ae00000, 0x000000008af00000, 0x000000008af00000|100%| O|  |TAMS 0x000000008ae00000, 0x000000008af00000| Untracked 
| 175|0x000000008af00000, 0x000000008b000000, 0x000000008b000000|100%| O|  |TAMS 0x000000008af00000, 0x000000008b000000| Untracked 
| 176|0x000000008b000000, 0x000000008b100000, 0x000000008b100000|100%| O|  |TAMS 0x000000008b000000, 0x000000008b100000| Untracked 
| 177|0x000000008b100000, 0x000000008b200000, 0x000000008b200000|100%| O|  |TAMS 0x000000008b100000, 0x000000008b200000| Untracked 
| 178|0x000000008b200000, 0x000000008b300000, 0x000000008b300000|100%| O|  |TAMS 0x000000008b200000, 0x000000008b300000| Untracked 
| 179|0x000000008b300000, 0x000000008b400000, 0x000000008b400000|100%| O|  |TAMS 0x000000008b300000, 0x000000008b400000| Untracked 
| 180|0x000000008b400000, 0x000000008b500000, 0x000000008b500000|100%| O|  |TAMS 0x000000008b400000, 0x000000008b500000| Untracked 
| 181|0x000000008b500000, 0x000000008b600000, 0x000000008b600000|100%| O|  |TAMS 0x000000008b500000, 0x000000008b600000| Untracked 
| 182|0x000000008b600000, 0x000000008b700000, 0x000000008b700000|100%| O|  |TAMS 0x000000008b600000, 0x000000008b700000| Untracked 
| 183|0x000000008b700000, 0x000000008b800000, 0x000000008b800000|100%| O|  |TAMS 0x000000008b700000, 0x000000008b800000| Untracked 
| 184|0x000000008b800000, 0x000000008b900000, 0x000000008b900000|100%| O|  |TAMS 0x000000008b800000, 0x000000008b900000| Untracked 
| 185|0x000000008b900000, 0x000000008ba00000, 0x000000008ba00000|100%| O|  |TAMS 0x000000008b900000, 0x000000008ba00000| Untracked 
| 186|0x000000008ba00000, 0x000000008bb00000, 0x000000008bb00000|100%| O|  |TAMS 0x000000008ba00000, 0x000000008bb00000| Untracked 
| 187|0x000000008bb00000, 0x000000008bc00000, 0x000000008bc00000|100%| O|  |TAMS 0x000000008bb00000, 0x000000008bc00000| Untracked 
| 188|0x000000008bc00000, 0x000000008bd00000, 0x000000008bd00000|100%| O|  |TAMS 0x000000008bc00000, 0x000000008bd00000| Untracked 
| 189|0x000000008bd00000, 0x000000008be00000, 0x000000008be00000|100%| O|  |TAMS 0x000000008bd00000, 0x000000008be00000| Untracked 
| 190|0x000000008be00000, 0x000000008bf00000, 0x000000008bf00000|100%| O|  |TAMS 0x000000008be00000, 0x000000008bf00000| Untracked 
| 191|0x000000008bf00000, 0x000000008c000000, 0x000000008c000000|100%| O|  |TAMS 0x000000008bf00000, 0x000000008c000000| Untracked 
| 192|0x000000008c000000, 0x000000008c100000, 0x000000008c100000|100%| O|  |TAMS 0x000000008c000000, 0x000000008c100000| Untracked 
| 193|0x000000008c100000, 0x000000008c200000, 0x000000008c200000|100%| O|  |TAMS 0x000000008c100000, 0x000000008c200000| Untracked 
| 194|0x000000008c200000, 0x000000008c300000, 0x000000008c300000|100%| O|  |TAMS 0x000000008c200000, 0x000000008c300000| Untracked 
| 195|0x000000008c300000, 0x000000008c400000, 0x000000008c400000|100%| O|  |TAMS 0x000000008c300000, 0x000000008c400000| Untracked 
| 196|0x000000008c400000, 0x000000008c500000, 0x000000008c500000|100%| O|  |TAMS 0x000000008c400000, 0x000000008c500000| Untracked 
| 197|0x000000008c500000, 0x000000008c600000, 0x000000008c600000|100%| O|  |TAMS 0x000000008c500000, 0x000000008c600000| Untracked 
| 198|0x000000008c600000, 0x000000008c700000, 0x000000008c700000|100%| O|  |TAMS 0x000000008c600000, 0x000000008c700000| Untracked 
| 199|0x000000008c700000, 0x000000008c800000, 0x000000008c800000|100%| O|  |TAMS 0x000000008c700000, 0x000000008c800000| Untracked 
| 200|0x000000008c800000, 0x000000008c900000, 0x000000008c900000|100%|HS|  |TAMS 0x000000008c800000, 0x000000008c900000| Complete 
| 201|0x000000008c900000, 0x000000008ca00000, 0x000000008ca00000|100%|HC|  |TAMS 0x000000008c900000, 0x000000008ca00000| Complete 
| 202|0x000000008ca00000, 0x000000008cb00000, 0x000000008cb00000|100%| O|  |TAMS 0x000000008ca00000, 0x000000008cb00000| Untracked 
| 203|0x000000008cb00000, 0x000000008cc00000, 0x000000008cc00000|100%| O|  |TAMS 0x000000008cb00000, 0x000000008cc00000| Untracked 
| 204|0x000000008cc00000, 0x000000008cd00000, 0x000000008cd00000|100%| O|  |TAMS 0x000000008cc00000, 0x000000008cd00000| Untracked 
| 205|0x000000008cd00000, 0x000000008ce00000, 0x000000008ce00000|100%| O|  |TAMS 0x000000008cd00000, 0x000000008ce00000| Untracked 
| 206|0x000000008ce00000, 0x000000008cf00000, 0x000000008cf00000|100%| O|  |TAMS 0x000000008ce00000, 0x000000008cf00000| Untracked 
| 207|0x000000008cf00000, 0x000000008d000000, 0x000000008d000000|100%| O|  |TAMS 0x000000008cf00000, 0x000000008d000000| Untracked 
| 208|0x000000008d000000, 0x000000008d100000, 0x000000008d100000|100%| O|  |TAMS 0x000000008d000000, 0x000000008d100000| Untracked 
| 209|0x000000008d100000, 0x000000008d200000, 0x000000008d200000|100%| O|  |TAMS 0x000000008d100000, 0x000000008d200000| Untracked 
| 210|0x000000008d200000, 0x000000008d300000, 0x000000008d300000|100%| O|  |TAMS 0x000000008d200000, 0x000000008d300000| Untracked 
| 211|0x000000008d300000, 0x000000008d400000, 0x000000008d400000|100%| O|  |TAMS 0x000000008d300000, 0x000000008d400000| Untracked 
| 212|0x000000008d400000, 0x000000008d500000, 0x000000008d500000|100%| O|  |TAMS 0x000000008d400000, 0x000000008d500000| Untracked 
| 213|0x000000008d500000, 0x000000008d600000, 0x000000008d600000|100%| O|  |TAMS 0x000000008d500000, 0x000000008d600000| Untracked 
| 214|0x000000008d600000, 0x000000008d700000, 0x000000008d700000|100%| O|  |TAMS 0x000000008d600000, 0x000000008d700000| Untracked 
| 215|0x000000008d700000, 0x000000008d800000, 0x000000008d800000|100%| O|  |TAMS 0x000000008d700000, 0x000000008d800000| Untracked 
| 216|0x000000008d800000, 0x000000008d900000, 0x000000008d900000|100%| O|  |TAMS 0x000000008d800000, 0x000000008d900000| Untracked 
| 217|0x000000008d900000, 0x000000008da00000, 0x000000008da00000|100%| O|  |TAMS 0x000000008d900000, 0x000000008da00000| Untracked 
| 218|0x000000008da00000, 0x000000008db00000, 0x000000008db00000|100%| O|  |TAMS 0x000000008da00000, 0x000000008db00000| Untracked 
| 219|0x000000008db00000, 0x000000008dc00000, 0x000000008dc00000|100%| O|  |TAMS 0x000000008db00000, 0x000000008dc00000| Untracked 
| 220|0x000000008dc00000, 0x000000008dd00000, 0x000000008dd00000|100%| O|  |TAMS 0x000000008dc00000, 0x000000008dd00000| Untracked 
| 221|0x000000008dd00000, 0x000000008de00000, 0x000000008de00000|100%| O|  |TAMS 0x000000008dd00000, 0x000000008de00000| Untracked 
| 222|0x000000008de00000, 0x000000008df00000, 0x000000008df00000|100%| O|  |TAMS 0x000000008de00000, 0x000000008df00000| Untracked 
| 223|0x000000008df00000, 0x000000008e000000, 0x000000008e000000|100%| O|  |TAMS 0x000000008df00000, 0x000000008e000000| Untracked 
| 224|0x000000008e000000, 0x000000008e100000, 0x000000008e100000|100%| O|  |TAMS 0x000000008e000000, 0x000000008e100000| Untracked 
| 225|0x000000008e100000, 0x000000008e200000, 0x000000008e200000|100%| O|  |TAMS 0x000000008e100000, 0x000000008e200000| Untracked 
| 226|0x000000008e200000, 0x000000008e300000, 0x000000008e300000|100%| O|  |TAMS 0x000000008e200000, 0x000000008e300000| Untracked 
| 227|0x000000008e300000, 0x000000008e400000, 0x000000008e400000|100%| O|  |TAMS 0x000000008e300000, 0x000000008e400000| Untracked 
| 228|0x000000008e400000, 0x000000008e500000, 0x000000008e500000|100%|HS|  |TAMS 0x000000008e400000, 0x000000008e500000| Complete 
| 229|0x000000008e500000, 0x000000008e600000, 0x000000008e600000|100%|HC|  |TAMS 0x000000008e500000, 0x000000008e600000| Complete 
| 230|0x000000008e600000, 0x000000008e700000, 0x000000008e700000|100%| O|  |TAMS 0x000000008e600000, 0x000000008e700000| Untracked 
| 231|0x000000008e700000, 0x000000008e800000, 0x000000008e800000|100%| O|  |TAMS 0x000000008e700000, 0x000000008e800000| Untracked 
| 232|0x000000008e800000, 0x000000008e900000, 0x000000008e900000|100%| O|  |TAMS 0x000000008e800000, 0x000000008e900000| Untracked 
| 233|0x000000008e900000, 0x000000008ea00000, 0x000000008ea00000|100%| O|  |TAMS 0x000000008e900000, 0x000000008ea00000| Untracked 
| 234|0x000000008ea00000, 0x000000008eb00000, 0x000000008eb00000|100%| O|  |TAMS 0x000000008ea00000, 0x000000008eb00000| Untracked 
| 235|0x000000008eb00000, 0x000000008ec00000, 0x000000008ec00000|100%| O|  |TAMS 0x000000008eb00000, 0x000000008ec00000| Untracked 
| 236|0x000000008ec00000, 0x000000008ed00000, 0x000000008ed00000|100%| O|  |TAMS 0x000000008ec00000, 0x000000008ed00000| Untracked 
| 237|0x000000008ed00000, 0x000000008ee00000, 0x000000008ee00000|100%| O|  |TAMS 0x000000008ed00000, 0x000000008ee00000| Untracked 
| 238|0x000000008ee00000, 0x000000008ef00000, 0x000000008ef00000|100%| O|  |TAMS 0x000000008ee00000, 0x000000008ef00000| Untracked 
| 239|0x000000008ef00000, 0x000000008f000000, 0x000000008f000000|100%| O|  |TAMS 0x000000008ef00000, 0x000000008f000000| Untracked 
| 240|0x000000008f000000, 0x000000008f100000, 0x000000008f100000|100%| O|  |TAMS 0x000000008f000000, 0x000000008f100000| Untracked 
| 241|0x000000008f100000, 0x000000008f200000, 0x000000008f200000|100%| O|  |TAMS 0x000000008f100000, 0x000000008f200000| Untracked 
| 242|0x000000008f200000, 0x000000008f300000, 0x000000008f300000|100%| O|  |TAMS 0x000000008f200000, 0x000000008f300000| Untracked 
| 243|0x000000008f300000, 0x000000008f400000, 0x000000008f400000|100%| O|  |TAMS 0x000000008f300000, 0x000000008f400000| Untracked 
| 244|0x000000008f400000, 0x000000008f500000, 0x000000008f500000|100%| O|  |TAMS 0x000000008f400000, 0x000000008f500000| Untracked 
| 245|0x000000008f500000, 0x000000008f600000, 0x000000008f600000|100%| O|  |TAMS 0x000000008f500000, 0x000000008f600000| Untracked 
| 246|0x000000008f600000, 0x000000008f700000, 0x000000008f700000|100%| O|  |TAMS 0x000000008f600000, 0x000000008f700000| Untracked 
| 247|0x000000008f700000, 0x000000008f800000, 0x000000008f800000|100%| O|  |TAMS 0x000000008f700000, 0x000000008f800000| Untracked 
| 248|0x000000008f800000, 0x000000008f900000, 0x000000008f900000|100%| O|  |TAMS 0x000000008f800000, 0x000000008f900000| Untracked 
| 249|0x000000008f900000, 0x000000008fa00000, 0x000000008fa00000|100%| O|  |TAMS 0x000000008f900000, 0x000000008fa00000| Untracked 
| 250|0x000000008fa00000, 0x000000008fb00000, 0x000000008fb00000|100%| O|  |TAMS 0x000000008fa00000, 0x000000008fb00000| Untracked 
| 251|0x000000008fb00000, 0x000000008fc00000, 0x000000008fc00000|100%| O|  |TAMS 0x000000008fb00000, 0x000000008fc00000| Untracked 
| 252|0x000000008fc00000, 0x000000008fd00000, 0x000000008fd00000|100%| O|  |TAMS 0x000000008fc00000, 0x000000008fd00000| Untracked 
| 253|0x000000008fd00000, 0x000000008fe00000, 0x000000008fe00000|100%| O|  |TAMS 0x000000008fd00000, 0x000000008fe00000| Untracked 
| 254|0x000000008fe00000, 0x000000008ff00000, 0x000000008ff00000|100%| O|  |TAMS 0x000000008fe00000, 0x000000008ff00000| Untracked 
| 255|0x000000008ff00000, 0x000000008ff26000, 0x0000000090000000| 14%| O|  |TAMS 0x000000008ff00000, 0x000000008ff26000| Untracked 
| 256|0x0000000090000000, 0x0000000090100000, 0x0000000090100000|100%|HS|  |TAMS 0x0000000090000000, 0x0000000090100000| Complete 
| 257|0x0000000090100000, 0x0000000090200000, 0x0000000090200000|100%|HC|  |TAMS 0x0000000090100000, 0x0000000090200000| Complete 
| 258|0x0000000090200000, 0x0000000090300000, 0x0000000090300000|100%| O|  |TAMS 0x0000000090200000, 0x0000000090300000| Untracked 
| 259|0x0000000090300000, 0x0000000090400000, 0x0000000090400000|100%| O|  |TAMS 0x0000000090300000, 0x0000000090400000| Untracked 
| 260|0x0000000090400000, 0x0000000090400000, 0x0000000090500000|  0%| F|  |TAMS 0x0000000090400000, 0x0000000090400000| Untracked 
| 261|0x0000000090500000, 0x0000000090500000, 0x0000000090600000|  0%| F|  |TAMS 0x0000000090500000, 0x0000000090500000| Untracked 
| 262|0x0000000090600000, 0x0000000090600000, 0x0000000090700000|  0%| F|  |TAMS 0x0000000090600000, 0x0000000090600000| Untracked 
| 263|0x0000000090700000, 0x0000000090700000, 0x0000000090800000|  0%| F|  |TAMS 0x0000000090700000, 0x0000000090700000| Untracked 
| 264|0x0000000090800000, 0x0000000090800000, 0x0000000090900000|  0%| F|  |TAMS 0x0000000090800000, 0x0000000090800000| Untracked 
| 265|0x0000000090900000, 0x0000000090900000, 0x0000000090a00000|  0%| F|  |TAMS 0x0000000090900000, 0x0000000090900000| Untracked 
| 266|0x0000000090a00000, 0x0000000090a00000, 0x0000000090b00000|  0%| F|  |TAMS 0x0000000090a00000, 0x0000000090a00000| Untracked 
| 267|0x0000000090b00000, 0x0000000090b00000, 0x0000000090c00000|  0%| F|  |TAMS 0x0000000090b00000, 0x0000000090b00000| Untracked 
| 268|0x0000000090c00000, 0x0000000090c00000, 0x0000000090d00000|  0%| F|  |TAMS 0x0000000090c00000, 0x0000000090c00000| Untracked 
| 269|0x0000000090d00000, 0x0000000090d00000, 0x0000000090e00000|  0%| F|  |TAMS 0x0000000090d00000, 0x0000000090d00000| Untracked 
| 270|0x0000000090e00000, 0x0000000090e00000, 0x0000000090f00000|  0%| F|  |TAMS 0x0000000090e00000, 0x0000000090e00000| Untracked 
| 271|0x0000000090f00000, 0x0000000090f00000, 0x0000000091000000|  0%| F|  |TAMS 0x0000000090f00000, 0x0000000090f00000| Untracked 
| 272|0x0000000091000000, 0x0000000091000000, 0x0000000091100000|  0%| F|  |TAMS 0x0000000091000000, 0x0000000091000000| Untracked 
| 273|0x0000000091100000, 0x0000000091100000, 0x0000000091200000|  0%| F|  |TAMS 0x0000000091100000, 0x0000000091100000| Untracked 
| 274|0x0000000091200000, 0x0000000091200000, 0x0000000091300000|  0%| F|  |TAMS 0x0000000091200000, 0x0000000091200000| Untracked 
| 275|0x0000000091300000, 0x0000000091300000, 0x0000000091400000|  0%| F|  |TAMS 0x0000000091300000, 0x0000000091300000| Untracked 
| 276|0x0000000091400000, 0x0000000091400000, 0x0000000091500000|  0%| F|  |TAMS 0x0000000091400000, 0x0000000091400000| Untracked 
| 277|0x0000000091500000, 0x0000000091500000, 0x0000000091600000|  0%| F|  |TAMS 0x0000000091500000, 0x0000000091500000| Untracked 
| 278|0x0000000091600000, 0x0000000091600000, 0x0000000091700000|  0%| F|  |TAMS 0x0000000091600000, 0x0000000091600000| Untracked 
| 279|0x0000000091700000, 0x0000000091700000, 0x0000000091800000|  0%| F|  |TAMS 0x0000000091700000, 0x0000000091700000| Untracked 
| 280|0x0000000091800000, 0x0000000091800000, 0x0000000091900000|  0%| F|  |TAMS 0x0000000091800000, 0x0000000091800000| Untracked 
| 281|0x0000000091900000, 0x0000000091900000, 0x0000000091a00000|  0%| F|  |TAMS 0x0000000091900000, 0x0000000091900000| Untracked 
| 282|0x0000000091a00000, 0x0000000091a00000, 0x0000000091b00000|  0%| F|  |TAMS 0x0000000091a00000, 0x0000000091a00000| Untracked 
| 283|0x0000000091b00000, 0x0000000091b00000, 0x0000000091c00000|  0%| F|  |TAMS 0x0000000091b00000, 0x0000000091b00000| Untracked 
| 284|0x0000000091c00000, 0x0000000091c00000, 0x0000000091d00000|  0%| F|  |TAMS 0x0000000091c00000, 0x0000000091c00000| Untracked 
| 285|0x0000000091d00000, 0x0000000091d00000, 0x0000000091e00000|  0%| F|  |TAMS 0x0000000091d00000, 0x0000000091d00000| Untracked 
| 286|0x0000000091e00000, 0x0000000091e00000, 0x0000000091f00000|  0%| F|  |TAMS 0x0000000091e00000, 0x0000000091e00000| Untracked 
| 287|0x0000000091f00000, 0x0000000091f00000, 0x0000000092000000|  0%| F|  |TAMS 0x0000000091f00000, 0x0000000091f00000| Untracked 
| 288|0x0000000092000000, 0x0000000092000000, 0x0000000092100000|  0%| F|  |TAMS 0x0000000092000000, 0x0000000092000000| Untracked 
| 289|0x0000000092100000, 0x0000000092100000, 0x0000000092200000|  0%| F|  |TAMS 0x0000000092100000, 0x0000000092100000| Untracked 
| 290|0x0000000092200000, 0x0000000092200000, 0x0000000092300000|  0%| F|  |TAMS 0x0000000092200000, 0x0000000092200000| Untracked 
| 291|0x0000000092300000, 0x0000000092300000, 0x0000000092400000|  0%| F|  |TAMS 0x0000000092300000, 0x0000000092300000| Untracked 
| 292|0x0000000092400000, 0x0000000092400000, 0x0000000092500000|  0%| F|  |TAMS 0x0000000092400000, 0x0000000092400000| Untracked 
| 293|0x0000000092500000, 0x0000000092500000, 0x0000000092600000|  0%| F|  |TAMS 0x0000000092500000, 0x0000000092500000| Untracked 
| 294|0x0000000092600000, 0x0000000092600000, 0x0000000092700000|  0%| F|  |TAMS 0x0000000092600000, 0x0000000092600000| Untracked 
| 295|0x0000000092700000, 0x0000000092700000, 0x0000000092800000|  0%| F|  |TAMS 0x0000000092700000, 0x0000000092700000| Untracked 
| 296|0x0000000092800000, 0x0000000092800000, 0x0000000092900000|  0%| F|  |TAMS 0x0000000092800000, 0x0000000092800000| Untracked 
| 297|0x0000000092900000, 0x0000000092900000, 0x0000000092a00000|  0%| F|  |TAMS 0x0000000092900000, 0x0000000092900000| Untracked 
| 298|0x0000000092a00000, 0x0000000092a00000, 0x0000000092b00000|  0%| F|  |TAMS 0x0000000092a00000, 0x0000000092a00000| Untracked 
| 299|0x0000000092b00000, 0x0000000092b00000, 0x0000000092c00000|  0%| F|  |TAMS 0x0000000092b00000, 0x0000000092b00000| Untracked 
| 300|0x0000000092c00000, 0x0000000092c00000, 0x0000000092d00000|  0%| F|  |TAMS 0x0000000092c00000, 0x0000000092c00000| Untracked 
| 301|0x0000000092d00000, 0x0000000092d00000, 0x0000000092e00000|  0%| F|  |TAMS 0x0000000092d00000, 0x0000000092d00000| Untracked 
| 302|0x0000000092e00000, 0x0000000092e67578, 0x0000000092f00000| 40%| S|CS|TAMS 0x0000000092e00000, 0x0000000092e00000| Complete 
| 303|0x0000000092f00000, 0x0000000093000000, 0x0000000093000000|100%| S|CS|TAMS 0x0000000092f00000, 0x0000000092f00000| Complete 
| 304|0x0000000093000000, 0x0000000093000000, 0x0000000093100000|  0%| F|  |TAMS 0x0000000093000000, 0x0000000093000000| Untracked 
| 305|0x0000000093100000, 0x0000000093100000, 0x0000000093200000|  0%| F|  |TAMS 0x0000000093100000, 0x0000000093100000| Untracked 
| 306|0x0000000093200000, 0x0000000093200000, 0x0000000093300000|  0%| F|  |TAMS 0x0000000093200000, 0x0000000093200000| Untracked 
| 307|0x0000000093300000, 0x0000000093300000, 0x0000000093400000|  0%| F|  |TAMS 0x0000000093300000, 0x0000000093300000| Untracked 
| 308|0x0000000093400000, 0x0000000093400000, 0x0000000093500000|  0%| F|  |TAMS 0x0000000093400000, 0x0000000093400000| Untracked 
| 309|0x0000000093500000, 0x0000000093500000, 0x0000000093600000|  0%| F|  |TAMS 0x0000000093500000, 0x0000000093500000| Untracked 
| 310|0x0000000093600000, 0x0000000093600000, 0x0000000093700000|  0%| F|  |TAMS 0x0000000093600000, 0x0000000093600000| Untracked 
| 311|0x0000000093700000, 0x0000000093700000, 0x0000000093800000|  0%| F|  |TAMS 0x0000000093700000, 0x0000000093700000| Untracked 
| 312|0x0000000093800000, 0x0000000093800000, 0x0000000093900000|  0%| F|  |TAMS 0x0000000093800000, 0x0000000093800000| Untracked 
| 313|0x0000000093900000, 0x0000000093900000, 0x0000000093a00000|  0%| F|  |TAMS 0x0000000093900000, 0x0000000093900000| Untracked 
| 314|0x0000000093a00000, 0x0000000093a00000, 0x0000000093b00000|  0%| F|  |TAMS 0x0000000093a00000, 0x0000000093a00000| Untracked 
| 315|0x0000000093b00000, 0x0000000093b00000, 0x0000000093c00000|  0%| F|  |TAMS 0x0000000093b00000, 0x0000000093b00000| Untracked 
| 316|0x0000000093c00000, 0x0000000093c00000, 0x0000000093d00000|  0%| F|  |TAMS 0x0000000093c00000, 0x0000000093c00000| Untracked 
| 317|0x0000000093d00000, 0x0000000093d00000, 0x0000000093e00000|  0%| F|  |TAMS 0x0000000093d00000, 0x0000000093d00000| Untracked 
| 318|0x0000000093e00000, 0x0000000093e00000, 0x0000000093f00000|  0%| F|  |TAMS 0x0000000093e00000, 0x0000000093e00000| Untracked 
| 319|0x0000000093f00000, 0x0000000093f00000, 0x0000000094000000|  0%| F|  |TAMS 0x0000000093f00000, 0x0000000093f00000| Untracked 
| 320|0x0000000094000000, 0x0000000094000000, 0x0000000094100000|  0%| F|  |TAMS 0x0000000094000000, 0x0000000094000000| Untracked 
| 321|0x0000000094100000, 0x0000000094100000, 0x0000000094200000|  0%| F|  |TAMS 0x0000000094100000, 0x0000000094100000| Untracked 
| 322|0x0000000094200000, 0x0000000094200000, 0x0000000094300000|  0%| F|  |TAMS 0x0000000094200000, 0x0000000094200000| Untracked 
| 323|0x0000000094300000, 0x0000000094300000, 0x0000000094400000|  0%| F|  |TAMS 0x0000000094300000, 0x0000000094300000| Untracked 
| 324|0x0000000094400000, 0x0000000094400000, 0x0000000094500000|  0%| F|  |TAMS 0x0000000094400000, 0x0000000094400000| Untracked 
| 325|0x0000000094500000, 0x0000000094500000, 0x0000000094600000|  0%| F|  |TAMS 0x0000000094500000, 0x0000000094500000| Untracked 
| 326|0x0000000094600000, 0x0000000094600000, 0x0000000094700000|  0%| F|  |TAMS 0x0000000094600000, 0x0000000094600000| Untracked 
| 327|0x0000000094700000, 0x0000000094800000, 0x0000000094800000|100%| E|  |TAMS 0x0000000094700000, 0x0000000094700000| Complete 
| 328|0x0000000094800000, 0x0000000094900000, 0x0000000094900000|100%| E|CS|TAMS 0x0000000094800000, 0x0000000094800000| Complete 
| 329|0x0000000094900000, 0x0000000094a00000, 0x0000000094a00000|100%| E|CS|TAMS 0x0000000094900000, 0x0000000094900000| Complete 
| 330|0x0000000094a00000, 0x0000000094b00000, 0x0000000094b00000|100%| E|CS|TAMS 0x0000000094a00000, 0x0000000094a00000| Complete 
| 331|0x0000000094b00000, 0x0000000094c00000, 0x0000000094c00000|100%| E|CS|TAMS 0x0000000094b00000, 0x0000000094b00000| Complete 
| 332|0x0000000094c00000, 0x0000000094d00000, 0x0000000094d00000|100%| E|CS|TAMS 0x0000000094c00000, 0x0000000094c00000| Complete 
| 333|0x0000000094d00000, 0x0000000094e00000, 0x0000000094e00000|100%| E|CS|TAMS 0x0000000094d00000, 0x0000000094d00000| Complete 

Card table byte_map: [0x000001fe71b80000,0x000001fe71f80000] _byte_map_base: 0x000001fe71780000

Marking Bits (Prev, Next): (CMBitMap*) 0x000001fe6a13ac10, (CMBitMap*) 0x000001fe6a13abd8
 Prev Bits: [0x000001fe74380000, 0x000001fe76380000)
 Next Bits: [0x000001fe72380000, 0x000001fe74380000)

Polling page: 0x000001fe68040000

Metaspace:

Usage:
  Non-class:    119.85 MB capacity,   116.80 MB ( 97%) used,     2.59 MB (  2%) free+waste,   466.38 KB ( <1%) overhead. 
      Class:     19.35 MB capacity,    17.48 MB ( 90%) used,     1.65 MB (  9%) free+waste,   220.13 KB (  1%) overhead. 
       Both:    139.19 MB capacity,   134.28 MB ( 96%) used,     4.24 MB (  3%) free+waste,   686.50 KB ( <1%) overhead. 

Virtual space:
  Non-class space:      126.00 MB reserved,     119.87 MB ( 95%) committed 
      Class space:      504.00 MB reserved,      19.41 MB (  4%) committed 
             Both:      630.00 MB reserved,     139.28 MB ( 22%) committed 

Chunk freelists:
   Non-Class:  3.25 KB
       Class:  0 bytes
        Both:  5.75 KB

CodeHeap 'non-profiled nmethods': size=120064Kb used=14867Kb max_used=15204Kb free=105196Kb
 bounds [0x000001fe07ac0000, 0x000001fe089a0000, 0x000001fe0f000000]
CodeHeap 'profiled nmethods': size=120000Kb used=42551Kb max_used=42986Kb free=77448Kb
 bounds [0x000001fe00590000, 0x000001fe03010000, 0x000001fe07ac0000]
CodeHeap 'non-nmethods': size=5696Kb used=2370Kb max_used=2430Kb free=3325Kb
 bounds [0x000001fe00000000, 0x000001fe00270000, 0x000001fe00590000]
 total_blobs=19450 nmethods=18449 adapters=911
 compilation: enabled
              stopped_count=0, restarted_count=0
 full_count=0

Compilation events (10 events):
Event: 73.291 Thread 0x000001fe7889e800 21440       3       com.android.tools.r8.graph.j::B0 (8 bytes)
Event: 73.292 Thread 0x000001fe7889e800 nmethod 21440 0x000001fe015a6710 code [0x000001fe015a6940, 0x000001fe015a72d8]
Event: 73.330 Thread 0x000001fe7889a000 nmethod 21439 0x000001fe0848c690 code [0x000001fe0848c920, 0x000001fe0848ef70]
Event: 73.344 Thread 0x000001fe7e8d9000 21442       4       jdk.internal.org.objectweb.asm.MethodWriter::visitMaxs (1144 bytes)
Event: 73.344 Thread 0x000001fe7889a000 21443       4       jdk.internal.org.objectweb.asm.MethodWriter::getSize (838 bytes)
Event: 73.349 Thread 0x000001fe7889a000 nmethod 21443 0x000001fe08409610 code [0x000001fe084097e0, 0x000001fe08409cc8]
Event: 73.351 Thread 0x000001fe7889a000 21444       4       java.lang.invoke.MethodTypeForm::unpack (30 bytes)
Event: 73.351 Thread 0x000001fe7889a000 nmethod 21444 0x000001fe08409390 code [0x000001fe08409500, 0x000001fe08409558]
Event: 73.351 Thread 0x000001fe7889a000 21445       4       jdk.internal.org.objectweb.asm.MethodWriter::put (1602 bytes)
Event: 73.382 Thread 0x000001fe7889a000 nmethod 21445 0x000001fe0845e710 code [0x000001fe0845ea60, 0x000001fe08460ba8]

GC Heap History (10 events):
Event: 66.866 GC heap before
{Heap before GC invocations=57 (full 0):
 garbage-first heap   total 342016K, used 293880K [0x0000000080000000, 0x0000000100000000)
  region size 1024K, 58 young (59392K), 7 survivors (7168K)
 Metaspace       used 128689K, capacity 133383K, committed 133660K, reserved 632832K
  class space    used 16654K, capacity 18465K, committed 18592K, reserved 516096K
}
Event: 66.883 GC heap after
{Heap after GC invocations=58 (full 0):
 garbage-first heap   total 342016K, used 252860K [0x0000000080000000, 0x0000000100000000)
  region size 1024K, 8 young (8192K), 8 survivors (8192K)
 Metaspace       used 128689K, capacity 133383K, committed 133660K, reserved 632832K
  class space    used 16654K, capacity 18465K, committed 18592K, reserved 516096K
}
Event: 69.370 GC heap before
{Heap before GC invocations=58 (full 0):
 garbage-first heap   total 342016K, used 294844K [0x0000000080000000, 0x0000000100000000)
  region size 1024K, 46 young (47104K), 8 survivors (8192K)
 Metaspace       used 129359K, capacity 134038K, committed 134172K, reserved 632832K
  class space    used 16735K, capacity 18535K, committed 18592K, reserved 516096K
}
Event: 69.382 GC heap after
{Heap after GC invocations=59 (full 0):
 garbage-first heap   total 342016K, used 257714K [0x0000000080000000, 0x0000000100000000)
  region size 1024K, 5 young (5120K), 5 survivors (5120K)
 Metaspace       used 129359K, capacity 134038K, committed 134172K, reserved 632832K
  class space    used 16735K, capacity 18535K, committed 18592K, reserved 516096K
}
Event: 71.004 GC heap before
{Heap before GC invocations=59 (full 0):
 garbage-first heap   total 342016K, used 291506K [0x0000000080000000, 0x0000000100000000)
  region size 1024K, 39 young (39936K), 5 survivors (5120K)
 Metaspace       used 129740K, capacity 134591K, committed 134812K, reserved 632832K
  class space    used 16780K, capacity 18618K, committed 18720K, reserved 516096K
}
Event: 71.010 GC heap after
{Heap after GC invocations=60 (full 0):
 garbage-first heap   total 342016K, used 260096K [0x0000000080000000, 0x0000000100000000)
  region size 1024K, 3 young (3072K), 3 survivors (3072K)
 Metaspace       used 129740K, capacity 134591K, committed 134812K, reserved 632832K
  class space    used 16780K, capacity 18618K, committed 18720K, reserved 516096K
}
Event: 72.085 GC heap before
{Heap before GC invocations=60 (full 0):
 garbage-first heap   total 342016K, used 300032K [0x0000000080000000, 0x0000000100000000)
  region size 1024K, 37 young (37888K), 3 survivors (3072K)
 Metaspace       used 131269K, capacity 136120K, committed 136220K, reserved 634880K
  class space    used 16999K, capacity 18829K, committed 18848K, reserved 516096K
}
Event: 72.091 GC heap after
{Heap after GC invocations=61 (full 0):
 garbage-first heap   total 342016K, used 265712K [0x0000000080000000, 0x0000000100000000)
  region size 1024K, 4 young (4096K), 4 survivors (4096K)
 Metaspace       used 131269K, capacity 136120K, committed 136220K, reserved 634880K
  class space    used 16999K, capacity 18829K, committed 18848K, reserved 516096K
}
Event: 73.203 GC heap before
{Heap before GC invocations=61 (full 0):
 garbage-first heap   total 342016K, used 295408K [0x0000000080000000, 0x0000000100000000)
  region size 1024K, 34 young (34816K), 4 survivors (4096K)
 Metaspace       used 136298K, capacity 141271K, committed 141340K, reserved 645120K
  class space    used 17683K, capacity 19600K, committed 19616K, reserved 516096K
}
Event: 73.208 GC heap after
{Heap after GC invocations=62 (full 0):
 garbage-first heap   total 342016K, used 266805K [0x0000000080000000, 0x0000000100000000)
  region size 1024K, 2 young (2048K), 2 survivors (2048K)
 Metaspace       used 136298K, capacity 141271K, committed 141340K, reserved 645120K
  class space    used 17683K, capacity 19600K, committed 19616K, reserved 516096K
}

Deoptimization events (10 events):
Event: 71.159 Thread 0x000001fe7c682000 Uncommon trap: reason=class_check action=maybe_recompile pc=0x000001fe0813e1d4 method=org.gradle.api.internal.artifacts.transform.DefaultTransformerInvocationFactory$ImmutableTransformerExecution.identify(Ljava/util/Map;Ljava/util/Map;)Lorg/gradle/interna
Event: 71.160 Thread 0x000001fe7c682000 Uncommon trap: reason=class_check action=maybe_recompile pc=0x000001fe0813e1d4 method=org.gradle.api.internal.artifacts.transform.DefaultTransformerInvocationFactory$ImmutableTransformerExecution.identify(Ljava/util/Map;Ljava/util/Map;)Lorg/gradle/interna
Event: 71.161 Thread 0x000001fe7c682000 Uncommon trap: reason=class_check action=maybe_recompile pc=0x000001fe0813e1d4 method=org.gradle.api.internal.artifacts.transform.DefaultTransformerInvocationFactory$ImmutableTransformerExecution.identify(Ljava/util/Map;Ljava/util/Map;)Lorg/gradle/interna
Event: 71.242 Thread 0x000001fe7c682000 Uncommon trap: reason=unstable_if action=reinterpret pc=0x000001fe07af14ac method=java.util.zip.ZipFile$Source.getEntryPos([BZ)I @ 105 c2
Event: 71.356 Thread 0x000001fe7c682000 Uncommon trap: reason=unstable_if action=reinterpret pc=0x000001fe07ca1ae0 method=java.util.zip.ZipFile$ZipEntryIterator.hasNext()Z @ 8 c2
Event: 71.424 Thread 0x000001fe7c682000 Uncommon trap: reason=unstable_if action=reinterpret pc=0x000001fe0838f380 method=com.android.tools.r8.utils.D.a(Ljava/lang/String;)Z @ 24 c2
Event: 71.576 Thread 0x000001fe7c682000 Uncommon trap: reason=unstable_if action=reinterpret pc=0x000001fe08487b94 method=java.util.concurrent.ConcurrentHashMap.putVal(Ljava/lang/Object;Ljava/lang/Object;Z)Ljava/lang/Object; @ 162 c2
Event: 71.576 Thread 0x000001fe7c682000 Uncommon trap: reason=unstable_if action=reinterpret pc=0x000001fe07fb2064 method=com.google.common.collect.MapMakerInternalMap$Segment.getEntry(Ljava/lang/Object;I)Lcom/google/common/collect/MapMakerInternalMap$InternalEntry; @ 63 c2
Event: 71.576 Thread 0x000001fe7c682000 Uncommon trap: reason=unstable_if action=reinterpret pc=0x000001fe0805b41c method=com.google.common.collect.MapMakerInternalMap$Segment.put(Ljava/lang/Object;ILjava/lang/Object;Z)Ljava/lang/Object; @ 92 c2
Event: 72.107 Thread 0x000001fe7c682000 Uncommon trap: reason=unstable_if action=reinterpret pc=0x000001fe0801c6a8 method=java.util.stream.StreamOpFlag.getMask(I)I @ 1 c2

Classes redefined (0 events):
No events

Internal exceptions (10 events):
Event: 71.785 Thread 0x000001fe7c682000 Exception <a 'sun/nio/fs/WindowsException'{0x00000000930f8778}> (0x00000000930f8778) thrown at [./open/src/hotspot/share/prims/jni.cpp, line 611]
Event: 71.946 Thread 0x000001fe7c682000 Exception <a 'java/lang/NoSuchMethodError'{0x0000000092d4e050}: java.lang.invoke.DirectMethodHandle$Holder.newInvokeSpecial(Ljava/lang/Object;I)Ljava/lang/Object;> (0x0000000092d4e050) thrown at [./open/src/hotspot/share/interpreter/linkResolver.cpp, line
Event: 72.407 Thread 0x000001fe7c682000 Exception <a 'java/lang/NoSuchMethodError'{0x0000000094855a50}: java.lang.invoke.DirectMethodHandle$Holder.invokeStaticInit(Ljava/lang/Object;Ljava/lang/Object;Ljava/lang/Object;Ljava/lang/Object;Ljava/lang/Object;Ljava/lang/Object;Ljava/lang/Object;Ljava
Event: 72.456 Thread 0x000001fe7c682000 Exception <a 'java/lang/IncompatibleClassChangeError'{0x00000000947b1af0}: Found class java.lang.Object, but interface was expected> (0x00000000947b1af0) thrown at [./open/src/hotspot/share/interpreter/linkResolver.cpp, line 838]
Event: 72.830 Thread 0x000001fe7c682000 Exception <a 'java/lang/NoSuchMethodError'{0x0000000093ddc438}: java.lang.invoke.DirectMethodHandle$Holder.invokeStatic(Ljava/lang/Object;Ljava/lang/Object;Ljava/lang/Object;I)V> (0x0000000093ddc438) thrown at [./open/src/hotspot/share/interpreter/linkRes
Event: 72.832 Thread 0x000001fe7c682000 Exception <a 'java/lang/IncompatibleClassChangeError'{0x0000000093de8398}: Found class java.lang.Object, but interface was expected> (0x0000000093de8398) thrown at [./open/src/hotspot/share/interpreter/linkResolver.cpp, line 838]
Event: 73.062 Thread 0x000001fe7c682000 Exception <a 'java/lang/NoSuchMethodError'{0x00000000936b09a8}: java.lang.invoke.DirectMethodHandle$Holder.invokeStatic(Ljava/lang/Object;ILjava/lang/Object;Ljava/lang/Object;)Ljava/lang/Object;> (0x00000000936b09a8) thrown at [./open/src/hotspot/share/in
Event: 73.227 Thread 0x000001fe7c682000 Exception <a 'java/lang/IncompatibleClassChangeError'{0x0000000094c08bc0}: Found class java.lang.Object, but interface was expected> (0x0000000094c08bc0) thrown at [./open/src/hotspot/share/interpreter/linkResolver.cpp, line 838]
Event: 73.227 Thread 0x000001fe7c682000 Exception <a 'java/lang/IncompatibleClassChangeError'{0x0000000094c13cb0}: Found class java.lang.Object, but interface was expected> (0x0000000094c13cb0) thrown at [./open/src/hotspot/share/interpreter/linkResolver.cpp, line 838]
Event: 73.336 Thread 0x000001fe7c682000 Exception <a 'java/lang/NoSuchMethodError'{0x00000000949fb558}: java.lang.invoke.DirectMethodHandle$Holder.invokeSpecial(Ljava/lang/Object;Ljava/lang/Object;ILjava/lang/Object;)V> (0x00000000949fb558) thrown at [./open/src/hotspot/share/interpreter/linkRe

Events (10 events):
Event: 73.362 loading class com/android/tools/r8/internal/tm
Event: 73.362 loading class com/android/tools/r8/internal/tm done
Event: 73.362 loading class com/android/tools/r8/internal/Tn
Event: 73.362 loading class com/android/tools/r8/internal/Tn done
Event: 73.363 loading class com/android/tools/r8/internal/X3
Event: 73.363 loading class com/android/tools/r8/internal/X3 done
Event: 73.364 loading class com/android/tools/r8/internal/FW
Event: 73.364 loading class com/android/tools/r8/internal/FW done
Event: 73.364 loading class com/android/tools/r8/internal/XX
Event: 73.364 loading class com/android/tools/r8/internal/XX done


Dynamic libraries:
0x00007ff7f3d20000 - 0x00007ff7f3d2f000 	C:\Program Files\Java\jdk-11.0.14\bin\java.exe
0x00007ffc61090000 - 0x00007ffc61288000 	C:\WINDOWS\SYSTEM32\ntdll.dll
0x00007ffc5f0f0000 - 0x00007ffc5f1af000 	C:\WINDOWS\System32\KERNEL32.DLL
0x00007ffc5e9b0000 - 0x00007ffc5eca6000 	C:\WINDOWS\System32\KERNELBASE.dll
0x00007ffc5e770000 - 0x00007ffc5e870000 	C:\WINDOWS\System32\ucrtbase.dll
0x00007ffc54260000 - 0x00007ffc54278000 	C:\Program Files\Java\jdk-11.0.14\bin\jli.dll
0x00007ffc5f7f0000 - 0x00007ffc5f89f000 	C:\WINDOWS\System32\ADVAPI32.dll
0x00007ffc524e0000 - 0x00007ffc524f5000 	C:\Program Files\Java\jdk-11.0.14\bin\VCRUNTIME140.dll
0x00007ffc5f290000 - 0x00007ffc5f32e000 	C:\WINDOWS\System32\msvcrt.dll
0x00007ffc60d60000 - 0x00007ffc60dfc000 	C:\WINDOWS\System32\sechost.dll
0x00007ffc5f5b0000 - 0x00007ffc5f6d6000 	C:\WINDOWS\System32\RPCRT4.dll
0x00007ffc60660000 - 0x00007ffc607fd000 	C:\WINDOWS\System32\USER32.dll
0x00007ffc5ed40000 - 0x00007ffc5ed62000 	C:\WINDOWS\System32\win32u.dll
0x00007ffc428f0000 - 0x00007ffc42b8a000 	C:\WINDOWS\WinSxS\amd64_microsoft.windows.common-controls_6595b64144ccf1df_6.0.19041.1110_none_60b5254171f9507e\COMCTL32.dll
0x00007ffc5f390000 - 0x00007ffc5f3bc000 	C:\WINDOWS\System32\GDI32.dll
0x00007ffc5efd0000 - 0x00007ffc5f0e5000 	C:\WINDOWS\System32\gdi32full.dll
0x00007ffc5e870000 - 0x00007ffc5e90d000 	C:\WINDOWS\System32\msvcp_win.dll
0x00007ffc5c540000 - 0x00007ffc5c54a000 	C:\WINDOWS\SYSTEM32\VERSION.dll
0x00007ffc5f6e0000 - 0x00007ffc5f710000 	C:\WINDOWS\System32\IMM32.DLL
0x00007ffc00f70000 - 0x00007ffc0100b000 	C:\Program Files\Java\jdk-11.0.14\bin\msvcp140.dll
0x00007ffbe3e20000 - 0x00007ffbe4936000 	C:\Program Files\Java\jdk-11.0.14\bin\server\jvm.dll
0x00007ffc5f1d0000 - 0x00007ffc5f1d8000 	C:\WINDOWS\System32\PSAPI.DLL
0x00007ffc56bd0000 - 0x00007ffc56bd9000 	C:\WINDOWS\SYSTEM32\WSOCK32.dll
0x00007ffc5f470000 - 0x00007ffc5f4db000 	C:\WINDOWS\System32\WS2_32.dll
0x00007ffc56000000 - 0x00007ffc56027000 	C:\WINDOWS\SYSTEM32\WINMM.dll
0x00007ffc5d050000 - 0x00007ffc5d062000 	C:\WINDOWS\SYSTEM32\kernel.appcore.dll
0x00007ffc52470000 - 0x00007ffc52480000 	C:\Program Files\Java\jdk-11.0.14\bin\verify.dll
0x00007ffc4fa30000 - 0x00007ffc4fc14000 	C:\WINDOWS\SYSTEM32\DBGHELP.DLL
0x00007ffc4f7b0000 - 0x00007ffc4f7e4000 	C:\WINDOWS\SYSTEM32\dbgcore.DLL
0x00007ffc5ecb0000 - 0x00007ffc5ed32000 	C:\WINDOWS\System32\bcryptPrimitives.dll
0x00007ffc4f5c0000 - 0x00007ffc4f5e8000 	C:\Program Files\Java\jdk-11.0.14\bin\java.dll
0x00007ffc52430000 - 0x00007ffc5243a000 	C:\Program Files\Java\jdk-11.0.14\bin\jimage.dll
0x00007ffc4f5a0000 - 0x00007ffc4f5b6000 	C:\Program Files\Java\jdk-11.0.14\bin\zip.dll
0x00007ffc5f8a0000 - 0x00007ffc5ffe4000 	C:\WINDOWS\System32\SHELL32.dll
0x00007ffc5c640000 - 0x00007ffc5cdd3000 	C:\WINDOWS\SYSTEM32\windows.storage.dll
0x00007ffc60080000 - 0x00007ffc603d4000 	C:\WINDOWS\System32\combase.dll
0x00007ffc5e0e0000 - 0x00007ffc5e10e000 	C:\WINDOWS\SYSTEM32\Wldp.dll
0x00007ffc5f3c0000 - 0x00007ffc5f46d000 	C:\WINDOWS\System32\SHCORE.dll
0x00007ffc603f0000 - 0x00007ffc60445000 	C:\WINDOWS\System32\shlwapi.dll
0x00007ffc5e6b0000 - 0x00007ffc5e6cf000 	C:\WINDOWS\SYSTEM32\profapi.dll
0x00007ffc4a850000 - 0x00007ffc4a869000 	C:\Program Files\Java\jdk-11.0.14\bin\net.dll
0x00007ffc581a0000 - 0x00007ffc582aa000 	C:\WINDOWS\SYSTEM32\WINHTTP.dll
0x00007ffc5de40000 - 0x00007ffc5deaa000 	C:\WINDOWS\system32\mswsock.dll
0x00007ffc4a790000 - 0x00007ffc4a7a2000 	C:\Program Files\Java\jdk-11.0.14\bin\nio.dll
0x00007ffc4bec0000 - 0x00007ffc4bee7000 	C:\Users\zeeshan.noorullah\.gradle\native\e1d6ef7f7dcc3fd88c89a11ec53ec762bb8ba0a96d01ffa2cd45eb1d1d8dd5c5\windows-amd64\native-platform.dll
0x00007ffc374e0000 - 0x00007ffc37624000 	C:\Users\zeeshan.noorullah\.gradle\native\0d407fdbe67a94daf76414ababcb853783967236a71b16ec16e742cd7a986fd3\windows-amd64\native-platform-file-events.dll
0x00007ffc52110000 - 0x00007ffc52119000 	C:\Program Files\Java\jdk-11.0.14\bin\management.dll
0x00007ffc51d10000 - 0x00007ffc51d1b000 	C:\Program Files\Java\jdk-11.0.14\bin\management_ext.dll
0x00007ffc5e030000 - 0x00007ffc5e048000 	C:\WINDOWS\SYSTEM32\CRYPTSP.dll
0x00007ffc5d760000 - 0x00007ffc5d794000 	C:\WINDOWS\system32\rsaenh.dll
0x00007ffc5e980000 - 0x00007ffc5e9a7000 	C:\WINDOWS\System32\bcrypt.dll
0x00007ffc5e670000 - 0x00007ffc5e69e000 	C:\WINDOWS\SYSTEM32\USERENV.dll
0x00007ffc5e050000 - 0x00007ffc5e05c000 	C:\WINDOWS\SYSTEM32\CRYPTBASE.dll
0x00007ffc5db30000 - 0x00007ffc5db6c000 	C:\WINDOWS\SYSTEM32\IPHLPAPI.DLL
0x00007ffc60860000 - 0x00007ffc60868000 	C:\WINDOWS\System32\NSI.dll
0x00007ffc59700000 - 0x00007ffc59717000 	C:\WINDOWS\SYSTEM32\dhcpcsvc6.DLL
0x00007ffc596e0000 - 0x00007ffc596fd000 	C:\WINDOWS\SYSTEM32\dhcpcsvc.DLL
0x00007ffc5db70000 - 0x00007ffc5dc3a000 	C:\WINDOWS\SYSTEM32\DNSAPI.dll
0x00007ffc4bb90000 - 0x00007ffc4bb97000 	C:\Program Files\Java\jdk-11.0.14\bin\rmi.dll
0x00007ffc59ed0000 - 0x00007ffc59eee000 	C:\Users\zeeshan.noorullah\AppData\Local\Temp\native-platform11105204267547457830dir\native-platform.dll

dbghelp: loaded successfully - version: 4.0.5 - missing functions: none
symbol engine: initialized successfully - sym options: 0x614 - pdb path: .;C:\Program Files\Java\jdk-11.0.14\bin;C:\WINDOWS\SYSTEM32;C:\WINDOWS\WinSxS\amd64_microsoft.windows.common-controls_6595b64144ccf1df_6.0.19041.1110_none_60b5254171f9507e;C:\Program Files\Java\jdk-11.0.14\bin\server;C:\Users\zeeshan.noorullah\.gradle\native\e1d6ef7f7dcc3fd88c89a11ec53ec762bb8ba0a96d01ffa2cd45eb1d1d8dd5c5\windows-amd64;C:\Users\zeeshan.noorullah\.gradle\native\0d407fdbe67a94daf76414ababcb853783967236a71b16ec16e742cd7a986fd3\windows-amd64;C:\Users\zeeshan.noorullah\AppData\Local\Temp\native-platform11105204267547457830dir

VM Arguments:
jvm_args: -XX:MaxMetaspaceSize=512m --add-opens=java.base/java.util=ALL-UNNAMED --add-opens=java.base/java.lang=ALL-UNNAMED --add-opens=java.base/java.lang.invoke=ALL-UNNAMED --add-opens=java.base/java.util=ALL-UNNAMED --add-opens=java.prefs/java.util.prefs=ALL-UNNAMED --add-opens=java.prefs/java.util.prefs=ALL-UNNAMED --add-opens=java.base/java.nio.charset=ALL-UNNAMED --add-opens=java.base/java.net=ALL-UNNAMED --add-opens=java.base/java.util.concurrent.atomic=ALL-UNNAMED -Xmx2048m -Dfile.encoding=windows-1252 -Duser.country=US -Duser.language=en -Duser.variant 
java_command: org.gradle.launcher.daemon.bootstrap.GradleDaemon 7.5.1
java_class_path (initial): C:\Users\zeeshan.noorullah\.gradle\wrapper\dists\gradle-7.5.1-all\1ehga6e77gqps5uk2kc5kf1vc\gradle-7.5.1\lib\gradle-launcher-7.5.1.jar
Launcher Type: SUN_STANDARD

[Global flags]
     intx CICompilerCount                          = 3                                         {product} {ergonomic}
   size_t CompressedClassSpaceSize                 = 528482304                                 {product} {ergonomic}
     uint ConcGCThreads                            = 1                                         {product} {ergonomic}
     uint G1ConcRefinementThreads                  = 4                                         {product} {ergonomic}
   size_t G1HeapRegionSize                         = 1048576                                   {product} {ergonomic}
    uintx GCDrainStackTargetSize                   = 64                                        {product} {ergonomic}
   size_t InitialHeapSize                          = 201326592                                 {product} {ergonomic}
   size_t MarkStackSize                            = 4194304                                   {product} {ergonomic}
   size_t MaxHeapSize                              = 2147483648                                {product} {command line}
   size_t MaxMetaspaceSize                         = 536870912                                 {product} {command line}
   size_t MaxNewSize                               = 1287651328                                {product} {ergonomic}
   size_t MinHeapDeltaBytes                        = 1048576                                   {product} {ergonomic}
    uintx NonNMethodCodeHeapSize                   = 5830732                                {pd product} {ergonomic}
    uintx NonProfiledCodeHeapSize                  = 122913754                              {pd product} {ergonomic}
    uintx ProfiledCodeHeapSize                     = 122913754                              {pd product} {ergonomic}
    uintx ReservedCodeCacheSize                    = 251658240                              {pd product} {ergonomic}
     bool SegmentedCodeCache                       = true                                      {product} {ergonomic}
     bool UseCompressedClassPointers               = true                                 {lp64_product} {ergonomic}
     bool UseCompressedOops                        = true                                 {lp64_product} {ergonomic}
     bool UseG1GC                                  = true                                      {product} {ergonomic}
     bool UseLargePagesIndividualAllocation        = false                                  {pd product} {ergonomic}

Logging:
Log output configuration:
 #0: stdout all=warning uptime,level,tags
 #1: stderr all=off uptime,level,tags

Environment Variables:
JAVA_HOME=C:\Program Files\Java\jdk-11.0.14
CLASSPATH=G:\ZeeshanNoorullah\ReactNative\EcommerceApp\android\\gradle\wrapper\gradle-wrapper.jar
PATH=G:\ZeeshanNoorullah\ReactNative\EcommerceApp\android\node_modules\.bin;G:\ZeeshanNoorullah\ReactNative\EcommerceApp\node_modules\.bin;G:\ZeeshanNoorullah\ReactNative\node_modules\.bin;G:\ZeeshanNoorullah\node_modules\.bin;G:\node_modules\.bin;C:\Program Files\nodejs;C:\Users\ZEESHA~1.NOO\AppData\Local\Temp\yarn--1687506438946-0.33886943833086813;G:\ZeeshanNoorullah\ReactNative\EcommerceApp\node_modules\.bin;C:\Users\zeeshan.noorullah\AppData\Local\Yarn\Data\link\node_modules\.bin;C:\Users\zeeshan.noorullah\AppData\Local\Yarn\bin;C:\Program Files\libexec\lib\node_modules\npm\bin\node-gyp-bin;C:\Program Files\lib\node_modules\npm\bin\node-gyp-bin;C:\Program Files\nodejs\node_modules\npm\bin\node-gyp-bin;C:\Program Files\Common Files\Oracle\Java\javapath;C:\WINDOWS\system32;C:\WINDOWS;C:\WINDOWS\System32\Wbem;C:\WINDOWS\System32\WindowsPowerShell\v1.0\;C:\WINDOWS\System32\OpenSSH\;C:\xampp\php;C:\composer;C:\ProgramData\chocolatey\bin;C:\Program Files\Git\cmd;C:\Program Files\nodejs\;C:\Users\zeeshan.noorullah\AppData\Local\Microsoft\WindowsApps;C:\Users\zeeshan.noorullah\AppData\Local\GitHubDesktop\bin;C:\Users\zeeshan.noorullah\AppData\Roaming\npm;C:\Users\zeeshan.noorullah\AppData\Local\Programs\Git\cmd;C:\Users\zeeshan.noorullah\AppData\Local\Android\Sdk\platform-tools;C:\Program Files (x86)\BrowserStackLocal\;C:\Users\zeeshan.noorullah\AppData\Local\Programs\Microsoft VS Code\bin
USERNAME=zeeshan.noorullah
OS=Windows_NT
PROCESSOR_IDENTIFIER=Intel64 Family 6 Model 60 Stepping 3, GenuineIntel



---------------  S Y S T E M  ---------------

OS: Windows 10 , 64 bit Build 19041 (10.0.19041.3031)

CPU:total 4 (initial active 4) (4 cores per cpu, 1 threads per core) family 6 model 60 stepping 3 microcode 0x27, cmov, cx8, fxsr, mmx, sse, sse2, sse3, ssse3, sse4.1, sse4.2, popcnt, avx, avx2, aes, clmul, erms, lzcnt, tsc, tscinvbit, bmi1, bmi2, fma

Memory: 4k page, system-wide physical 12196M (2002M free)
TotalPageFile size 14244M (AvailPageFile size 333M)
current process WorkingSet (physical memory assigned to process): 719M, peak: 719M
current process commit charge ("private bytes"): 755M, peak: 756M

vm_info: Java HotSpot(TM) 64-Bit Server VM (11.0.14+8-LTS-263) for windows-amd64 JRE (11.0.14+8-LTS-263), built on Dec  7 2021 21:53:57 by "mach5one" with MS VC++ 15.9 (VS2017)

END.
