#
# There is insufficient memory for the Java Runtime Environment to continue.
# Native memory allocation (mmap) failed to map 106954752 bytes for Failed to commit area from 0x0000000095b00000 to 0x000000009c100000 of length 106954752.
# Possible reasons:
#   The system is out of physical RAM or swap space
#   The process is running with CompressedOops enabled, and the Java Heap may be blocking the growth of the native heap
# Possible solutions:
#   Reduce memory load on the system
#   Increase physical memory or swap space
#   Check if swap backing store is full
#   Decrease Java heap size (-Xmx/-Xms)
#   Decrease number of Java threads
#   Decrease Java thread stack sizes (-Xss)
#   Set larger code cache with -XX:ReservedCodeCacheSize=
#   JVM is running with Unscaled Compressed Oops mode in which the Java heap is
#     placed in the first 4GB address space. The Java Heap base address is the
#     maximum limit for the native heap growth. Please use -XX:HeapBaseMinAddress
#     to set the Java Heap base and to place the Java Heap above 4GB virtual address.
# This output file may be truncated or incomplete.
#
#  Out of Memory Error (./open/src/hotspot/os/windows/os_windows.cpp:3284), pid=8832, tid=7644
#
# JRE version: Java(TM) SE Runtime Environment 18.9 (11.0.14+8) (build 11.0.14+8-LTS-263)
# Java VM: Java HotSpot(TM) 64-Bit Server VM 18.9 (11.0.14+8-LTS-263, mixed mode, tiered, compressed oops, g1 gc, windows-amd64)
# No core dump will be written. Minidumps are not enabled by default on client versions of Windows
#

---------------  S U M M A R Y ------------

Command Line: -XX:MaxMetaspaceSize=512m --add-opens=java.base/java.util=ALL-UNNAMED --add-opens=java.base/java.lang=ALL-UNNAMED --add-opens=java.base/java.lang.invoke=ALL-UNNAMED --add-opens=java.base/java.util=ALL-UNNAMED --add-opens=java.prefs/java.util.prefs=ALL-UNNAMED --add-opens=java.prefs/java.util.prefs=ALL-UNNAMED --add-opens=java.base/java.nio.charset=ALL-UNNAMED --add-opens=java.base/java.net=ALL-UNNAMED --add-opens=java.base/java.util.concurrent.atomic=ALL-UNNAMED -Xmx2048m -Dfile.encoding=windows-1252 -Duser.country=US -Duser.language=en -Duser.variant org.gradle.launcher.daemon.bootstrap.GradleDaemon 7.5.1

Host: Intel(R) Core(TM) i5-4590S CPU @ 3.00GHz, 4 cores, 11G,  Windows 10 , 64 bit Build 19041 (10.0.19041.3031)
Time: Fri Jun 23 12:50:53 2023 Pakistan Standard Time elapsed time: 72.201602 seconds (0d 0h 1m 12s)

---------------  T H R E A D  ---------------

Current thread (0x00000268bcb1e000):  VMThread "VM Thread" [stack: 0x000000b174300000,0x000000b174400000] [id=7644]

Stack: [0x000000b174300000,0x000000b174400000]
[error occurred during error reporting (printing stack bounds), id 0xc0000005, EXCEPTION_ACCESS_VIOLATION (0xc0000005) at pc=0x00000268a6a30f2d]

Native frames: (J=compiled Java code, j=interpreted, Vv=VM code, C=native code)
V  [jvm.dll+0x6296da]
V  [jvm.dll+0x76323f]
V  [jvm.dll+0x7648e9]
V  [jvm.dll+0x764ed5]
V  [jvm.dll+0x764e8b]
V  [jvm.dll+0x628c23]
V  [jvm.dll+0x6292d8]
C  [ntdll.dll+0xa247f]
C  [ntdll.dll+0x514f4]
C  [ntdll.dll+0xa0f8e]
C  0x00000268a6a30f2d

VM_Operation (0x000000b179bf97d0): G1CollectForAllocation, mode: safepoint, requested by thread 0x00000268c38a4800


---------------  P R O C E S S  ---------------

Threads class SMR info:
_java_thread_list=0x00000268c0ae7bd0, length=100, elements={
0x000002689f3ae000, 0x00000268bcb35800, 0x00000268bcb3f800, 0x00000268bcb30800,
0x00000268bcb31800, 0x00000268bcb42000, 0x00000268bcb46800, 0x00000268bcb5e000,
0x00000268bd4fd800, 0x00000268bd5f2800, 0x00000268be7bb800, 0x00000268bf6ee800,
0x00000268bf4ac800, 0x00000268c008e000, 0x00000268bfab2000, 0x00000268bfab3000,
0x00000268bf8de000, 0x00000268c00d6800, 0x00000268c04db000, 0x00000268c0097800,
0x00000268c009b800, 0x00000268c0099800, 0x00000268c009c000, 0x00000268c0099000,
0x00000268c009a800, 0x00000268c009d000, 0x00000268c009e000, 0x00000268c0098000,
0x00000268c0e7a800, 0x00000268c0e7d800, 0x00000268c0e7d000, 0x00000268c0e79000,
0x00000268c0e7b000, 0x00000268c0e84000, 0x00000268c0e85000, 0x00000268c0e81000,
0x00000268c0e80000, 0x00000268c0e7f800, 0x00000268c0e86000, 0x00000268c0e82000,
0x00000268c0e86800, 0x00000268c0e82800, 0x00000268be868800, 0x00000268be868000,
0x00000268be869800, 0x00000268be86a800, 0x00000268be86b000, 0x00000268be86c000,
0x00000268be866000, 0x00000268be86c800, 0x00000268be867000, 0x00000268be86d800,
0x00000268be871800, 0x00000268be86f000, 0x00000268be873000, 0x00000268be871000,
0x00000268be870000, 0x00000268be872800, 0x00000268be874000, 0x00000268be86e800,
0x00000268be875000, 0x00000268bfa60000, 0x00000268bfa66000, 0x00000268bfa66800,
0x00000268bfa63800, 0x00000268bfa61000, 0x00000268bfa62800, 0x00000268bfa67800,
0x00000268bfa64800, 0x00000268bfa65000, 0x00000268bfa62000, 0x00000268bfa6e000,
0x00000268bfa69000, 0x00000268bfa6a000, 0x00000268bfa6f000, 0x00000268bfa6c800,
0x00000268bfa6d800, 0x00000268bfa6b000, 0x00000268bfa6b800, 0x00000268c38aa000,
0x00000268c38a5800, 0x00000268c38a6000, 0x00000268c38a8800, 0x00000268c38a4800,
0x00000268c38a9800, 0x00000268c38ac000, 0x00000268c38a7000, 0x00000268c38a8000,
0x00000268c38b1800, 0x00000268c38b2800, 0x00000268c38b3000, 0x00000268c38ae800,
0x00000268c38b0000, 0x00000268c38af000, 0x00000268c3882800, 0x00000268c3884000,
0x00000268c387e800, 0x00000268c3885000, 0x00000268c387f000, 0x00000268c98e2800
}

Java Threads: ( => current thread )
  0x000002689f3ae000 JavaThread "main" [_thread_blocked, id=13800, stack(0x000000b173d00000,0x000000b173e00000)]
  0x00000268bcb35800 JavaThread "Reference Handler" daemon [_thread_blocked, id=3368, stack(0x000000b174400000,0x000000b174500000)]
  0x00000268bcb3f800 JavaThread "Finalizer" daemon [_thread_blocked, id=15800, stack(0x000000b174500000,0x000000b174600000)]
  0x00000268bcb30800 JavaThread "Signal Dispatcher" daemon [_thread_blocked, id=9964, stack(0x000000b174600000,0x000000b174700000)]
  0x00000268bcb31800 JavaThread "Attach Listener" daemon [_thread_blocked, id=6176, stack(0x000000b174700000,0x000000b174800000)]
  0x00000268bcb42000 JavaThread "Service Thread" daemon [_thread_blocked, id=4348, stack(0x000000b174800000,0x000000b174900000)]
  0x00000268bcb46800 JavaThread "C2 CompilerThread0" daemon [_thread_blocked, id=12908, stack(0x000000b174900000,0x000000b174a00000)]
  0x00000268bcb5e000 JavaThread "C1 CompilerThread0" daemon [_thread_blocked, id=13752, stack(0x000000b174a00000,0x000000b174b00000)]
  0x00000268bd4fd800 JavaThread "Sweeper thread" daemon [_thread_blocked, id=15560, stack(0x000000b174b00000,0x000000b174c00000)]
  0x00000268bd5f2800 JavaThread "Common-Cleaner" daemon [_thread_blocked, id=6204, stack(0x000000b174c00000,0x000000b174d00000)]
  0x00000268be7bb800 JavaThread "Daemon health stats" [_thread_blocked, id=14720, stack(0x000000b175200000,0x000000b175300000)]
  0x00000268bf6ee800 JavaThread "Incoming local TCP Connector on port 57299" [_thread_in_native, id=13744, stack(0x000000b175300000,0x000000b175400000)]
  0x00000268bf4ac800 JavaThread "Daemon periodic checks" [_thread_blocked, id=128, stack(0x000000b175400000,0x000000b175500000)]
  0x00000268c008e000 JavaThread "Daemon" [_thread_blocked, id=2208, stack(0x000000b175500000,0x000000b175600000)]
  0x00000268bfab2000 JavaThread "Handler for socket connection from /127.0.0.1:57299 to /127.0.0.1:57300" [_thread_in_native, id=13944, stack(0x000000b175600000,0x000000b175700000)]
  0x00000268bfab3000 JavaThread "Cancel handler" [_thread_blocked, id=8528, stack(0x000000b175700000,0x000000b175800000)]
  0x00000268bf8de000 JavaThread "Daemon worker" [_thread_blocked, id=14300, stack(0x000000b175800000,0x000000b175900000)]
  0x00000268c00d6800 JavaThread "Asynchronous log dispatcher for DefaultDaemonConnection: socket connection from /127.0.0.1:57299 to /127.0.0.1:57300" [_thread_blocked, id=3744, stack(0x000000b175900000,0x000000b175a00000)]
  0x00000268c04db000 JavaThread "Stdin handler" [_thread_blocked, id=14672, stack(0x000000b175a00000,0x000000b175b00000)]
  0x00000268c0097800 JavaThread "Daemon client event forwarder" [_thread_blocked, id=1744, stack(0x000000b175b00000,0x000000b175c00000)]
  0x00000268c009b800 JavaThread "Cache worker for journal cache (C:\Users\zeeshan.noorullah\.gradle\caches\journal-1)" [_thread_blocked, id=9788, stack(0x000000b175c00000,0x000000b175d00000)]
  0x00000268c0099800 JavaThread "File lock request listener" [_thread_in_native, id=12420, stack(0x000000b175d00000,0x000000b175e00000)]
  0x00000268c009c000 JavaThread "Cache worker for file hash cache (C:\Users\zeeshan.noorullah\.gradle\caches\7.5.1\fileHashes)" [_thread_blocked, id=5796, stack(0x000000b174e00000,0x000000b174f00000)]
  0x00000268c0099000 JavaThread "File watcher server" daemon [_thread_blocked, id=15600, stack(0x000000b175f00000,0x000000b176000000)]
  0x00000268c009a800 JavaThread "File watcher consumer" daemon [_thread_blocked, id=4352, stack(0x000000b176000000,0x000000b176100000)]
  0x00000268c009d000 JavaThread "Cache worker for checksums cache (G:\ZeeshanNoorullah\ReactNative\EcommerceApp\android\.gradle\7.5.1\checksums)" [_thread_blocked, id=6412, stack(0x000000b176100000,0x000000b176200000)]
  0x00000268c009e000 JavaThread "Cache worker for cache directory md-rule (C:\Users\zeeshan.noorullah\.gradle\caches\7.5.1\md-rule)" [_thread_blocked, id=14400, stack(0x000000b176200000,0x000000b176300000)]
  0x00000268c0098000 JavaThread "Cache worker for file content cache (C:\Users\zeeshan.noorullah\.gradle\caches\7.5.1\fileContent)" [_thread_blocked, id=7564, stack(0x000000b176300000,0x000000b176400000)]
  0x00000268c0e7a800 JavaThread "Cache worker for file hash cache (G:\ZeeshanNoorullah\ReactNative\EcommerceApp\android\.gradle\7.5.1\fileHashes)" [_thread_blocked, id=4356, stack(0x000000b176400000,0x000000b176500000)]
  0x00000268c0e7d800 JavaThread "Cache worker for cache directory md-supplier (C:\Users\zeeshan.noorullah\.gradle\caches\7.5.1\md-supplier)" [_thread_blocked, id=1684, stack(0x000000b176500000,0x000000b176600000)]
  0x00000268c0e7d000 JavaThread "Cache worker for execution history cache (C:\Users\zeeshan.noorullah\.gradle\caches\7.5.1\executionHistory)" [_thread_blocked, id=14484, stack(0x000000b176600000,0x000000b176700000)]
  0x00000268c0e79000 JavaThread "jar transforms" [_thread_blocked, id=4012, stack(0x000000b176700000,0x000000b176800000)]
  0x00000268c0e7b000 JavaThread "jar transforms Thread 2" [_thread_blocked, id=4992, stack(0x000000b176800000,0x000000b176900000)]
  0x00000268c0e84000 JavaThread "jar transforms Thread 3" [_thread_blocked, id=13460, stack(0x000000b176900000,0x000000b176a00000)]
  0x00000268c0e85000 JavaThread "jar transforms Thread 4" [_thread_blocked, id=13648, stack(0x000000b176a00000,0x000000b176b00000)]
  0x00000268c0e81000 JavaThread "Cache worker for kotlin-dsl (C:\Users\zeeshan.noorullah\.gradle\caches\7.5.1\kotlin-dsl)" [_thread_blocked, id=14584, stack(0x000000b176b00000,0x000000b176c00000)]
  0x00000268c0e80000 JavaThread "Cache worker for dependencies-accessors (G:\ZeeshanNoorullah\ReactNative\EcommerceApp\android\.gradle\7.5.1\dependencies-accessors)" [_thread_blocked, id=14016, stack(0x000000b176c00000,0x000000b176d00000)]
  0x00000268c0e7f800 JavaThread "Cache worker for Build Output Cleanup Cache (G:\ZeeshanNoorullah\ReactNative\EcommerceApp\node_modules\react-native-gradle-plugin\.gradle\buildOutputCleanup)" [_thread_blocked, id=4652, stack(0x000000b176d00000,0x000000b176e00000)]
  0x00000268c0e86000 JavaThread "Unconstrained build operations" [_thread_blocked, id=9576, stack(0x000000b176e00000,0x000000b176f00000)]
  0x00000268c0e82000 JavaThread "Unconstrained build operations Thread 2" [_thread_blocked, id=2668, stack(0x000000b176f00000,0x000000b177000000)]
  0x00000268c0e86800 JavaThread "Unconstrained build operations Thread 3" [_thread_blocked, id=11336, stack(0x000000b177000000,0x000000b177100000)]
  0x00000268c0e82800 JavaThread "Unconstrained build operations Thread 4" [_thread_blocked, id=15680, stack(0x000000b177100000,0x000000b177200000)]
  0x00000268be868800 JavaThread "Unconstrained build operations Thread 5" [_thread_blocked, id=8348, stack(0x000000b177200000,0x000000b177300000)]
  0x00000268be868000 JavaThread "Unconstrained build operations Thread 6" [_thread_blocked, id=15248, stack(0x000000b177300000,0x000000b177400000)]
  0x00000268be869800 JavaThread "Unconstrained build operations Thread 7" [_thread_blocked, id=15220, stack(0x000000b177400000,0x000000b177500000)]
  0x00000268be86a800 JavaThread "Unconstrained build operations Thread 8" [_thread_blocked, id=12308, stack(0x000000b177500000,0x000000b177600000)]
  0x00000268be86b000 JavaThread "Unconstrained build operations Thread 9" [_thread_blocked, id=4736, stack(0x000000b177600000,0x000000b177700000)]
  0x00000268be86c000 JavaThread "Unconstrained build operations Thread 10" [_thread_blocked, id=6452, stack(0x000000b177700000,0x000000b177800000)]
  0x00000268be866000 JavaThread "Unconstrained build operations Thread 11" [_thread_blocked, id=16324, stack(0x000000b177800000,0x000000b177900000)]
  0x00000268be86c800 JavaThread "Unconstrained build operations Thread 12" [_thread_blocked, id=7880, stack(0x000000b177900000,0x000000b177a00000)]
  0x00000268be867000 JavaThread "Unconstrained build operations Thread 13" [_thread_blocked, id=13916, stack(0x000000b177a00000,0x000000b177b00000)]
  0x00000268be86d800 JavaThread "Unconstrained build operations Thread 14" [_thread_blocked, id=6720, stack(0x000000b177b00000,0x000000b177c00000)]
  0x00000268be871800 JavaThread "Unconstrained build operations Thread 15" [_thread_blocked, id=7776, stack(0x000000b177c00000,0x000000b177d00000)]
  0x00000268be86f000 JavaThread "Unconstrained build operations Thread 16" [_thread_blocked, id=4796, stack(0x000000b177d00000,0x000000b177e00000)]
  0x00000268be873000 JavaThread "Unconstrained build operations Thread 17" [_thread_blocked, id=13344, stack(0x000000b177e00000,0x000000b177f00000)]
  0x00000268be871000 JavaThread "Unconstrained build operations Thread 18" [_thread_blocked, id=15096, stack(0x000000b177f00000,0x000000b178000000)]
  0x00000268be870000 JavaThread "Unconstrained build operations Thread 19" [_thread_blocked, id=7816, stack(0x000000b178000000,0x000000b178100000)]
  0x00000268be872800 JavaThread "Unconstrained build operations Thread 20" [_thread_blocked, id=8532, stack(0x000000b178100000,0x000000b178200000)]
  0x00000268be874000 JavaThread "Unconstrained build operations Thread 21" [_thread_blocked, id=7724, stack(0x000000b178200000,0x000000b178300000)]
  0x00000268be86e800 JavaThread "Unconstrained build operations Thread 22" [_thread_blocked, id=1972, stack(0x000000b178300000,0x000000b178400000)]
  0x00000268be875000 JavaThread "Unconstrained build operations Thread 23" [_thread_blocked, id=3992, stack(0x000000b178400000,0x000000b178500000)]
  0x00000268bfa60000 JavaThread "Unconstrained build operations Thread 24" [_thread_blocked, id=10804, stack(0x000000b178500000,0x000000b178600000)]
  0x00000268bfa66000 JavaThread "Unconstrained build operations Thread 25" [_thread_blocked, id=15332, stack(0x000000b178600000,0x000000b178700000)]
  0x00000268bfa66800 JavaThread "Unconstrained build operations Thread 26" [_thread_blocked, id=13804, stack(0x000000b178700000,0x000000b178800000)]
  0x00000268bfa63800 JavaThread "Unconstrained build operations Thread 27" [_thread_blocked, id=15916, stack(0x000000b178800000,0x000000b178900000)]
  0x00000268bfa61000 JavaThread "Unconstrained build operations Thread 28" [_thread_blocked, id=1660, stack(0x000000b178900000,0x000000b178a00000)]
  0x00000268bfa62800 JavaThread "Unconstrained build operations Thread 29" [_thread_blocked, id=8440, stack(0x000000b178a00000,0x000000b178b00000)]
  0x00000268bfa67800 JavaThread "Unconstrained build operations Thread 30" [_thread_blocked, id=13040, stack(0x000000b178b00000,0x000000b178c00000)]
  0x00000268bfa64800 JavaThread "Unconstrained build operations Thread 31" [_thread_blocked, id=12236, stack(0x000000b178c00000,0x000000b178d00000)]
  0x00000268bfa65000 JavaThread "Unconstrained build operations Thread 32" [_thread_blocked, id=16048, stack(0x000000b178d00000,0x000000b178e00000)]
  0x00000268bfa62000 JavaThread "Unconstrained build operations Thread 33" [_thread_blocked, id=10988, stack(0x000000b178e00000,0x000000b178f00000)]
  0x00000268bfa6e000 JavaThread "build event listener" [_thread_blocked, id=9240, stack(0x000000b178f00000,0x000000b179000000)]
  0x00000268bfa69000 JavaThread "Memory manager" [_thread_blocked, id=4272, stack(0x000000b179000000,0x000000b179100000)]
  0x00000268bfa6a000 JavaThread "Cache worker for Build Output Cleanup Cache (G:\ZeeshanNoorullah\ReactNative\EcommerceApp\android\.gradle\buildOutputCleanup)" [_thread_blocked, id=4744, stack(0x000000b179100000,0x000000b179200000)]
  0x00000268bfa6f000 JavaThread "included builds" [_thread_blocked, id=16120, stack(0x000000b179200000,0x000000b179300000)]
  0x00000268bfa6c800 JavaThread "Execution worker" [_thread_in_native, id=16200, stack(0x000000b179300000,0x000000b179400000)]
  0x00000268bfa6d800 JavaThread "Execution worker Thread 2" [_thread_blocked, id=15864, stack(0x000000b179400000,0x000000b179500000)]
  0x00000268bfa6b000 JavaThread "Execution worker Thread 3" [_thread_blocked, id=1908, stack(0x000000b179500000,0x000000b179600000)]
  0x00000268bfa6b800 JavaThread "Cache worker for execution history cache (G:\ZeeshanNoorullah\ReactNative\EcommerceApp\node_modules\react-native-gradle-plugin\.gradle\7.5.1\executionHistory)" [_thread_blocked, id=3980, stack(0x000000b179600000,0x000000b179700000)]
  0x00000268c38aa000 JavaThread "Unconstrained build operations Thread 34" [_thread_blocked, id=13688, stack(0x000000b179700000,0x000000b179800000)]
  0x00000268c38a5800 JavaThread "Unconstrained build operations Thread 35" [_thread_blocked, id=5528, stack(0x000000b179800000,0x000000b179900000)]
  0x00000268c38a6000 JavaThread "Unconstrained build operations Thread 36" [_thread_blocked, id=3264, stack(0x000000b179900000,0x000000b179a00000)]
  0x00000268c38a8800 JavaThread "Unconstrained build operations Thread 37" [_thread_blocked, id=8968, stack(0x000000b179a00000,0x000000b179b00000)]
  0x00000268c38a4800 JavaThread "Unconstrained build operations Thread 38" [_thread_blocked, id=7760, stack(0x000000b179b00000,0x000000b179c00000)]
  0x00000268c38a9800 JavaThread "Unconstrained build operations Thread 39" [_thread_blocked, id=11004, stack(0x000000b179c00000,0x000000b179d00000)]
  0x00000268c38ac000 JavaThread "Unconstrained build operations Thread 40" [_thread_blocked, id=14320, stack(0x000000b179d00000,0x000000b179e00000)]
  0x00000268c38a7000 JavaThread "Cache worker for execution history cache (G:\ZeeshanNoorullah\ReactNative\EcommerceApp\android\.gradle\7.5.1\executionHistory)" [_thread_blocked, id=10744, stack(0x000000b17a000000,0x000000b17a100000)]
  0x00000268c38a8000 JavaThread "WorkerExecutor Queue" [_thread_blocked, id=13348, stack(0x000000b17a100000,0x000000b17a200000)]
  0x00000268c38b1800 JavaThread "RMI Scheduler(0)" daemon [_thread_blocked, id=2772, stack(0x000000b17a200000,0x000000b17a300000)]
  0x00000268c38b2800 JavaThread "RMI RenewClean-[127.0.0.1:17154,org.jetbrains.kotlin.daemon.common.LoopbackNetworkInterface$ClientLoopbackSocketFactory@607235a6]" daemon [_thread_blocked, id=11648, stack(0x000000b17a300000,0x000000b17a400000)]
  0x00000268c38b3000 JavaThread "RMI GC Daemon" daemon [_thread_blocked, id=7908, stack(0x000000b17a400000,0x000000b17a500000)]
  0x00000268c38ae800 JavaThread "RMI TCP Accept-0" daemon [_thread_in_native, id=15960, stack(0x000000b17a500000,0x000000b17a600000)]
  0x00000268c38b0000 JavaThread "RMI Reaper" [_thread_blocked, id=15724, stack(0x000000b17a600000,0x000000b17a700000)]
  0x00000268c38af000 JavaThread "RMI TCP Connection(4)-127.0.0.1" daemon [_thread_in_native, id=12376, stack(0x000000b17a700000,0x000000b17a800000)]
  0x00000268c3882800 JavaThread "WorkerExecutor Queue Thread 2" [_thread_in_native, id=3800, stack(0x000000b175e00000,0x000000b175f00000)]
  0x00000268c3884000 JavaThread "WorkerExecutor Queue Thread 3" [_thread_blocked, id=1596, stack(0x000000b17a900000,0x000000b17aa00000)]
  0x00000268c387e800 JavaThread "RMI RenewClean-[127.0.0.1:17154,org.jetbrains.kotlin.daemon.common.LoopbackNetworkInterface$ClientLoopbackSocketFactory@32b1e84a]" daemon [_thread_blocked, id=4456, stack(0x000000b17aa00000,0x000000b17ab00000)]
  0x00000268c3885000 JavaThread "RMI TCP Accept-0" daemon [_thread_in_native, id=2348, stack(0x000000b17ab00000,0x000000b17ac00000)]
  0x00000268c387f000 JavaThread "RMI TCP Connection(3)-127.0.0.1" daemon [_thread_in_native, id=1492, stack(0x000000b17ac00000,0x000000b17ad00000)]
  0x00000268c98e2800 JavaThread "C2 CompilerThread1" daemon [_thread_in_native, id=13124, stack(0x000000b17a800000,0x000000b17a900000)]

Other Threads:
=>0x00000268bcb1e000 VMThread "VM Thread" [stack: 0x000000b174300000,0x000000b174400000] [id=7644]
  0x00000268bd643000 WatcherThread [stack: 0x000000b174d00000,0x000000b174e00000] [id=15196]
  0x000002689f3c5000 GCTaskThread "GC Thread#0" [stack: 0x000000b173e00000,0x000000b173f00000] [id=2260]
  0x00000268bdb33000 GCTaskThread "GC Thread#1" [stack: 0x000000b174f00000,0x000000b175000000] [id=13432]
  0x00000268bdb67000 GCTaskThread "GC Thread#2" [stack: 0x000000b175000000,0x000000b175100000] [id=3532]
  0x00000268bdb67800 GCTaskThread "GC Thread#3" [stack: 0x000000b175100000,0x000000b175200000] [id=6808]
  0x000002689f3f4800 ConcurrentGCThread "G1 Main Marker" [stack: 0x000000b173f00000,0x000000b174000000] [id=3228]
  0x000002689f3f6000 ConcurrentGCThread "G1 Conc#0" [stack: 0x000000b174000000,0x000000b174100000] [id=8308]
  0x00000268bc98e800 ConcurrentGCThread "G1 Refine#0" [stack: 0x000000b174100000,0x000000b174200000] [id=15072]
  0x00000268bc990800 ConcurrentGCThread "G1 Young RemSet Sampling" [stack: 0x000000b174200000,0x000000b174300000] [id=7828]

Threads with active compile tasks:
C2 CompilerThread0  72224 22569       4       com.android.tools.r8.ir.regalloc.b::c (4031 bytes)
C2 CompilerThread1  72224 22526       4       com.android.tools.r8.internal.Ra::a (6176 bytes)

VM state:at safepoint (normal execution)

VM Mutex/Monitor currently owned by a thread:  ([mutex/lock_event])
[0x000002689f3a9de0] Threads_lock - owner thread: 0x00000268bcb1e000
[0x000002689f3a9ba0] Heap_lock - owner thread: 0x00000268c38a4800

Heap address: 0x0000000080000000, size: 2048 MB, Compressed Oops mode: 32-bit
Narrow klass base: 0x0000000000000000, Narrow klass shift: 3
Compressed class space size: 528482304 Address: 0x0000000100000000

Heap:
 garbage-first heap   total 459776K, used 262848K [0x0000000080000000, 0x0000000100000000)
  region size 1024K, 5 young (5120K), 5 survivors (5120K)
 Metaspace       used 132434K, capacity 137310K, committed 137552K, reserved 634880K
  class space    used 17402K, capacity 19349K, committed 19456K, reserved 516096K
Heap Regions: E=young(eden), S=young(survivor), O=old, HS=humongous(starts), HC=humongous(continues), CS=collection set, F=free, A=archive, TAMS=top-at-mark-start (previous, next)
|   0|0x0000000080000000, 0x0000000080100000, 0x0000000080100000|100%|HS|  |TAMS 0x0000000080100000, 0x0000000080000000| Complete 
|   1|0x0000000080100000, 0x0000000080200000, 0x0000000080200000|100%|HC|  |TAMS 0x0000000080200000, 0x0000000080100000| Complete 
|   2|0x0000000080200000, 0x0000000080300000, 0x0000000080300000|100%|HC|  |TAMS 0x0000000080300000, 0x0000000080200000| Complete 
|   3|0x0000000080300000, 0x0000000080400000, 0x0000000080400000|100%| O|  |TAMS 0x0000000080400000, 0x0000000080300000| Untracked 
|   4|0x0000000080400000, 0x0000000080500000, 0x0000000080500000|100%| O|  |TAMS 0x0000000080500000, 0x0000000080400000| Untracked 
|   5|0x0000000080500000, 0x0000000080600000, 0x0000000080600000|100%| O|  |TAMS 0x0000000080600000, 0x0000000080500000| Untracked 
|   6|0x0000000080600000, 0x0000000080700000, 0x0000000080700000|100%| O|  |TAMS 0x0000000080700000, 0x0000000080600000| Untracked 
|   7|0x0000000080700000, 0x0000000080800000, 0x0000000080800000|100%| O|  |TAMS 0x0000000080800000, 0x0000000080700000| Untracked 
|   8|0x0000000080800000, 0x0000000080900000, 0x0000000080900000|100%| O|  |TAMS 0x0000000080900000, 0x0000000080800000| Untracked 
|   9|0x0000000080900000, 0x0000000080a00000, 0x0000000080a00000|100%| O|  |TAMS 0x0000000080a00000, 0x0000000080900000| Untracked 
|  10|0x0000000080a00000, 0x0000000080b00000, 0x0000000080b00000|100%| O|  |TAMS 0x0000000080b00000, 0x0000000080a00000| Untracked 
|  11|0x0000000080b00000, 0x0000000080c00000, 0x0000000080c00000|100%| O|  |TAMS 0x0000000080c00000, 0x0000000080b00000| Untracked 
|  12|0x0000000080c00000, 0x0000000080d00000, 0x0000000080d00000|100%| O|  |TAMS 0x0000000080d00000, 0x0000000080c00000| Untracked 
|  13|0x0000000080d00000, 0x0000000080e00000, 0x0000000080e00000|100%| O|  |TAMS 0x0000000080e00000, 0x0000000080d00000| Untracked 
|  14|0x0000000080e00000, 0x0000000080f00000, 0x0000000080f00000|100%| O|  |TAMS 0x0000000080f00000, 0x0000000080e00000| Untracked 
|  15|0x0000000080f00000, 0x0000000081000000, 0x0000000081000000|100%| O|  |TAMS 0x0000000081000000, 0x0000000080f00000| Untracked 
|  16|0x0000000081000000, 0x0000000081100000, 0x0000000081100000|100%| O|  |TAMS 0x0000000081100000, 0x0000000081000000| Untracked 
|  17|0x0000000081100000, 0x0000000081200000, 0x0000000081200000|100%| O|  |TAMS 0x0000000081200000, 0x0000000081100000| Untracked 
|  18|0x0000000081200000, 0x0000000081300000, 0x0000000081300000|100%| O|  |TAMS 0x0000000081300000, 0x0000000081200000| Untracked 
|  19|0x0000000081300000, 0x0000000081400000, 0x0000000081400000|100%| O|  |TAMS 0x0000000081400000, 0x0000000081300000| Untracked 
|  20|0x0000000081400000, 0x0000000081500000, 0x0000000081500000|100%| O|  |TAMS 0x0000000081500000, 0x0000000081400000| Untracked 
|  21|0x0000000081500000, 0x0000000081600000, 0x0000000081600000|100%| O|  |TAMS 0x0000000081600000, 0x0000000081500000| Untracked 
|  22|0x0000000081600000, 0x0000000081700000, 0x0000000081700000|100%| O|  |TAMS 0x0000000081700000, 0x0000000081600000| Untracked 
|  23|0x0000000081700000, 0x0000000081800000, 0x0000000081800000|100%| O|  |TAMS 0x0000000081800000, 0x0000000081700000| Untracked 
|  24|0x0000000081800000, 0x0000000081900000, 0x0000000081900000|100%| O|  |TAMS 0x0000000081900000, 0x0000000081800000| Untracked 
|  25|0x0000000081900000, 0x0000000081a00000, 0x0000000081a00000|100%| O|  |TAMS 0x0000000081a00000, 0x0000000081900000| Untracked 
|  26|0x0000000081a00000, 0x0000000081b00000, 0x0000000081b00000|100%| O|  |TAMS 0x0000000081b00000, 0x0000000081a00000| Untracked 
|  27|0x0000000081b00000, 0x0000000081c00000, 0x0000000081c00000|100%| O|  |TAMS 0x0000000081c00000, 0x0000000081b00000| Untracked 
|  28|0x0000000081c00000, 0x0000000081d00000, 0x0000000081d00000|100%| O|  |TAMS 0x0000000081d00000, 0x0000000081c00000| Untracked 
|  29|0x0000000081d00000, 0x0000000081e00000, 0x0000000081e00000|100%|HS|  |TAMS 0x0000000081e00000, 0x0000000081d00000| Complete 
|  30|0x0000000081e00000, 0x0000000081f00000, 0x0000000081f00000|100%|HS|  |TAMS 0x0000000081f00000, 0x0000000081e00000| Complete 
|  31|0x0000000081f00000, 0x0000000082000000, 0x0000000082000000|100%|HC|  |TAMS 0x0000000082000000, 0x0000000081f00000| Complete 
|  32|0x0000000082000000, 0x0000000082100000, 0x0000000082100000|100%|HC|  |TAMS 0x0000000082100000, 0x0000000082000000| Complete 
|  33|0x0000000082100000, 0x0000000082200000, 0x0000000082200000|100%| O|  |TAMS 0x0000000082200000, 0x0000000082100000| Untracked 
|  34|0x0000000082200000, 0x0000000082300000, 0x0000000082300000|100%| O|  |TAMS 0x0000000082300000, 0x0000000082200000| Untracked 
|  35|0x0000000082300000, 0x0000000082400000, 0x0000000082400000|100%| O|  |TAMS 0x0000000082400000, 0x0000000082300000| Untracked 
|  36|0x0000000082400000, 0x0000000082500000, 0x0000000082500000|100%| O|  |TAMS 0x0000000082500000, 0x0000000082400000| Untracked 
|  37|0x0000000082500000, 0x0000000082600000, 0x0000000082600000|100%|HS|  |TAMS 0x0000000082600000, 0x0000000082500000| Complete 
|  38|0x0000000082600000, 0x0000000082700000, 0x0000000082700000|100%|HS|  |TAMS 0x0000000082700000, 0x0000000082600000| Complete 
|  39|0x0000000082700000, 0x0000000082800000, 0x0000000082800000|100%| O|  |TAMS 0x0000000082800000, 0x0000000082700000| Untracked 
|  40|0x0000000082800000, 0x0000000082900000, 0x0000000082900000|100%| O|  |TAMS 0x0000000082900000, 0x0000000082800000| Untracked 
|  41|0x0000000082900000, 0x0000000082a00000, 0x0000000082a00000|100%| O|  |TAMS 0x0000000082a00000, 0x0000000082900000| Untracked 
|  42|0x0000000082a00000, 0x0000000082b00000, 0x0000000082b00000|100%| O|  |TAMS 0x0000000082b00000, 0x0000000082a00000| Untracked 
|  43|0x0000000082b00000, 0x0000000082c00000, 0x0000000082c00000|100%| O|  |TAMS 0x0000000082c00000, 0x0000000082b00000| Untracked 
|  44|0x0000000082c00000, 0x0000000082d00000, 0x0000000082d00000|100%| O|  |TAMS 0x0000000082d00000, 0x0000000082c00000| Untracked 
|  45|0x0000000082d00000, 0x0000000082e00000, 0x0000000082e00000|100%|HS|  |TAMS 0x0000000082e00000, 0x0000000082d00000| Complete 
|  46|0x0000000082e00000, 0x0000000082f00000, 0x0000000082f00000|100%|HC|  |TAMS 0x0000000082f00000, 0x0000000082e00000| Complete 
|  47|0x0000000082f00000, 0x0000000083000000, 0x0000000083000000|100%| O|  |TAMS 0x0000000083000000, 0x0000000082f00000| Untracked 
|  48|0x0000000083000000, 0x0000000083100000, 0x0000000083100000|100%| O|  |TAMS 0x0000000083100000, 0x0000000083000000| Untracked 
|  49|0x0000000083100000, 0x0000000083200000, 0x0000000083200000|100%| O|  |TAMS 0x0000000083200000, 0x0000000083100000| Untracked 
|  50|0x0000000083200000, 0x0000000083300000, 0x0000000083300000|100%| O|  |TAMS 0x0000000083300000, 0x0000000083200000| Untracked 
|  51|0x0000000083300000, 0x0000000083400000, 0x0000000083400000|100%| O|  |TAMS 0x0000000083400000, 0x0000000083300000| Untracked 
|  52|0x0000000083400000, 0x0000000083500000, 0x0000000083500000|100%| O|  |TAMS 0x0000000083500000, 0x0000000083400000| Untracked 
|  53|0x0000000083500000, 0x0000000083600000, 0x0000000083600000|100%| O|  |TAMS 0x0000000083600000, 0x0000000083500000| Untracked 
|  54|0x0000000083600000, 0x0000000083700000, 0x0000000083700000|100%| O|  |TAMS 0x0000000083700000, 0x0000000083600000| Untracked 
|  55|0x0000000083700000, 0x0000000083800000, 0x0000000083800000|100%| O|  |TAMS 0x0000000083800000, 0x0000000083700000| Untracked 
|  56|0x0000000083800000, 0x0000000083900000, 0x0000000083900000|100%| O|  |TAMS 0x0000000083900000, 0x0000000083800000| Untracked 
|  57|0x0000000083900000, 0x0000000083a00000, 0x0000000083a00000|100%| O|  |TAMS 0x0000000083a00000, 0x0000000083900000| Untracked 
|  58|0x0000000083a00000, 0x0000000083b00000, 0x0000000083b00000|100%| O|  |TAMS 0x0000000083b00000, 0x0000000083a00000| Untracked 
|  59|0x0000000083b00000, 0x0000000083c00000, 0x0000000083c00000|100%| O|  |TAMS 0x0000000083c00000, 0x0000000083b00000| Untracked 
|  60|0x0000000083c00000, 0x0000000083d00000, 0x0000000083d00000|100%| O|  |TAMS 0x0000000083d00000, 0x0000000083c00000| Untracked 
|  61|0x0000000083d00000, 0x0000000083e00000, 0x0000000083e00000|100%| O|  |TAMS 0x0000000083e00000, 0x0000000083d00000| Untracked 
|  62|0x0000000083e00000, 0x0000000083f00000, 0x0000000083f00000|100%| O|  |TAMS 0x0000000083f00000, 0x0000000083e00000| Untracked 
|  63|0x0000000083f00000, 0x0000000084000000, 0x0000000084000000|100%| O|  |TAMS 0x0000000084000000, 0x0000000083f00000| Untracked 
|  64|0x0000000084000000, 0x0000000084100000, 0x0000000084100000|100%| O|  |TAMS 0x0000000084000000, 0x0000000084000000| Untracked 
|  65|0x0000000084100000, 0x0000000084200000, 0x0000000084200000|100%| O|  |TAMS 0x0000000084200000, 0x0000000084100000| Untracked 
|  66|0x0000000084200000, 0x0000000084300000, 0x0000000084300000|100%| O|  |TAMS 0x0000000084300000, 0x0000000084200000| Untracked 
|  67|0x0000000084300000, 0x0000000084400000, 0x0000000084400000|100%| O|  |TAMS 0x0000000084400000, 0x0000000084300000| Untracked 
|  68|0x0000000084400000, 0x0000000084500000, 0x0000000084500000|100%| O|  |TAMS 0x0000000084400000, 0x0000000084400000| Untracked 
|  69|0x0000000084500000, 0x0000000084600000, 0x0000000084600000|100%| O|  |TAMS 0x0000000084500000, 0x0000000084500000| Untracked 
|  70|0x0000000084600000, 0x0000000084700000, 0x0000000084700000|100%|HS|  |TAMS 0x0000000084700000, 0x0000000084600000| Complete 
|  71|0x0000000084700000, 0x0000000084800000, 0x0000000084800000|100%|HC|  |TAMS 0x0000000084800000, 0x0000000084700000| Complete 
|  72|0x0000000084800000, 0x0000000084900000, 0x0000000084900000|100%|HS|  |TAMS 0x0000000084900000, 0x0000000084800000| Complete 
|  73|0x0000000084900000, 0x0000000084a00000, 0x0000000084a00000|100%|HC|  |TAMS 0x0000000084a00000, 0x0000000084900000| Complete 
|  74|0x0000000084a00000, 0x0000000084b00000, 0x0000000084b00000|100%|HC|  |TAMS 0x0000000084b00000, 0x0000000084a00000| Complete 
|  75|0x0000000084b00000, 0x0000000084c00000, 0x0000000084c00000|100%|HC|  |TAMS 0x0000000084c00000, 0x0000000084b00000| Complete 
|  76|0x0000000084c00000, 0x0000000084d00000, 0x0000000084d00000|100%| O|  |TAMS 0x0000000084d00000, 0x0000000084c00000| Untracked 
|  77|0x0000000084d00000, 0x0000000084e00000, 0x0000000084e00000|100%| O|  |TAMS 0x0000000084e00000, 0x0000000084d00000| Untracked 
|  78|0x0000000084e00000, 0x0000000084f00000, 0x0000000084f00000|100%| O|  |TAMS 0x0000000084f00000, 0x0000000084e00000| Untracked 
|  79|0x0000000084f00000, 0x0000000085000000, 0x0000000085000000|100%| O|  |TAMS 0x0000000085000000, 0x0000000084f00000| Untracked 
|  80|0x0000000085000000, 0x0000000085100000, 0x0000000085100000|100%| O|  |TAMS 0x0000000085100000, 0x0000000085000000| Untracked 
|  81|0x0000000085100000, 0x0000000085200000, 0x0000000085200000|100%| O|  |TAMS 0x0000000085200000, 0x0000000085100000| Untracked 
|  82|0x0000000085200000, 0x0000000085300000, 0x0000000085300000|100%|HS|  |TAMS 0x0000000085300000, 0x0000000085200000| Complete 
|  83|0x0000000085300000, 0x0000000085400000, 0x0000000085400000|100%|HS|  |TAMS 0x0000000085400000, 0x0000000085300000| Complete 
|  84|0x0000000085400000, 0x0000000085500000, 0x0000000085500000|100%|HS|  |TAMS 0x0000000085500000, 0x0000000085400000| Complete 
|  85|0x0000000085500000, 0x0000000085600000, 0x0000000085600000|100%| O|  |TAMS 0x0000000085600000, 0x0000000085500000| Untracked 
|  86|0x0000000085600000, 0x0000000085700000, 0x0000000085700000|100%| O|  |TAMS 0x0000000085700000, 0x0000000085600000| Untracked 
|  87|0x0000000085700000, 0x0000000085800000, 0x0000000085800000|100%| O|  |TAMS 0x0000000085800000, 0x0000000085700000| Untracked 
|  88|0x0000000085800000, 0x0000000085900000, 0x0000000085900000|100%| O|  |TAMS 0x0000000085900000, 0x0000000085800000| Untracked 
|  89|0x0000000085900000, 0x0000000085a00000, 0x0000000085a00000|100%| O|  |TAMS 0x0000000085a00000, 0x0000000085900000| Untracked 
|  90|0x0000000085a00000, 0x0000000085b00000, 0x0000000085b00000|100%| O|  |TAMS 0x0000000085b00000, 0x0000000085a00000| Untracked 
|  91|0x0000000085b00000, 0x0000000085c00000, 0x0000000085c00000|100%| O|  |TAMS 0x0000000085c00000, 0x0000000085b00000| Untracked 
|  92|0x0000000085c00000, 0x0000000085d00000, 0x0000000085d00000|100%| O|  |TAMS 0x0000000085d00000, 0x0000000085c00000| Untracked 
|  93|0x0000000085d00000, 0x0000000085e00000, 0x0000000085e00000|100%|HS|  |TAMS 0x0000000085e00000, 0x0000000085d00000| Complete 
|  94|0x0000000085e00000, 0x0000000085f00000, 0x0000000085f00000|100%|HC|  |TAMS 0x0000000085f00000, 0x0000000085e00000| Complete 
|  95|0x0000000085f00000, 0x0000000086000000, 0x0000000086000000|100%|HC|  |TAMS 0x0000000086000000, 0x0000000085f00000| Complete 
|  96|0x0000000086000000, 0x0000000086100000, 0x0000000086100000|100%| O|  |TAMS 0x0000000086100000, 0x0000000086000000| Untracked 
|  97|0x0000000086100000, 0x0000000086200000, 0x0000000086200000|100%| O|  |TAMS 0x0000000086200000, 0x0000000086100000| Untracked 
|  98|0x0000000086200000, 0x0000000086300000, 0x0000000086300000|100%| O|  |TAMS 0x0000000086300000, 0x0000000086200000| Untracked 
|  99|0x0000000086300000, 0x0000000086400000, 0x0000000086400000|100%| O|  |TAMS 0x0000000086400000, 0x0000000086300000| Untracked 
| 100|0x0000000086400000, 0x0000000086500000, 0x0000000086500000|100%| O|  |TAMS 0x0000000086500000, 0x0000000086400000| Untracked 
| 101|0x0000000086500000, 0x0000000086600000, 0x0000000086600000|100%| O|  |TAMS 0x0000000086600000, 0x0000000086500000| Untracked 
| 102|0x0000000086600000, 0x0000000086700000, 0x0000000086700000|100%| O|  |TAMS 0x0000000086600000, 0x0000000086600000| Untracked 
| 103|0x0000000086700000, 0x0000000086800000, 0x0000000086800000|100%| O|  |TAMS 0x0000000086800000, 0x0000000086700000| Untracked 
| 104|0x0000000086800000, 0x0000000086900000, 0x0000000086900000|100%| O|  |TAMS 0x0000000086900000, 0x0000000086800000| Untracked 
| 105|0x0000000086900000, 0x0000000086a00000, 0x0000000086a00000|100%| O|  |TAMS 0x0000000086a00000, 0x0000000086900000| Untracked 
| 106|0x0000000086a00000, 0x0000000086b00000, 0x0000000086b00000|100%| O|  |TAMS 0x0000000086b00000, 0x0000000086a00000| Untracked 
| 107|0x0000000086b00000, 0x0000000086c00000, 0x0000000086c00000|100%| O|  |TAMS 0x0000000086c00000, 0x0000000086b00000| Untracked 
| 108|0x0000000086c00000, 0x0000000086d00000, 0x0000000086d00000|100%| O|  |TAMS 0x0000000086d00000, 0x0000000086c00000| Untracked 
| 109|0x0000000086d00000, 0x0000000086e00000, 0x0000000086e00000|100%| O|  |TAMS 0x0000000086e00000, 0x0000000086d00000| Untracked 
| 110|0x0000000086e00000, 0x0000000086f00000, 0x0000000086f00000|100%| O|  |TAMS 0x0000000086f00000, 0x0000000086e00000| Untracked 
| 111|0x0000000086f00000, 0x0000000087000000, 0x0000000087000000|100%|HS|  |TAMS 0x0000000087000000, 0x0000000086f00000| Complete 
| 112|0x0000000087000000, 0x0000000087100000, 0x0000000087100000|100%| O|  |TAMS 0x0000000087100000, 0x0000000087000000| Untracked 
| 113|0x0000000087100000, 0x0000000087200000, 0x0000000087200000|100%| O|  |TAMS 0x0000000087200000, 0x0000000087100000| Untracked 
| 114|0x0000000087200000, 0x0000000087300000, 0x0000000087300000|100%| O|  |TAMS 0x0000000087300000, 0x0000000087200000| Untracked 
| 115|0x0000000087300000, 0x0000000087400000, 0x0000000087400000|100%| O|  |TAMS 0x0000000087300000, 0x0000000087300000| Untracked 
| 116|0x0000000087400000, 0x0000000087500000, 0x0000000087500000|100%| O|  |TAMS 0x0000000087400000, 0x0000000087400000| Untracked 
| 117|0x0000000087500000, 0x0000000087600000, 0x0000000087600000|100%| O|  |TAMS 0x0000000087600000, 0x0000000087500000| Untracked 
| 118|0x0000000087600000, 0x0000000087700000, 0x0000000087700000|100%|HS|  |TAMS 0x0000000087700000, 0x0000000087600000| Complete 
| 119|0x0000000087700000, 0x0000000087800000, 0x0000000087800000|100%|HC|  |TAMS 0x0000000087800000, 0x0000000087700000| Complete 
| 120|0x0000000087800000, 0x0000000087900000, 0x0000000087900000|100%|HC|  |TAMS 0x0000000087900000, 0x0000000087800000| Complete 
| 121|0x0000000087900000, 0x0000000087a00000, 0x0000000087a00000|100%| O|  |TAMS 0x0000000087a00000, 0x0000000087900000| Untracked 
| 122|0x0000000087a00000, 0x0000000087b00000, 0x0000000087b00000|100%| O|  |TAMS 0x0000000087a00000, 0x0000000087a00000| Untracked 
| 123|0x0000000087b00000, 0x0000000087c00000, 0x0000000087c00000|100%| O|  |TAMS 0x0000000087c00000, 0x0000000087b00000| Untracked 
| 124|0x0000000087c00000, 0x0000000087d00000, 0x0000000087d00000|100%| O|  |TAMS 0x0000000087d00000, 0x0000000087c00000| Untracked 
| 125|0x0000000087d00000, 0x0000000087e00000, 0x0000000087e00000|100%| O|  |TAMS 0x0000000087e00000, 0x0000000087d00000| Untracked 
| 126|0x0000000087e00000, 0x0000000087f00000, 0x0000000087f00000|100%| O|  |TAMS 0x0000000087e00000, 0x0000000087e00000| Untracked 
| 127|0x0000000087f00000, 0x0000000088000000, 0x0000000088000000|100%|HS|  |TAMS 0x0000000088000000, 0x0000000087f00000| Complete 
| 128|0x0000000088000000, 0x0000000088100000, 0x0000000088100000|100%| O|  |TAMS 0x0000000088000000, 0x0000000088000000| Untracked 
| 129|0x0000000088100000, 0x0000000088200000, 0x0000000088200000|100%| O|  |TAMS 0x0000000088100000, 0x0000000088100000| Untracked 
| 130|0x0000000088200000, 0x0000000088300000, 0x0000000088300000|100%| O|  |TAMS 0x0000000088300000, 0x0000000088200000| Untracked 
| 131|0x0000000088300000, 0x0000000088400000, 0x0000000088400000|100%| O|  |TAMS 0x0000000088300000, 0x0000000088300000| Untracked 
| 132|0x0000000088400000, 0x0000000088500000, 0x0000000088500000|100%| O|  |TAMS 0x0000000088500000, 0x0000000088400000| Untracked 
| 133|0x0000000088500000, 0x0000000088600000, 0x0000000088600000|100%| O|  |TAMS 0x0000000088600000, 0x0000000088500000| Untracked 
| 134|0x0000000088600000, 0x0000000088700000, 0x0000000088700000|100%| O|  |TAMS 0x0000000088700000, 0x0000000088600000| Untracked 
| 135|0x0000000088700000, 0x0000000088800000, 0x0000000088800000|100%| O|  |TAMS 0x0000000088800000, 0x0000000088700000| Untracked 
| 136|0x0000000088800000, 0x0000000088900000, 0x0000000088900000|100%| O|  |TAMS 0x0000000088900000, 0x0000000088800000| Untracked 
| 137|0x0000000088900000, 0x0000000088a00000, 0x0000000088a00000|100%| O|  |TAMS 0x0000000088a00000, 0x0000000088900000| Untracked 
| 138|0x0000000088a00000, 0x0000000088b00000, 0x0000000088b00000|100%| O|  |TAMS 0x0000000088b00000, 0x0000000088a00000| Untracked 
| 139|0x0000000088b00000, 0x0000000088c00000, 0x0000000088c00000|100%| O|  |TAMS 0x0000000088c00000, 0x0000000088b00000| Untracked 
| 140|0x0000000088c00000, 0x0000000088d00000, 0x0000000088d00000|100%| O|  |TAMS 0x0000000088d00000, 0x0000000088c00000| Untracked 
| 141|0x0000000088d00000, 0x0000000088e00000, 0x0000000088e00000|100%| O|  |TAMS 0x0000000088e00000, 0x0000000088d00000| Untracked 
| 142|0x0000000088e00000, 0x0000000088f00000, 0x0000000088f00000|100%| O|  |TAMS 0x0000000088e00000, 0x0000000088e00000| Untracked 
| 143|0x0000000088f00000, 0x0000000089000000, 0x0000000089000000|100%| O|  |TAMS 0x0000000089000000, 0x0000000088f00000| Untracked 
| 144|0x0000000089000000, 0x0000000089100000, 0x0000000089100000|100%| O|  |TAMS 0x0000000089100000, 0x0000000089000000| Untracked 
| 145|0x0000000089100000, 0x0000000089200000, 0x0000000089200000|100%| O|  |TAMS 0x0000000089200000, 0x0000000089100000| Untracked 
| 146|0x0000000089200000, 0x0000000089300000, 0x0000000089300000|100%| O|  |TAMS 0x0000000089300000, 0x0000000089200000| Untracked 
| 147|0x0000000089300000, 0x0000000089400000, 0x0000000089400000|100%| O|  |TAMS 0x0000000089400000, 0x0000000089300000| Untracked 
| 148|0x0000000089400000, 0x0000000089500000, 0x0000000089500000|100%| O|  |TAMS 0x0000000089500000, 0x0000000089400000| Untracked 
| 149|0x0000000089500000, 0x0000000089600000, 0x0000000089600000|100%| O|  |TAMS 0x0000000089600000, 0x0000000089500000| Untracked 
| 150|0x0000000089600000, 0x0000000089700000, 0x0000000089700000|100%| O|  |TAMS 0x0000000089700000, 0x0000000089600000| Untracked 
| 151|0x0000000089700000, 0x0000000089800000, 0x0000000089800000|100%| O|  |TAMS 0x0000000089800000, 0x0000000089700000| Untracked 
| 152|0x0000000089800000, 0x0000000089900000, 0x0000000089900000|100%| O|  |TAMS 0x0000000089900000, 0x0000000089800000| Untracked 
| 153|0x0000000089900000, 0x0000000089a00000, 0x0000000089a00000|100%| O|  |TAMS 0x0000000089a00000, 0x0000000089900000| Untracked 
| 154|0x0000000089a00000, 0x0000000089b00000, 0x0000000089b00000|100%| O|  |TAMS 0x0000000089b00000, 0x0000000089a00000| Untracked 
| 155|0x0000000089b00000, 0x0000000089c00000, 0x0000000089c00000|100%| O|  |TAMS 0x0000000089c00000, 0x0000000089b00000| Untracked 
| 156|0x0000000089c00000, 0x0000000089d00000, 0x0000000089d00000|100%| O|  |TAMS 0x0000000089d00000, 0x0000000089c00000| Untracked 
| 157|0x0000000089d00000, 0x0000000089e00000, 0x0000000089e00000|100%| O|  |TAMS 0x0000000089e00000, 0x0000000089d00000| Untracked 
| 158|0x0000000089e00000, 0x0000000089f00000, 0x0000000089f00000|100%| O|  |TAMS 0x0000000089e00000, 0x0000000089e00000| Untracked 
| 159|0x0000000089f00000, 0x000000008a000000, 0x000000008a000000|100%| O|  |TAMS 0x000000008a000000, 0x0000000089f00000| Untracked 
| 160|0x000000008a000000, 0x000000008a100000, 0x000000008a100000|100%| O|  |TAMS 0x000000008a100000, 0x000000008a000000| Untracked 
| 161|0x000000008a100000, 0x000000008a200000, 0x000000008a200000|100%| O|  |TAMS 0x000000008a200000, 0x000000008a100000| Untracked 
| 162|0x000000008a200000, 0x000000008a300000, 0x000000008a300000|100%| O|  |TAMS 0x000000008a300000, 0x000000008a200000| Untracked 
| 163|0x000000008a300000, 0x000000008a400000, 0x000000008a400000|100%| O|  |TAMS 0x000000008a400000, 0x000000008a300000| Untracked 
| 164|0x000000008a400000, 0x000000008a500000, 0x000000008a500000|100%| O|  |TAMS 0x000000008a500000, 0x000000008a400000| Untracked 
| 165|0x000000008a500000, 0x000000008a600000, 0x000000008a600000|100%| O|  |TAMS 0x000000008a500000, 0x000000008a500000| Untracked 
| 166|0x000000008a600000, 0x000000008a700000, 0x000000008a700000|100%| O|  |TAMS 0x000000008a700000, 0x000000008a600000| Untracked 
| 167|0x000000008a700000, 0x000000008a800000, 0x000000008a800000|100%| O|  |TAMS 0x000000008a700000, 0x000000008a700000| Untracked 
| 168|0x000000008a800000, 0x000000008a900000, 0x000000008a900000|100%| O|  |TAMS 0x000000008a800000, 0x000000008a800000| Untracked 
| 169|0x000000008a900000, 0x000000008aa00000, 0x000000008aa00000|100%| O|  |TAMS 0x000000008aa00000, 0x000000008a900000| Untracked 
| 170|0x000000008aa00000, 0x000000008ab00000, 0x000000008ab00000|100%| O|  |TAMS 0x000000008ab00000, 0x000000008aa00000| Untracked 
| 171|0x000000008ab00000, 0x000000008ac00000, 0x000000008ac00000|100%| O|  |TAMS 0x000000008ac00000, 0x000000008ab00000| Untracked 
| 172|0x000000008ac00000, 0x000000008ad00000, 0x000000008ad00000|100%| O|  |TAMS 0x000000008ad00000, 0x000000008ac00000| Untracked 
| 173|0x000000008ad00000, 0x000000008ae00000, 0x000000008ae00000|100%| O|  |TAMS 0x000000008ae00000, 0x000000008ad00000| Untracked 
| 174|0x000000008ae00000, 0x000000008af00000, 0x000000008af00000|100%| O|  |TAMS 0x000000008af00000, 0x000000008ae00000| Untracked 
| 175|0x000000008af00000, 0x000000008b000000, 0x000000008b000000|100%| O|  |TAMS 0x000000008b000000, 0x000000008af00000| Untracked 
| 176|0x000000008b000000, 0x000000008b100000, 0x000000008b100000|100%| O|  |TAMS 0x000000008b100000, 0x000000008b000000| Untracked 
| 177|0x000000008b100000, 0x000000008b200000, 0x000000008b200000|100%| O|  |TAMS 0x000000008b200000, 0x000000008b100000| Untracked 
| 178|0x000000008b200000, 0x000000008b300000, 0x000000008b300000|100%| O|  |TAMS 0x000000008b300000, 0x000000008b200000| Untracked 
| 179|0x000000008b300000, 0x000000008b400000, 0x000000008b400000|100%| O|  |TAMS 0x000000008b400000, 0x000000008b300000| Untracked 
| 180|0x000000008b400000, 0x000000008b500000, 0x000000008b500000|100%| O|  |TAMS 0x000000008b500000, 0x000000008b400000| Untracked 
| 181|0x000000008b500000, 0x000000008b600000, 0x000000008b600000|100%| O|  |TAMS 0x000000008b500000, 0x000000008b500000| Untracked 
| 182|0x000000008b600000, 0x000000008b700000, 0x000000008b700000|100%| O|  |TAMS 0x000000008b700000, 0x000000008b600000| Untracked 
| 183|0x000000008b700000, 0x000000008b800000, 0x000000008b800000|100%| O|  |TAMS 0x000000008b800000, 0x000000008b700000| Untracked 
| 184|0x000000008b800000, 0x000000008b900000, 0x000000008b900000|100%| O|  |TAMS 0x000000008b900000, 0x000000008b800000| Untracked 
| 185|0x000000008b900000, 0x000000008ba00000, 0x000000008ba00000|100%| O|  |TAMS 0x000000008ba00000, 0x000000008b900000| Untracked 
| 186|0x000000008ba00000, 0x000000008bb00000, 0x000000008bb00000|100%| O|  |TAMS 0x000000008ba00000, 0x000000008ba00000| Untracked 
| 187|0x000000008bb00000, 0x000000008bc00000, 0x000000008bc00000|100%| O|  |TAMS 0x000000008bc00000, 0x000000008bb00000| Untracked 
| 188|0x000000008bc00000, 0x000000008bd00000, 0x000000008bd00000|100%| O|  |TAMS 0x000000008bd00000, 0x000000008bc00000| Untracked 
| 189|0x000000008bd00000, 0x000000008be00000, 0x000000008be00000|100%| O|  |TAMS 0x000000008be00000, 0x000000008bd00000| Untracked 
| 190|0x000000008be00000, 0x000000008bf00000, 0x000000008bf00000|100%| O|  |TAMS 0x000000008bf00000, 0x000000008be00000| Untracked 
| 191|0x000000008bf00000, 0x000000008c000000, 0x000000008c000000|100%| O|  |TAMS 0x000000008bf00000, 0x000000008bf00000| Untracked 
| 192|0x000000008c000000, 0x000000008c100000, 0x000000008c100000|100%| O|  |TAMS 0x000000008c100000, 0x000000008c000000| Untracked 
| 193|0x000000008c100000, 0x000000008c200000, 0x000000008c200000|100%| O|  |TAMS 0x000000008c200000, 0x000000008c100000| Untracked 
| 194|0x000000008c200000, 0x000000008c300000, 0x000000008c300000|100%| O|  |TAMS 0x000000008c300000, 0x000000008c200000| Untracked 
| 195|0x000000008c300000, 0x000000008c400000, 0x000000008c400000|100%| O|  |TAMS 0x000000008c400000, 0x000000008c300000| Untracked 
| 196|0x000000008c400000, 0x000000008c500000, 0x000000008c500000|100%| O|  |TAMS 0x000000008c500000, 0x000000008c400000| Untracked 
| 197|0x000000008c500000, 0x000000008c600000, 0x000000008c600000|100%| O|  |TAMS 0x000000008c600000, 0x000000008c500000| Untracked 
| 198|0x000000008c600000, 0x000000008c700000, 0x000000008c700000|100%| O|  |TAMS 0x000000008c700000, 0x000000008c600000| Untracked 
| 199|0x000000008c700000, 0x000000008c800000, 0x000000008c800000|100%| O|  |TAMS 0x000000008c800000, 0x000000008c700000| Untracked 
| 200|0x000000008c800000, 0x000000008c900000, 0x000000008c900000|100%| O|  |TAMS 0x000000008c900000, 0x000000008c800000| Untracked 
| 201|0x000000008c900000, 0x000000008ca00000, 0x000000008ca00000|100%| O|  |TAMS 0x000000008ca00000, 0x000000008c900000| Untracked 
| 202|0x000000008ca00000, 0x000000008cb00000, 0x000000008cb00000|100%| O|  |TAMS 0x000000008cb00000, 0x000000008ca00000| Untracked 
| 203|0x000000008cb00000, 0x000000008cc00000, 0x000000008cc00000|100%| O|  |TAMS 0x000000008cc00000, 0x000000008cb00000| Untracked 
| 204|0x000000008cc00000, 0x000000008cd00000, 0x000000008cd00000|100%| O|  |TAMS 0x000000008cd00000, 0x000000008cc00000| Untracked 
| 205|0x000000008cd00000, 0x000000008ce00000, 0x000000008ce00000|100%| O|  |TAMS 0x000000008ce00000, 0x000000008cd00000| Untracked 
| 206|0x000000008ce00000, 0x000000008cf00000, 0x000000008cf00000|100%| O|  |TAMS 0x000000008cf00000, 0x000000008ce00000| Untracked 
| 207|0x000000008cf00000, 0x000000008d000000, 0x000000008d000000|100%| O|  |TAMS 0x000000008d000000, 0x000000008cf00000| Untracked 
| 208|0x000000008d000000, 0x000000008d100000, 0x000000008d100000|100%| O|  |TAMS 0x000000008d100000, 0x000000008d000000| Untracked 
| 209|0x000000008d100000, 0x000000008d200000, 0x000000008d200000|100%| O|  |TAMS 0x000000008d200000, 0x000000008d100000| Untracked 
| 210|0x000000008d200000, 0x000000008d300000, 0x000000008d300000|100%| O|  |TAMS 0x000000008d200000, 0x000000008d200000| Untracked 
| 211|0x000000008d300000, 0x000000008d400000, 0x000000008d400000|100%| O|  |TAMS 0x000000008d400000, 0x000000008d300000| Untracked 
| 212|0x000000008d400000, 0x000000008d500000, 0x000000008d500000|100%| O|  |TAMS 0x000000008d400000, 0x000000008d400000| Untracked 
| 213|0x000000008d500000, 0x000000008d600000, 0x000000008d600000|100%| O|  |TAMS 0x000000008d500000, 0x000000008d500000| Untracked 
| 214|0x000000008d600000, 0x000000008d700000, 0x000000008d700000|100%| O|  |TAMS 0x000000008d700000, 0x000000008d600000| Untracked 
| 215|0x000000008d700000, 0x000000008d800000, 0x000000008d800000|100%| O|  |TAMS 0x000000008d800000, 0x000000008d700000| Untracked 
| 216|0x000000008d800000, 0x000000008d900000, 0x000000008d900000|100%| O|  |TAMS 0x000000008d900000, 0x000000008d800000| Untracked 
| 217|0x000000008d900000, 0x000000008da00000, 0x000000008da00000|100%| O|  |TAMS 0x000000008da00000, 0x000000008d900000| Untracked 
| 218|0x000000008da00000, 0x000000008db00000, 0x000000008db00000|100%| O|  |TAMS 0x000000008db00000, 0x000000008da00000| Untracked 
| 219|0x000000008db00000, 0x000000008dc00000, 0x000000008dc00000|100%| O|  |TAMS 0x000000008db00000, 0x000000008db00000| Untracked 
| 220|0x000000008dc00000, 0x000000008dd00000, 0x000000008dd00000|100%| O|  |TAMS 0x000000008dc00000, 0x000000008dc00000| Untracked 
| 221|0x000000008dd00000, 0x000000008de00000, 0x000000008de00000|100%| O|  |TAMS 0x000000008dd00000, 0x000000008dd00000| Untracked 
| 222|0x000000008de00000, 0x000000008df00000, 0x000000008df00000|100%| O|  |TAMS 0x000000008de00000, 0x000000008de00000| Untracked 
| 223|0x000000008df00000, 0x000000008e000000, 0x000000008e000000|100%| O|  |TAMS 0x000000008df00000, 0x000000008df00000| Untracked 
| 224|0x000000008e000000, 0x000000008e100000, 0x000000008e100000|100%| O|  |TAMS 0x000000008e000000, 0x000000008e000000| Untracked 
| 225|0x000000008e100000, 0x000000008e200000, 0x000000008e200000|100%| O|  |TAMS 0x000000008e100000, 0x000000008e100000| Untracked 
| 226|0x000000008e200000, 0x000000008e300000, 0x000000008e300000|100%| O|  |TAMS 0x000000008e200000, 0x000000008e200000| Untracked 
| 227|0x000000008e300000, 0x000000008e400000, 0x000000008e400000|100%|HS|  |TAMS 0x000000008e300000, 0x000000008e300000| Complete 
| 228|0x000000008e400000, 0x000000008e500000, 0x000000008e500000|100%|HC|  |TAMS 0x000000008e400000, 0x000000008e400000| Complete 
| 229|0x000000008e500000, 0x000000008e600000, 0x000000008e600000|100%| O|  |TAMS 0x000000008e500000, 0x000000008e500000| Untracked 
| 230|0x000000008e600000, 0x000000008e700000, 0x000000008e700000|100%| O|  |TAMS 0x000000008e600000, 0x000000008e600000| Untracked 
| 231|0x000000008e700000, 0x000000008e800000, 0x000000008e800000|100%| O|  |TAMS 0x000000008e700000, 0x000000008e700000| Untracked 
| 232|0x000000008e800000, 0x000000008e900000, 0x000000008e900000|100%| O|  |TAMS 0x000000008e800000, 0x000000008e800000| Untracked 
| 233|0x000000008e900000, 0x000000008ea00000, 0x000000008ea00000|100%| O|  |TAMS 0x000000008e900000, 0x000000008e900000| Untracked 
| 234|0x000000008ea00000, 0x000000008eb00000, 0x000000008eb00000|100%| O|  |TAMS 0x000000008ea00000, 0x000000008ea00000| Untracked 
| 235|0x000000008eb00000, 0x000000008ec00000, 0x000000008ec00000|100%| O|  |TAMS 0x000000008eb00000, 0x000000008eb00000| Untracked 
| 236|0x000000008ec00000, 0x000000008ed00000, 0x000000008ed00000|100%| O|  |TAMS 0x000000008ed00000, 0x000000008ec00000| Untracked 
| 237|0x000000008ed00000, 0x000000008edb0000, 0x000000008ee00000| 68%| O|  |TAMS 0x000000008ed00000, 0x000000008ed00000| Untracked 
| 238|0x000000008ee00000, 0x000000008ee00000, 0x000000008ef00000|  0%| F|  |TAMS 0x000000008ee00000, 0x000000008ee00000| Untracked 
| 239|0x000000008ef00000, 0x000000008f000000, 0x000000008f000000|100%| O|  |TAMS 0x000000008f000000, 0x000000008ef00000| Untracked 
| 240|0x000000008f000000, 0x000000008f000000, 0x000000008f100000|  0%| F|  |TAMS 0x000000008f000000, 0x000000008f000000| Untracked 
| 241|0x000000008f100000, 0x000000008f100000, 0x000000008f200000|  0%| F|  |TAMS 0x000000008f100000, 0x000000008f100000| Untracked 
| 242|0x000000008f200000, 0x000000008f300000, 0x000000008f300000|100%| O|  |TAMS 0x000000008f300000, 0x000000008f200000| Untracked 
| 243|0x000000008f300000, 0x000000008f400000, 0x000000008f400000|100%| O|  |TAMS 0x000000008f400000, 0x000000008f300000| Untracked 
| 244|0x000000008f400000, 0x000000008f500000, 0x000000008f500000|100%| O|  |TAMS 0x000000008f500000, 0x000000008f400000| Untracked 
| 245|0x000000008f500000, 0x000000008f600000, 0x000000008f600000|100%| O|  |TAMS 0x000000008f600000, 0x000000008f500000| Untracked 
| 246|0x000000008f600000, 0x000000008f700000, 0x000000008f700000|100%| O|  |TAMS 0x000000008f700000, 0x000000008f600000| Untracked 
| 247|0x000000008f700000, 0x000000008f800000, 0x000000008f800000|100%| O|  |TAMS 0x000000008f800000, 0x000000008f700000| Untracked 
| 248|0x000000008f800000, 0x000000008f900000, 0x000000008f900000|100%| O|  |TAMS 0x000000008f899000, 0x000000008f800000| Untracked 
| 249|0x000000008f900000, 0x000000008fa00000, 0x000000008fa00000|100%| O|  |TAMS 0x000000008f900000, 0x000000008f900000| Untracked 
| 250|0x000000008fa00000, 0x000000008fb00000, 0x000000008fb00000|100%| O|  |TAMS 0x000000008fa00000, 0x000000008fa00000| Untracked 
| 251|0x000000008fb00000, 0x000000008fc00000, 0x000000008fc00000|100%| O|  |TAMS 0x000000008fb00000, 0x000000008fb00000| Untracked 
| 252|0x000000008fc00000, 0x000000008fd00000, 0x000000008fd00000|100%| O|  |TAMS 0x000000008fc00000, 0x000000008fc00000| Untracked 
| 253|0x000000008fd00000, 0x000000008fe00000, 0x000000008fe00000|100%| O|  |TAMS 0x000000008fd00000, 0x000000008fd00000| Untracked 
| 254|0x000000008fe00000, 0x000000008ff00000, 0x000000008ff00000|100%| O|  |TAMS 0x000000008fe00000, 0x000000008fe00000| Untracked 
| 255|0x000000008ff00000, 0x000000008ff00000, 0x0000000090000000|  0%| F|  |TAMS 0x000000008ff00000, 0x000000008ff00000| Untracked 
| 256|0x0000000090000000, 0x0000000090000000, 0x0000000090100000|  0%| F|  |TAMS 0x0000000090000000, 0x0000000090000000| Untracked 
| 257|0x0000000090100000, 0x0000000090100000, 0x0000000090200000|  0%| F|  |TAMS 0x0000000090100000, 0x0000000090100000| Untracked 
| 258|0x0000000090200000, 0x0000000090200000, 0x0000000090300000|  0%| F|  |TAMS 0x0000000090200000, 0x0000000090200000| Untracked 
| 259|0x0000000090300000, 0x0000000090300000, 0x0000000090400000|  0%| F|  |TAMS 0x0000000090300000, 0x0000000090300000| Untracked 
| 260|0x0000000090400000, 0x0000000090400000, 0x0000000090500000|  0%| F|  |TAMS 0x0000000090400000, 0x0000000090400000| Untracked 
| 261|0x0000000090500000, 0x0000000090500000, 0x0000000090600000|  0%| F|  |TAMS 0x0000000090500000, 0x0000000090500000| Untracked 
| 262|0x0000000090600000, 0x0000000090600000, 0x0000000090700000|  0%| F|  |TAMS 0x0000000090600000, 0x0000000090600000| Untracked 
| 263|0x0000000090700000, 0x0000000090700000, 0x0000000090800000|  0%| F|  |TAMS 0x0000000090700000, 0x0000000090700000| Untracked 
| 264|0x0000000090800000, 0x0000000090800000, 0x0000000090900000|  0%| F|  |TAMS 0x0000000090800000, 0x0000000090800000| Untracked 
| 265|0x0000000090900000, 0x0000000090900000, 0x0000000090a00000|  0%| F|  |TAMS 0x0000000090900000, 0x0000000090900000| Untracked 
| 266|0x0000000090a00000, 0x0000000090a00000, 0x0000000090b00000|  0%| F|  |TAMS 0x0000000090a00000, 0x0000000090a00000| Untracked 
| 267|0x0000000090b00000, 0x0000000090b00000, 0x0000000090c00000|  0%| F|  |TAMS 0x0000000090b00000, 0x0000000090b00000| Untracked 
| 268|0x0000000090c00000, 0x0000000090c00000, 0x0000000090d00000|  0%| F|  |TAMS 0x0000000090c00000, 0x0000000090c00000| Untracked 
| 269|0x0000000090d00000, 0x0000000090d00000, 0x0000000090e00000|  0%| F|  |TAMS 0x0000000090d00000, 0x0000000090d00000| Untracked 
| 270|0x0000000090e00000, 0x0000000090e00000, 0x0000000090f00000|  0%| F|  |TAMS 0x0000000090e00000, 0x0000000090e00000| Untracked 
| 271|0x0000000090f00000, 0x0000000090f00000, 0x0000000091000000|  0%| F|  |TAMS 0x0000000090f00000, 0x0000000090f00000| Untracked 
| 272|0x0000000091000000, 0x0000000091000000, 0x0000000091100000|  0%| F|  |TAMS 0x0000000091000000, 0x0000000091000000| Untracked 
| 273|0x0000000091100000, 0x0000000091100000, 0x0000000091200000|  0%| F|  |TAMS 0x0000000091100000, 0x0000000091100000| Untracked 
| 274|0x0000000091200000, 0x0000000091200000, 0x0000000091300000|  0%| F|  |TAMS 0x0000000091200000, 0x0000000091200000| Untracked 
| 275|0x0000000091300000, 0x0000000091300000, 0x0000000091400000|  0%| F|  |TAMS 0x0000000091300000, 0x0000000091300000| Untracked 
| 276|0x0000000091400000, 0x0000000091400000, 0x0000000091500000|  0%| F|  |TAMS 0x0000000091400000, 0x0000000091400000| Untracked 
| 277|0x0000000091500000, 0x0000000091500000, 0x0000000091600000|  0%| F|  |TAMS 0x0000000091500000, 0x0000000091500000| Untracked 
| 278|0x0000000091600000, 0x0000000091600000, 0x0000000091700000|  0%| F|  |TAMS 0x0000000091600000, 0x0000000091600000| Untracked 
| 279|0x0000000091700000, 0x0000000091700000, 0x0000000091800000|  0%| F|  |TAMS 0x0000000091700000, 0x0000000091700000| Untracked 
| 280|0x0000000091800000, 0x0000000091800000, 0x0000000091900000|  0%| F|  |TAMS 0x0000000091800000, 0x0000000091800000| Untracked 
| 281|0x0000000091900000, 0x0000000091900000, 0x0000000091a00000|  0%| F|  |TAMS 0x0000000091900000, 0x0000000091900000| Untracked 
| 282|0x0000000091a00000, 0x0000000091a00000, 0x0000000091b00000|  0%| F|  |TAMS 0x0000000091a00000, 0x0000000091a00000| Untracked 
| 283|0x0000000091b00000, 0x0000000091b00000, 0x0000000091c00000|  0%| F|  |TAMS 0x0000000091b00000, 0x0000000091b00000| Untracked 
| 284|0x0000000091c00000, 0x0000000091c00000, 0x0000000091d00000|  0%| F|  |TAMS 0x0000000091c00000, 0x0000000091c00000| Untracked 
| 285|0x0000000091d00000, 0x0000000091d00000, 0x0000000091e00000|  0%| F|  |TAMS 0x0000000091d00000, 0x0000000091d00000| Untracked 
| 286|0x0000000091e00000, 0x0000000091e00000, 0x0000000091f00000|  0%| F|  |TAMS 0x0000000091e00000, 0x0000000091e00000| Untracked 
| 287|0x0000000091f00000, 0x0000000091f00000, 0x0000000092000000|  0%| F|  |TAMS 0x0000000091f00000, 0x0000000091f00000| Untracked 
| 288|0x0000000092000000, 0x0000000092000000, 0x0000000092100000|  0%| F|  |TAMS 0x0000000092000000, 0x0000000092000000| Untracked 
| 289|0x0000000092100000, 0x0000000092100000, 0x0000000092200000|  0%| F|  |TAMS 0x0000000092100000, 0x0000000092100000| Untracked 
| 290|0x0000000092200000, 0x0000000092200000, 0x0000000092300000|  0%| F|  |TAMS 0x0000000092200000, 0x0000000092200000| Untracked 
| 291|0x0000000092300000, 0x0000000092300000, 0x0000000092400000|  0%| F|  |TAMS 0x0000000092300000, 0x0000000092300000| Untracked 
| 292|0x0000000092400000, 0x0000000092400000, 0x0000000092500000|  0%| F|  |TAMS 0x0000000092400000, 0x0000000092400000| Untracked 
| 293|0x0000000092500000, 0x0000000092500000, 0x0000000092600000|  0%| F|  |TAMS 0x0000000092500000, 0x0000000092500000| Untracked 
| 294|0x0000000092600000, 0x0000000092600000, 0x0000000092700000|  0%| F|  |TAMS 0x0000000092600000, 0x0000000092600000| Untracked 
| 295|0x0000000092700000, 0x0000000092700000, 0x0000000092800000|  0%| F|  |TAMS 0x0000000092700000, 0x0000000092700000| Untracked 
| 296|0x0000000092800000, 0x0000000092800000, 0x0000000092900000|  0%| F|  |TAMS 0x0000000092800000, 0x0000000092800000| Untracked 
| 297|0x0000000092900000, 0x0000000092900000, 0x0000000092a00000|  0%| F|  |TAMS 0x0000000092900000, 0x0000000092900000| Untracked 
| 298|0x0000000092a00000, 0x0000000092a00000, 0x0000000092b00000|  0%| F|  |TAMS 0x0000000092a00000, 0x0000000092a00000| Untracked 
| 299|0x0000000092b00000, 0x0000000092b00000, 0x0000000092c00000|  0%| F|  |TAMS 0x0000000092b00000, 0x0000000092b00000| Untracked 
| 300|0x0000000092c00000, 0x0000000092c00000, 0x0000000092d00000|  0%| F|  |TAMS 0x0000000092c00000, 0x0000000092c00000| Untracked 
| 301|0x0000000092d00000, 0x0000000092d00000, 0x0000000092e00000|  0%| F|  |TAMS 0x0000000092d00000, 0x0000000092d00000| Untracked 
| 302|0x0000000092e00000, 0x0000000092e00000, 0x0000000092f00000|  0%| F|  |TAMS 0x0000000092e00000, 0x0000000092e00000| Untracked 
| 303|0x0000000092f00000, 0x0000000093000000, 0x0000000093000000|100%| S|CS|TAMS 0x0000000092f00000, 0x0000000092f00000| Complete 
| 304|0x0000000093000000, 0x0000000093100000, 0x0000000093100000|100%| S|CS|TAMS 0x0000000093000000, 0x0000000093000000| Complete 
| 305|0x0000000093100000, 0x0000000093200000, 0x0000000093200000|100%| S|CS|TAMS 0x0000000093100000, 0x0000000093100000| Complete 
| 306|0x0000000093200000, 0x0000000093300000, 0x0000000093300000|100%| S|CS|TAMS 0x0000000093200000, 0x0000000093200000| Complete 
| 307|0x0000000093300000, 0x0000000093400000, 0x0000000093400000|100%| S|CS|TAMS 0x0000000093300000, 0x0000000093300000| Complete 
| 308|0x0000000093400000, 0x0000000093400000, 0x0000000093500000|  0%| F|  |TAMS 0x0000000093400000, 0x0000000093400000| Untracked 
| 309|0x0000000093500000, 0x0000000093500000, 0x0000000093600000|  0%| F|  |TAMS 0x0000000093500000, 0x0000000093500000| Untracked 
| 310|0x0000000093600000, 0x0000000093600000, 0x0000000093700000|  0%| F|  |TAMS 0x0000000093600000, 0x0000000093600000| Untracked 
| 311|0x0000000093700000, 0x0000000093700000, 0x0000000093800000|  0%| F|  |TAMS 0x0000000093700000, 0x0000000093700000| Untracked 
| 312|0x0000000093800000, 0x0000000093800000, 0x0000000093900000|  0%| F|  |TAMS 0x0000000093800000, 0x0000000093800000| Untracked 
| 313|0x0000000093900000, 0x0000000093900000, 0x0000000093a00000|  0%| F|  |TAMS 0x0000000093900000, 0x0000000093900000| Untracked 
| 314|0x0000000093a00000, 0x0000000093a00000, 0x0000000093b00000|  0%| F|  |TAMS 0x0000000093a00000, 0x0000000093a00000| Untracked 
| 315|0x0000000093b00000, 0x0000000093b00000, 0x0000000093c00000|  0%| F|  |TAMS 0x0000000093b00000, 0x0000000093b00000| Untracked 
| 316|0x0000000093c00000, 0x0000000093c00000, 0x0000000093d00000|  0%| F|  |TAMS 0x0000000093c00000, 0x0000000093c00000| Untracked 
| 317|0x0000000093d00000, 0x0000000093d00000, 0x0000000093e00000|  0%| F|  |TAMS 0x0000000093d00000, 0x0000000093d00000| Untracked 
| 318|0x0000000093e00000, 0x0000000093e00000, 0x0000000093f00000|  0%| F|  |TAMS 0x0000000093e00000, 0x0000000093e00000| Untracked 
| 319|0x0000000093f00000, 0x0000000093f00000, 0x0000000094000000|  0%| F|  |TAMS 0x0000000093f00000, 0x0000000093f00000| Untracked 
| 320|0x0000000094000000, 0x0000000094000000, 0x0000000094100000|  0%| F|  |TAMS 0x0000000094000000, 0x0000000094000000| Untracked 
| 321|0x0000000094100000, 0x0000000094100000, 0x0000000094200000|  0%| F|  |TAMS 0x0000000094100000, 0x0000000094100000| Untracked 
| 322|0x0000000094200000, 0x0000000094200000, 0x0000000094300000|  0%| F|  |TAMS 0x0000000094200000, 0x0000000094200000| Untracked 
| 323|0x0000000094300000, 0x0000000094300000, 0x0000000094400000|  0%| F|  |TAMS 0x0000000094300000, 0x0000000094300000| Untracked 
| 324|0x0000000094400000, 0x0000000094400000, 0x0000000094500000|  0%| F|  |TAMS 0x0000000094400000, 0x0000000094400000| Untracked 
| 325|0x0000000094500000, 0x0000000094500000, 0x0000000094600000|  0%| F|  |TAMS 0x0000000094500000, 0x0000000094500000| Untracked 
| 326|0x0000000094600000, 0x0000000094600000, 0x0000000094700000|  0%| F|  |TAMS 0x0000000094600000, 0x0000000094600000| Untracked 
| 327|0x0000000094700000, 0x0000000094700000, 0x0000000094800000|  0%| F|  |TAMS 0x0000000094700000, 0x0000000094700000| Untracked 
| 328|0x0000000094800000, 0x0000000094800000, 0x0000000094900000|  0%| F|  |TAMS 0x0000000094800000, 0x0000000094800000| Untracked 
| 329|0x0000000094900000, 0x0000000094900000, 0x0000000094a00000|  0%| F|  |TAMS 0x0000000094900000, 0x0000000094900000| Untracked 
| 330|0x0000000094a00000, 0x0000000094a00000, 0x0000000094b00000|  0%| F|  |TAMS 0x0000000094a00000, 0x0000000094a00000| Untracked 
| 331|0x0000000094b00000, 0x0000000094b00000, 0x0000000094c00000|  0%| F|  |TAMS 0x0000000094b00000, 0x0000000094b00000| Untracked 
| 332|0x0000000094c00000, 0x0000000094c00000, 0x0000000094d00000|  0%| F|  |TAMS 0x0000000094c00000, 0x0000000094c00000| Untracked 
| 333|0x0000000094d00000, 0x0000000094d00000, 0x0000000094e00000|  0%| F|  |TAMS 0x0000000094d00000, 0x0000000094d00000| Untracked 
| 334|0x0000000094e00000, 0x0000000094e00000, 0x0000000094f00000|  0%| F|  |TAMS 0x0000000094e00000, 0x0000000094e00000| Untracked 
| 335|0x0000000094f00000, 0x0000000094f00000, 0x0000000095000000|  0%| F|  |TAMS 0x0000000094f00000, 0x0000000094f00000| Untracked 
| 336|0x0000000095000000, 0x0000000095000000, 0x0000000095100000|  0%| F|  |TAMS 0x0000000095000000, 0x0000000095000000| Untracked 
| 337|0x0000000095100000, 0x0000000095100000, 0x0000000095200000|  0%| F|  |TAMS 0x0000000095100000, 0x0000000095100000| Untracked 
| 338|0x0000000095200000, 0x0000000095200000, 0x0000000095300000|  0%| F|  |TAMS 0x0000000095200000, 0x0000000095200000| Untracked 
| 339|0x0000000095300000, 0x0000000095300000, 0x0000000095400000|  0%| F|  |TAMS 0x0000000095300000, 0x0000000095300000| Untracked 
| 340|0x0000000095400000, 0x0000000095400000, 0x0000000095500000|  0%| F|  |TAMS 0x0000000095400000, 0x0000000095400000| Untracked 
| 341|0x0000000095500000, 0x0000000095500000, 0x0000000095600000|  0%| F|  |TAMS 0x0000000095500000, 0x0000000095500000| Untracked 
| 342|0x0000000095600000, 0x0000000095600000, 0x0000000095700000|  0%| F|  |TAMS 0x0000000095600000, 0x0000000095600000| Untracked 
| 343|0x0000000095700000, 0x0000000095700000, 0x0000000095800000|  0%| F|  |TAMS 0x0000000095700000, 0x0000000095700000| Untracked 
| 344|0x0000000095800000, 0x0000000095800000, 0x0000000095900000|  0%| F|  |TAMS 0x0000000095800000, 0x0000000095800000| Untracked 
| 345|0x0000000095900000, 0x0000000095900000, 0x0000000095a00000|  0%| F|  |TAMS 0x0000000095900000, 0x0000000095900000| Untracked 
| 346|0x0000000095a00000, 0x0000000095a00000, 0x0000000095b00000|  0%| F|  |TAMS 0x0000000095a00000, 0x0000000095a00000| Untracked 

Card table byte_map: [0x00000268b5e30000,0x00000268b6230000] _byte_map_base: 0x00000268b5a30000

Marking Bits (Prev, Next): (CMBitMap*) 0x000002689f3ebad8, (CMBitMap*) 0x000002689f3ebb10
 Prev Bits: [0x00000268b6630000, 0x00000268b8630000)
 Next Bits: [0x00000268b8630000, 0x00000268ba630000)

Polling page: 0x000002689d3a0000

Metaspace:

Usage:
  Non-class:    115.20 MB capacity,   112.34 MB ( 98%) used,     2.39 MB (  2%) free+waste,   478.94 KB ( <1%) overhead. 
      Class:     18.90 MB capacity,    16.99 MB ( 90%) used,     1.68 MB (  9%) free+waste,   222.44 KB (  1%) overhead. 
       Both:    134.09 MB capacity,   129.33 MB ( 96%) used,     4.08 MB (  3%) free+waste,   701.38 KB ( <1%) overhead. 

Virtual space:
  Non-class space:      116.00 MB reserved,     115.33 MB (>99%) committed 
      Class space:      504.00 MB reserved,      19.00 MB (  4%) committed 
             Both:      620.00 MB reserved,     134.33 MB ( 22%) committed 

Chunk freelists:
   Non-Class:  896 bytes
       Class:  1.38 KB
        Both:  2.25 KB

CodeHeap 'non-profiled nmethods': size=120064Kb used=16316Kb max_used=16316Kb free=103747Kb
 bounds [0x00000268ae4f0000, 0x00000268af510000, 0x00000268b5a30000]
CodeHeap 'profiled nmethods': size=120000Kb used=44208Kb max_used=44780Kb free=75791Kb
 bounds [0x00000268a6fc0000, 0x00000268a9cb0000, 0x00000268ae4f0000]
CodeHeap 'non-nmethods': size=5696Kb used=2364Kb max_used=2441Kb free=3331Kb
 bounds [0x00000268a6a30000, 0x00000268a6ca0000, 0x00000268a6fc0000]
 total_blobs=20123 nmethods=19130 adapters=903
 compilation: enabled
              stopped_count=0, restarted_count=0
 full_count=0

Compilation events (10 events):
Event: 72.087 Thread 0x00000268bcb5e000 22597       2       java.security.DrbgParameters::nextBytes (11 bytes)
Event: 72.087 Thread 0x00000268bcb5e000 nmethod 22597 0x00000268a7df0490 code [0x00000268a7df0620, 0x00000268a7df0788]
Event: 72.087 Thread 0x00000268bcb5e000 22598       2       java.security.DrbgParameters$NextBytes::getAdditionalInput (22 bytes)
Event: 72.088 Thread 0x00000268bcb5e000 nmethod 22598 0x00000268a7df0090 code [0x00000268a7df0240, 0x00000268a7df03a8]
Event: 72.090 Thread 0x00000268bcb5e000 22599       2       org.gradle.internal.snapshot.AbstractInvalidateChildHandler::handleAsDescendantOfChild (7 bytes)
Event: 72.090 Thread 0x00000268bcb5e000 nmethod 22599 0x00000268a7e13b90 code [0x00000268a7e13da0, 0x00000268a7e14358]
Event: 72.090 Thread 0x00000268bcb5e000 22600       2       org.gradle.internal.snapshot.AbstractInvalidateChildHandler::handleAsDescendantOfChild (35 bytes)
Event: 72.091 Thread 0x00000268bcb5e000 nmethod 22600 0x00000268a7e27910 code [0x00000268a7e27b20, 0x00000268a7e280d8]
Event: 72.091 Thread 0x00000268bcb5e000 22601       2       org.gradle.internal.snapshot.AbstractInvalidateChildHandler$$Lambda$1330/0x0000000100fa2840::get$Lambda (9 bytes)
Event: 72.091 Thread 0x00000268bcb5e000 nmethod 22601 0x00000268a7df6890 code [0x00000268a7df6a20, 0x00000268a7df6b98]

GC Heap History (10 events):
Event: 70.765 GC heap after
{Heap after GC invocations=137 (full 0):
 garbage-first heap   total 284672K, used 248294K [0x0000000080000000, 0x0000000100000000)
  region size 1024K, 1 young (1024K), 1 survivors (1024K)
 Metaspace       used 132303K, capacity 137279K, committed 137552K, reserved 634880K
  class space    used 17392K, capacity 19340K, committed 19456K, reserved 516096K
}
Event: 70.872 GC heap before
{Heap before GC invocations=137 (full 0):
 garbage-first heap   total 284672K, used 260582K [0x0000000080000000, 0x0000000100000000)
  region size 1024K, 13 young (13312K), 1 survivors (1024K)
 Metaspace       used 132303K, capacity 137279K, committed 137552K, reserved 634880K
  class space    used 17392K, capacity 19340K, committed 19456K, reserved 516096K
}
Event: 70.877 GC heap after
{Heap after GC invocations=138 (full 0):
 garbage-first heap   total 355328K, used 248236K [0x0000000080000000, 0x0000000100000000)
  region size 1024K, 1 young (1024K), 1 survivors (1024K)
 Metaspace       used 132303K, capacity 137279K, committed 137552K, reserved 634880K
  class space    used 17392K, capacity 19340K, committed 19456K, reserved 516096K
}
Event: 71.216 GC heap before
{Heap before GC invocations=138 (full 0):
 garbage-first heap   total 355328K, used 283052K [0x0000000080000000, 0x0000000100000000)
  region size 1024K, 35 young (35840K), 1 survivors (1024K)
 Metaspace       used 132326K, capacity 137282K, committed 137552K, reserved 634880K
  class space    used 17392K, capacity 19340K, committed 19456K, reserved 516096K
}
Event: 71.220 GC heap after
{Heap after GC invocations=139 (full 0):
 garbage-first heap   total 355328K, used 249344K [0x0000000080000000, 0x0000000100000000)
  region size 1024K, 3 young (3072K), 3 survivors (3072K)
 Metaspace       used 132326K, capacity 137282K, committed 137552K, reserved 634880K
  class space    used 17392K, capacity 19340K, committed 19456K, reserved 516096K
}
Event: 71.638 GC heap before
{Heap before GC invocations=139 (full 0):
 garbage-first heap   total 355328K, used 287232K [0x0000000080000000, 0x0000000100000000)
  region size 1024K, 39 young (39936K), 3 survivors (3072K)
 Metaspace       used 132383K, capacity 137295K, committed 137552K, reserved 634880K
  class space    used 17399K, capacity 19345K, committed 19456K, reserved 516096K
}
Event: 71.646 GC heap after
{Heap after GC invocations=140 (full 0):
 garbage-first heap   total 355328K, used 253992K [0x0000000080000000, 0x0000000100000000)
  region size 1024K, 5 young (5120K), 5 survivors (5120K)
 Metaspace       used 132383K, capacity 137295K, committed 137552K, reserved 634880K
  class space    used 17399K, capacity 19345K, committed 19456K, reserved 516096K
}
Event: 71.974 GC heap before
{Heap before GC invocations=140 (full 0):
 garbage-first heap   total 355328K, used 289832K [0x0000000080000000, 0x0000000100000000)
  region size 1024K, 40 young (40960K), 5 survivors (5120K)
 Metaspace       used 132391K, capacity 137295K, committed 137552K, reserved 634880K
  class space    used 17399K, capacity 19345K, committed 19456K, reserved 516096K
}
Event: 71.982 GC heap after
{Heap after GC invocations=141 (full 0):
 garbage-first heap   total 355328K, used 257610K [0x0000000080000000, 0x0000000100000000)
  region size 1024K, 5 young (5120K), 5 survivors (5120K)
 Metaspace       used 132391K, capacity 137295K, committed 137552K, reserved 634880K
  class space    used 17399K, capacity 19345K, committed 19456K, reserved 516096K
}
Event: 72.188 GC heap before
{Heap before GC invocations=141 (full 0):
 garbage-first heap   total 355328K, used 292426K [0x0000000080000000, 0x0000000100000000)
  region size 1024K, 40 young (40960K), 5 survivors (5120K)
 Metaspace       used 132434K, capacity 137310K, committed 137552K, reserved 634880K
  class space    used 17402K, capacity 19349K, committed 19456K, reserved 516096K
}

Deoptimization events (10 events):
Event: 70.411 Thread 0x00000268c0e82800 Uncommon trap: reason=class_check action=maybe_recompile pc=0x00000268af187ffc method=com.android.tools.r8.internal.Ts.equals(Ljava/lang/Object;)Z @ 1 c2
Event: 70.673 Thread 0x00000268c0e82800 Uncommon trap: reason=unstable_if action=reinterpret pc=0x00000268ae730174 method=com.android.tools.r8.internal.Ra.c(I[C)Ljava/lang/String; @ 11 c2
Event: 71.075 Thread 0x00000268c0e82800 Uncommon trap: reason=unstable_if action=reinterpret pc=0x00000268af1519c8 method=com.android.tools.r8.graph.a1.a([C)I @ 68 c2
Event: 71.076 Thread 0x00000268c0e82800 Uncommon trap: reason=unstable_if action=reinterpret pc=0x00000268ae509e44 method=java.lang.StringUTF16.compress([CII)[B @ 13 c2
Event: 71.076 Thread 0x00000268c0e82800 Uncommon trap: reason=unstable_if action=reinterpret pc=0x00000268ae500788 method=java.lang.StringUTF16.compress([CI[BII)I @ 20 c2
Event: 71.434 Thread 0x00000268c0e7d000 Uncommon trap: reason=class_check action=maybe_recompile pc=0x00000268af0798d8 method=java.io.BufferedOutputStream.write([BII)V @ 20 c2
Event: 71.900 Thread 0x00000268c38a4800 Uncommon trap: reason=profile_predicate action=maybe_recompile pc=0x00000268aedc66f4 method=com.android.tools.r8.internal.w20.g0()Z @ 16 c2
Event: 71.901 Thread 0x00000268c38a4800 Uncommon trap: reason=profile_predicate action=maybe_recompile pc=0x00000268aedc66f4 method=com.android.tools.r8.internal.w20.g0()Z @ 16 c2
Event: 71.901 Thread 0x00000268c38a4800 Uncommon trap: reason=profile_predicate action=maybe_recompile pc=0x00000268aedc66f4 method=com.android.tools.r8.internal.w20.g0()Z @ 16 c2
Event: 71.901 Thread 0x00000268c38a4800 Uncommon trap: reason=profile_predicate action=maybe_recompile pc=0x00000268aedc66f4 method=com.android.tools.r8.internal.w20.g0()Z @ 16 c2

Classes redefined (0 events):
No events

Internal exceptions (10 events):
Event: 68.214 Thread 0x00000268be868000 Exception <a 'sun/nio/fs/WindowsException'{0x0000000090336620}> (0x0000000090336620) thrown at [./open/src/hotspot/share/prims/jni.cpp, line 611]
Event: 68.217 Thread 0x00000268be868000 Implicit null exception at 0x00000268ae76ce7b to 0x00000268ae76d63c
Event: 68.217 Thread 0x00000268be868000 Implicit null exception at 0x00000268ae79a780 to 0x00000268ae79aef4
Event: 68.450 Thread 0x00000268bfa62000 Exception <a 'sun/nio/fs/WindowsException'{0x0000000090b7e098}> (0x0000000090b7e098) thrown at [./open/src/hotspot/share/prims/jni.cpp, line 611]
Event: 68.754 Thread 0x00000268bfa62000 Exception <a 'sun/nio/fs/WindowsException'{0x0000000091407b30}> (0x0000000091407b30) thrown at [./open/src/hotspot/share/prims/jni.cpp, line 611]
Event: 68.873 Thread 0x00000268c0e82800 Exception <a 'sun/nio/fs/WindowsException'{0x00000000908c81a0}> (0x00000000908c81a0) thrown at [./open/src/hotspot/share/prims/jni.cpp, line 611]
Event: 69.983 Thread 0x00000268c0e82800 Implicit null exception at 0x00000268af172534 to 0x00000268af174424
Event: 70.108 Thread 0x00000268c3882800 Exception <a 'java/net/ConnectException'{0x00000000914f3d88}: Connection refused: connect> (0x00000000914f3d88) thrown at [./open/src/hotspot/share/prims/jni.cpp, line 632]
Event: 71.416 Thread 0x00000268c0e82800 Exception <a 'sun/nio/fs/WindowsException'{0x00000000955b0458}> (0x00000000955b0458) thrown at [./open/src/hotspot/share/prims/jni.cpp, line 611]
Event: 71.556 Thread 0x00000268c38a4800 Exception <a 'sun/nio/fs/WindowsException'{0x00000000944de560}> (0x00000000944de560) thrown at [./open/src/hotspot/share/prims/jni.cpp, line 611]

Events (10 events):
Event: 72.074 loading class org/gradle/internal/execution/history/BeforeExecutionState done
Event: 72.078 loading class com/google/common/collect/ImmutableSortedMap
Event: 72.078 loading class com/google/common/collect/ImmutableSortedMap done
Event: 72.078 loading class com/google/common/collect/ImmutableSortedMap
Event: 72.078 loading class com/google/common/collect/ImmutableSortedMap done
Event: 72.082 loading class org/gradle/internal/snapshot/impl/GradleSerializedValueSnapshot
Event: 72.082 loading class org/gradle/internal/snapshot/impl/GradleSerializedValueSnapshot done
Event: 72.087 Thread 0x00000268bfa6f000 DEOPT PACKING pc=0x00000268a8e68544 sp=0x000000b1792fc8b0
Event: 72.087 Thread 0x00000268bfa6f000 DEOPT UNPACKING pc=0x00000268a6a56dde sp=0x000000b1792fbe80 mode 0
Event: 72.188 Executing VM operation: G1CollectForAllocation


Dynamic libraries:
0x00007ff7f3d20000 - 0x00007ff7f3d2f000 	C:\Program Files\Java\jdk-11.0.14\bin\java.exe
0x00007ffc61090000 - 0x00007ffc61288000 	C:\WINDOWS\SYSTEM32\ntdll.dll
0x00007ffc5f0f0000 - 0x00007ffc5f1af000 	C:\WINDOWS\System32\KERNEL32.DLL
0x00007ffc5e9b0000 - 0x00007ffc5eca6000 	C:\WINDOWS\System32\KERNELBASE.dll
0x00007ffc5e770000 - 0x00007ffc5e870000 	C:\WINDOWS\System32\ucrtbase.dll
0x00007ffc54260000 - 0x00007ffc54278000 	C:\Program Files\Java\jdk-11.0.14\bin\jli.dll
0x00007ffc524e0000 - 0x00007ffc524f5000 	C:\Program Files\Java\jdk-11.0.14\bin\VCRUNTIME140.dll
0x00007ffc5f7f0000 - 0x00007ffc5f89f000 	C:\WINDOWS\System32\ADVAPI32.dll
0x00007ffc5f290000 - 0x00007ffc5f32e000 	C:\WINDOWS\System32\msvcrt.dll
0x00007ffc60d60000 - 0x00007ffc60dfc000 	C:\WINDOWS\System32\sechost.dll
0x00007ffc5f5b0000 - 0x00007ffc5f6d6000 	C:\WINDOWS\System32\RPCRT4.dll
0x00007ffc60660000 - 0x00007ffc607fd000 	C:\WINDOWS\System32\USER32.dll
0x00007ffc5ed40000 - 0x00007ffc5ed62000 	C:\WINDOWS\System32\win32u.dll
0x00007ffc5f390000 - 0x00007ffc5f3bc000 	C:\WINDOWS\System32\GDI32.dll
0x00007ffc428f0000 - 0x00007ffc42b8a000 	C:\WINDOWS\WinSxS\amd64_microsoft.windows.common-controls_6595b64144ccf1df_6.0.19041.1110_none_60b5254171f9507e\COMCTL32.dll
0x00007ffc5efd0000 - 0x00007ffc5f0e5000 	C:\WINDOWS\System32\gdi32full.dll
0x00007ffc5e870000 - 0x00007ffc5e90d000 	C:\WINDOWS\System32\msvcp_win.dll
0x00007ffc5c540000 - 0x00007ffc5c54a000 	C:\WINDOWS\SYSTEM32\VERSION.dll
0x00007ffc5f6e0000 - 0x00007ffc5f710000 	C:\WINDOWS\System32\IMM32.DLL
0x00007ffc00f70000 - 0x00007ffc0100b000 	C:\Program Files\Java\jdk-11.0.14\bin\msvcp140.dll
0x00007ffbe3e20000 - 0x00007ffbe4936000 	C:\Program Files\Java\jdk-11.0.14\bin\server\jvm.dll
0x00007ffc5f1d0000 - 0x00007ffc5f1d8000 	C:\WINDOWS\System32\PSAPI.DLL
0x00007ffc56bd0000 - 0x00007ffc56bd9000 	C:\WINDOWS\SYSTEM32\WSOCK32.dll
0x00007ffc5f470000 - 0x00007ffc5f4db000 	C:\WINDOWS\System32\WS2_32.dll
0x00007ffc56000000 - 0x00007ffc56027000 	C:\WINDOWS\SYSTEM32\WINMM.dll
0x00007ffc5d050000 - 0x00007ffc5d062000 	C:\WINDOWS\SYSTEM32\kernel.appcore.dll
0x00007ffc52470000 - 0x00007ffc52480000 	C:\Program Files\Java\jdk-11.0.14\bin\verify.dll
0x00007ffc4fa30000 - 0x00007ffc4fc14000 	C:\WINDOWS\SYSTEM32\DBGHELP.DLL
0x00007ffc4f7b0000 - 0x00007ffc4f7e4000 	C:\WINDOWS\SYSTEM32\dbgcore.DLL
0x00007ffc5ecb0000 - 0x00007ffc5ed32000 	C:\WINDOWS\System32\bcryptPrimitives.dll
0x00007ffc4f5c0000 - 0x00007ffc4f5e8000 	C:\Program Files\Java\jdk-11.0.14\bin\java.dll
0x00007ffc52430000 - 0x00007ffc5243a000 	C:\Program Files\Java\jdk-11.0.14\bin\jimage.dll
0x00007ffc4f5a0000 - 0x00007ffc4f5b6000 	C:\Program Files\Java\jdk-11.0.14\bin\zip.dll
0x00007ffc5f8a0000 - 0x00007ffc5ffe4000 	C:\WINDOWS\System32\SHELL32.dll
0x00007ffc5c640000 - 0x00007ffc5cdd3000 	C:\WINDOWS\SYSTEM32\windows.storage.dll
0x00007ffc60080000 - 0x00007ffc603d4000 	C:\WINDOWS\System32\combase.dll
0x00007ffc5e0e0000 - 0x00007ffc5e10e000 	C:\WINDOWS\SYSTEM32\Wldp.dll
0x00007ffc5f3c0000 - 0x00007ffc5f46d000 	C:\WINDOWS\System32\SHCORE.dll
0x00007ffc603f0000 - 0x00007ffc60445000 	C:\WINDOWS\System32\shlwapi.dll
0x00007ffc5e6b0000 - 0x00007ffc5e6cf000 	C:\WINDOWS\SYSTEM32\profapi.dll
0x00007ffc4a850000 - 0x00007ffc4a869000 	C:\Program Files\Java\jdk-11.0.14\bin\net.dll
0x00007ffc581a0000 - 0x00007ffc582aa000 	C:\WINDOWS\SYSTEM32\WINHTTP.dll
0x00007ffc5de40000 - 0x00007ffc5deaa000 	C:\WINDOWS\system32\mswsock.dll
0x00007ffc4a790000 - 0x00007ffc4a7a2000 	C:\Program Files\Java\jdk-11.0.14\bin\nio.dll
0x00007ffc56e20000 - 0x00007ffc56e47000 	C:\Users\zeeshan.noorullah\.gradle\native\e1d6ef7f7dcc3fd88c89a11ec53ec762bb8ba0a96d01ffa2cd45eb1d1d8dd5c5\windows-amd64\native-platform.dll
0x00007ffc472c0000 - 0x00007ffc47404000 	C:\Users\zeeshan.noorullah\.gradle\native\0d407fdbe67a94daf76414ababcb853783967236a71b16ec16e742cd7a986fd3\windows-amd64\native-platform-file-events.dll
0x00007ffc52110000 - 0x00007ffc52119000 	C:\Program Files\Java\jdk-11.0.14\bin\management.dll
0x00007ffc51d10000 - 0x00007ffc51d1b000 	C:\Program Files\Java\jdk-11.0.14\bin\management_ext.dll
0x00007ffc5e030000 - 0x00007ffc5e048000 	C:\WINDOWS\SYSTEM32\CRYPTSP.dll
0x00007ffc5d760000 - 0x00007ffc5d794000 	C:\WINDOWS\system32\rsaenh.dll
0x00007ffc5e980000 - 0x00007ffc5e9a7000 	C:\WINDOWS\System32\bcrypt.dll
0x00007ffc5e670000 - 0x00007ffc5e69e000 	C:\WINDOWS\SYSTEM32\USERENV.dll
0x00007ffc5e050000 - 0x00007ffc5e05c000 	C:\WINDOWS\SYSTEM32\CRYPTBASE.dll
0x00007ffc5db30000 - 0x00007ffc5db6c000 	C:\WINDOWS\SYSTEM32\IPHLPAPI.DLL
0x00007ffc60860000 - 0x00007ffc60868000 	C:\WINDOWS\System32\NSI.dll
0x00007ffc59700000 - 0x00007ffc59717000 	C:\WINDOWS\SYSTEM32\dhcpcsvc6.DLL
0x00007ffc596e0000 - 0x00007ffc596fd000 	C:\WINDOWS\SYSTEM32\dhcpcsvc.DLL
0x00007ffc5db70000 - 0x00007ffc5dc3a000 	C:\WINDOWS\SYSTEM32\DNSAPI.dll
0x00007ffc4bb90000 - 0x00007ffc4bb97000 	C:\Program Files\Java\jdk-11.0.14\bin\rmi.dll
0x00007ffc58ed0000 - 0x00007ffc58eee000 	C:\Users\zeeshan.noorullah\AppData\Local\Temp\native-platform1242866363046690044dir\native-platform.dll

dbghelp: loaded successfully - version: 4.0.5 - missing functions: none
symbol engine: initialized successfully - sym options: 0x614 - pdb path: .;C:\Program Files\Java\jdk-11.0.14\bin;C:\WINDOWS\SYSTEM32;C:\WINDOWS\WinSxS\amd64_microsoft.windows.common-controls_6595b64144ccf1df_6.0.19041.1110_none_60b5254171f9507e;C:\Program Files\Java\jdk-11.0.14\bin\server;C:\Users\zeeshan.noorullah\.gradle\native\e1d6ef7f7dcc3fd88c89a11ec53ec762bb8ba0a96d01ffa2cd45eb1d1d8dd5c5\windows-amd64;C:\Users\zeeshan.noorullah\.gradle\native\0d407fdbe67a94daf76414ababcb853783967236a71b16ec16e742cd7a986fd3\windows-amd64;C:\Users\zeeshan.noorullah\AppData\Local\Temp\native-platform1242866363046690044dir

VM Arguments:
jvm_args: -XX:MaxMetaspaceSize=512m --add-opens=java.base/java.util=ALL-UNNAMED --add-opens=java.base/java.lang=ALL-UNNAMED --add-opens=java.base/java.lang.invoke=ALL-UNNAMED --add-opens=java.base/java.util=ALL-UNNAMED --add-opens=java.prefs/java.util.prefs=ALL-UNNAMED --add-opens=java.prefs/java.util.prefs=ALL-UNNAMED --add-opens=java.base/java.nio.charset=ALL-UNNAMED --add-opens=java.base/java.net=ALL-UNNAMED --add-opens=java.base/java.util.concurrent.atomic=ALL-UNNAMED -Xmx2048m -Dfile.encoding=windows-1252 -Duser.country=US -Duser.language=en -Duser.variant 
java_command: org.gradle.launcher.daemon.bootstrap.GradleDaemon 7.5.1
java_class_path (initial): C:\Users\zeeshan.noorullah\.gradle\wrapper\dists\gradle-7.5.1-all\1ehga6e77gqps5uk2kc5kf1vc\gradle-7.5.1\lib\gradle-launcher-7.5.1.jar
Launcher Type: SUN_STANDARD

[Global flags]
     intx CICompilerCount                          = 3                                         {product} {ergonomic}
   size_t CompressedClassSpaceSize                 = 528482304                                 {product} {ergonomic}
     uint ConcGCThreads                            = 1                                         {product} {ergonomic}
     uint G1ConcRefinementThreads                  = 4                                         {product} {ergonomic}
   size_t G1HeapRegionSize                         = 1048576                                   {product} {ergonomic}
    uintx GCDrainStackTargetSize                   = 64                                        {product} {ergonomic}
   size_t InitialHeapSize                          = 201326592                                 {product} {ergonomic}
   size_t MarkStackSize                            = 4194304                                   {product} {ergonomic}
   size_t MaxHeapSize                              = 2147483648                                {product} {command line}
   size_t MaxMetaspaceSize                         = 536870912                                 {product} {command line}
   size_t MaxNewSize                               = 1287651328                                {product} {ergonomic}
   size_t MinHeapDeltaBytes                        = 1048576                                   {product} {ergonomic}
    uintx NonNMethodCodeHeapSize                   = 5830732                                {pd product} {ergonomic}
    uintx NonProfiledCodeHeapSize                  = 122913754                              {pd product} {ergonomic}
    uintx ProfiledCodeHeapSize                     = 122913754                              {pd product} {ergonomic}
    uintx ReservedCodeCacheSize                    = 251658240                              {pd product} {ergonomic}
     bool SegmentedCodeCache                       = true                                      {product} {ergonomic}
     bool UseCompressedClassPointers               = true                                 {lp64_product} {ergonomic}
     bool UseCompressedOops                        = true                                 {lp64_product} {ergonomic}
     bool UseG1GC                                  = true                                      {product} {ergonomic}
     bool UseLargePagesIndividualAllocation        = false                                  {pd product} {ergonomic}

Logging:
Log output configuration:
 #0: stdout all=warning uptime,level,tags
 #1: stderr all=off uptime,level,tags

Environment Variables:
JAVA_HOME=C:\Program Files\Java\jdk-11.0.14
CLASSPATH=G:\ZeeshanNoorullah\ReactNative\EcommerceApp\android\\gradle\wrapper\gradle-wrapper.jar
PATH=G:\ZeeshanNoorullah\ReactNative\EcommerceApp\android\node_modules\.bin;G:\ZeeshanNoorullah\ReactNative\EcommerceApp\node_modules\.bin;G:\ZeeshanNoorullah\ReactNative\node_modules\.bin;G:\ZeeshanNoorullah\node_modules\.bin;G:\node_modules\.bin;C:\Program Files\nodejs;C:\Users\ZEESHA~1.NOO\AppData\Local\Temp\yarn--1687506578131-0.6487832731237022;G:\ZeeshanNoorullah\ReactNative\EcommerceApp\node_modules\.bin;C:\Users\zeeshan.noorullah\AppData\Local\Yarn\Data\link\node_modules\.bin;C:\Users\zeeshan.noorullah\AppData\Local\Yarn\bin;C:\Program Files\libexec\lib\node_modules\npm\bin\node-gyp-bin;C:\Program Files\lib\node_modules\npm\bin\node-gyp-bin;C:\Program Files\nodejs\node_modules\npm\bin\node-gyp-bin;C:\Program Files\Common Files\Oracle\Java\javapath;C:\WINDOWS\system32;C:\WINDOWS;C:\WINDOWS\System32\Wbem;C:\WINDOWS\System32\WindowsPowerShell\v1.0\;C:\WINDOWS\System32\OpenSSH\;C:\xampp\php;C:\composer;C:\ProgramData\chocolatey\bin;C:\Program Files\Git\cmd;C:\Program Files\nodejs\;C:\Users\zeeshan.noorullah\AppData\Local\Microsoft\WindowsApps;C:\Users\zeeshan.noorullah\AppData\Local\GitHubDesktop\bin;C:\Users\zeeshan.noorullah\AppData\Roaming\npm;C:\Users\zeeshan.noorullah\AppData\Local\Programs\Git\cmd;C:\Users\zeeshan.noorullah\AppData\Local\Android\Sdk\platform-tools;C:\Program Files (x86)\BrowserStackLocal\;C:\Users\zeeshan.noorullah\AppData\Local\Programs\Microsoft VS Code\bin
USERNAME=zeeshan.noorullah
OS=Windows_NT
PROCESSOR_IDENTIFIER=Intel64 Family 6 Model 60 Stepping 3, GenuineIntel



---------------  S Y S T E M  ---------------

OS: Windows 10 , 64 bit Build 19041 (10.0.19041.3031)

CPU:total 4 (initial active 4) (4 cores per cpu, 1 threads per core) family 6 model 60 stepping 3 microcode 0x27, cmov, cx8, fxsr, mmx, sse, sse2, sse3, ssse3, sse4.1, sse4.2, popcnt, avx, avx2, aes, clmul, erms, lzcnt, tsc, tscinvbit, bmi1, bmi2, fma

Memory: 4k page, system-wide physical 12196M (2093M free)
TotalPageFile size 14244M (AvailPageFile size 18M)
current process WorkingSet (physical memory assigned to process): 732M, peak: 733M
current process commit charge ("private bytes"): 810M, peak: 912M

vm_info: Java HotSpot(TM) 64-Bit Server VM (11.0.14+8-LTS-263) for windows-amd64 JRE (11.0.14+8-LTS-263), built on Dec  7 2021 21:53:57 by "mach5one" with MS VC++ 15.9 (VS2017)

END.
