#
# There is insufficient memory for the Java Runtime Environment to continue.
# Native memory allocation (malloc) failed to allocate 109456 bytes for Chunk::new
# Possible reasons:
#   The system is out of physical RAM or swap space
#   The process is running with CompressedOops enabled, and the Java Heap may be blocking the growth of the native heap
# Possible solutions:
#   Reduce memory load on the system
#   Increase physical memory or swap space
#   Check if swap backing store is full
#   Decrease Java heap size (-Xmx/-Xms)
#   Decrease number of Java threads
#   Decrease Java thread stack sizes (-Xss)
#   Set larger code cache with -XX:ReservedCodeCacheSize=
#   JVM is running with Unscaled Compressed Oops mode in which the Java heap is
#     placed in the first 4GB address space. The Java Heap base address is the
#     maximum limit for the native heap growth. Please use -XX:HeapBaseMinAddress
#     to set the Java Heap base and to place the Java Heap above 4GB virtual address.
# This output file may be truncated or incomplete.
#
#  Out of Memory Error (./open/src/hotspot/share/memory/arena.cpp:197), pid=15248, tid=12852
#
# JRE version: Java(TM) SE Runtime Environment 18.9 (11.0.14+8) (build 11.0.14+8-LTS-263)
# Java VM: Java HotSpot(TM) 64-Bit Server VM 18.9 (11.0.14+8-LTS-263, mixed mode, tiered, compressed oops, g1 gc, windows-amd64)
# No core dump will be written. Minidumps are not enabled by default on client versions of Windows
#

---------------  S U M M A R Y ------------

Command Line: -Xmx64m -Xms64m -Dorg.gradle.appname=gradlew org.gradle.wrapper.GradleWrapperMain app:installDebug -PreactNativeDevServerPort=8081

Host: Intel(R) Core(TM) i5-4590S CPU @ 3.00GHz, 4 cores, 11G,  Windows 10 , 64 bit Build 19041 (10.0.19041.3031)
Time: Fri Jun 23 12:48:40 2023 Pakistan Standard Time elapsed time: 75.856274 seconds (0d 0h 1m 15s)

---------------  T H R E A D  ---------------

Current thread (0x000001ff7ed50800):  JavaThread "C2 CompilerThread0" daemon [_thread_in_native, id=12852, stack(0x00000074c6300000,0x00000074c6400000)]


Current CompileTask:
C2:  75856 1815       4       com.esotericsoftware.kryo.io.Input::readUtf8 (90 bytes)

Stack: [0x00000074c6300000,0x00000074c6400000]
Native frames: (J=compiled Java code, j=interpreted, Vv=VM code, C=native code)
V  [jvm.dll+0x6296da]
V  [jvm.dll+0x76323f]
V  [jvm.dll+0x7648e9]
V  [jvm.dll+0x764f73]
V  [jvm.dll+0x23d7c8]
V  [jvm.dll+0xb297c]
V  [jvm.dll+0xb2f3c]
V  [jvm.dll+0x2ae594]
V  [jvm.dll+0x53cec6]
V  [jvm.dll+0x20069d]
V  [jvm.dll+0x1fa44a]
V  [jvm.dll+0x1f742d]
V  [jvm.dll+0x177b21]
V  [jvm.dll+0x206e26]
V  [jvm.dll+0x204fbb]
V  [jvm.dll+0x729170]
V  [jvm.dll+0x721d44]
V  [jvm.dll+0x6285d6]
C  [ucrtbase.dll+0x21bb2]
C  [KERNEL32.DLL+0x17614]
C  [ntdll.dll+0x526f1]


---------------  P R O C E S S  ---------------

Threads class SMR info:
_java_thread_list=0x000001ff0f7476f0, length=13, elements={
0x000001ff7287c000, 0x000001ff7ecfc000, 0x000001ff7ecfd000, 0x000001ff7ecf8800,
0x000001ff7ed49800, 0x000001ff7ed4c800, 0x000001ff7ed50800, 0x000001ff7ed51800,
0x000001ff7eed0800, 0x000001ff7efd5800, 0x000001ff0f3c3000, 0x000001ff0f748000,
0x000001ff0f748800
}

Java Threads: ( => current thread )
  0x000001ff7287c000 JavaThread "main" [_thread_in_native, id=15700, stack(0x00000074c5700000,0x00000074c5800000)]
  0x000001ff7ecfc000 JavaThread "Reference Handler" daemon [_thread_blocked, id=7564, stack(0x00000074c5e00000,0x00000074c5f00000)]
  0x000001ff7ecfd000 JavaThread "Finalizer" daemon [_thread_blocked, id=4576, stack(0x00000074c5f00000,0x00000074c6000000)]
  0x000001ff7ecf8800 JavaThread "Signal Dispatcher" daemon [_thread_blocked, id=9884, stack(0x00000074c6000000,0x00000074c6100000)]
  0x000001ff7ed49800 JavaThread "Attach Listener" daemon [_thread_blocked, id=1496, stack(0x00000074c6100000,0x00000074c6200000)]
  0x000001ff7ed4c800 JavaThread "Service Thread" daemon [_thread_blocked, id=15060, stack(0x00000074c6200000,0x00000074c6300000)]
=>0x000001ff7ed50800 JavaThread "C2 CompilerThread0" daemon [_thread_in_native, id=12852, stack(0x00000074c6300000,0x00000074c6400000)]
  0x000001ff7ed51800 JavaThread "C1 CompilerThread0" daemon [_thread_blocked, id=4356, stack(0x00000074c6400000,0x00000074c6500000)]
  0x000001ff7eed0800 JavaThread "Sweeper thread" daemon [_thread_blocked, id=10748, stack(0x00000074c6500000,0x00000074c6600000)]
  0x000001ff7efd5800 JavaThread "Common-Cleaner" daemon [_thread_blocked, id=5912, stack(0x00000074c6700000,0x00000074c6800000)]
  0x000001ff0f3c3000 JavaThread "pool-1-thread-1" [_thread_in_native, id=12296, stack(0x00000074c6a00000,0x00000074c6b00000)]
  0x000001ff0f748000 JavaThread "DisconnectableInputStream source reader" daemon [_thread_in_native, id=12392, stack(0x00000074c6d00000,0x00000074c6e00000)]
  0x000001ff0f748800 JavaThread "Forward input" [_thread_blocked, id=15312, stack(0x00000074c6e00000,0x00000074c6f00000)]

Other Threads:
  0x000001ff7ece6800 VMThread "VM Thread" [stack: 0x00000074c5d00000,0x00000074c5e00000] [id=14400]
  0x000001ff7efd0000 WatcherThread [stack: 0x00000074c6600000,0x00000074c6700000] [id=13160]
  0x000001ff72891800 GCTaskThread "GC Thread#0" [stack: 0x00000074c5800000,0x00000074c5900000] [id=15032]
  0x000001ff7f54a000 GCTaskThread "GC Thread#1" [stack: 0x00000074c6800000,0x00000074c6900000] [id=9272]
  0x000001ff0f635000 GCTaskThread "GC Thread#2" [stack: 0x00000074c6b00000,0x00000074c6c00000] [id=10876]
  0x000001ff0f636000 GCTaskThread "GC Thread#3" [stack: 0x00000074c6c00000,0x00000074c6d00000] [id=9116]
  0x000001ff72897000 ConcurrentGCThread "G1 Main Marker" [stack: 0x00000074c5900000,0x00000074c5a00000] [id=6680]
  0x000001ff72898800 ConcurrentGCThread "G1 Conc#0" [stack: 0x00000074c5a00000,0x00000074c5b00000] [id=15600]
  0x000001ff728ec800 ConcurrentGCThread "G1 Refine#0" [stack: 0x00000074c5b00000,0x00000074c5c00000] [id=4352]
  0x000001ff728ed800 ConcurrentGCThread "G1 Young RemSet Sampling" [stack: 0x00000074c5c00000,0x00000074c5d00000] [id=6412]

Threads with active compile tasks:
C2 CompilerThread0  75877 1815       4       com.esotericsoftware.kryo.io.Input::readUtf8 (90 bytes)

VM state:not at safepoint (normal execution)

VM Mutex/Monitor currently owned by a thread: None

Heap address: 0x00000000fc000000, size: 64 MB, Compressed Oops mode: 32-bit
Narrow klass base: 0x0000000000000000, Narrow klass shift: 3
Compressed class space size: 1073741824 Address: 0x0000000100000000

Heap:
 garbage-first heap   total 65536K, used 15430K [0x00000000fc000000, 0x0000000100000000)
  region size 1024K, 9 young (9216K), 4 survivors (4096K)
 Metaspace       used 17417K, capacity 17749K, committed 18048K, reserved 1064960K
  class space    used 1951K, capacity 2096K, committed 2176K, reserved 1048576K
Heap Regions: E=young(eden), S=young(survivor), O=old, HS=humongous(starts), HC=humongous(continues), CS=collection set, F=free, A=archive, TAMS=top-at-mark-start (previous, next)
|   0|0x00000000fc000000, 0x00000000fc100000, 0x00000000fc100000|100%|HS|  |TAMS 0x00000000fc000000, 0x00000000fc000000| Complete 
|   1|0x00000000fc100000, 0x00000000fc200000, 0x00000000fc200000|100%|HC|  |TAMS 0x00000000fc100000, 0x00000000fc100000| Complete 
|   2|0x00000000fc200000, 0x00000000fc300000, 0x00000000fc300000|100%|HC|  |TAMS 0x00000000fc200000, 0x00000000fc200000| Complete 
|   3|0x00000000fc300000, 0x00000000fc400000, 0x00000000fc400000|100%| O|  |TAMS 0x00000000fc300000, 0x00000000fc300000| Untracked 
|   4|0x00000000fc400000, 0x00000000fc500000, 0x00000000fc500000|100%| O|  |TAMS 0x00000000fc400000, 0x00000000fc400000| Untracked 
|   5|0x00000000fc500000, 0x00000000fc600000, 0x00000000fc600000|100%| O|  |TAMS 0x00000000fc500000, 0x00000000fc500000| Untracked 
|   6|0x00000000fc600000, 0x00000000fc700000, 0x00000000fc700000|100%| O|  |TAMS 0x00000000fc600000, 0x00000000fc600000| Untracked 
|   7|0x00000000fc700000, 0x00000000fc778400, 0x00000000fc800000| 46%| O|  |TAMS 0x00000000fc700000, 0x00000000fc700000| Untracked 
|   8|0x00000000fc800000, 0x00000000fc800000, 0x00000000fc900000|  0%| F|  |TAMS 0x00000000fc800000, 0x00000000fc800000| Untracked 
|   9|0x00000000fc900000, 0x00000000fc900000, 0x00000000fca00000|  0%| F|  |TAMS 0x00000000fc900000, 0x00000000fc900000| Untracked 
|  10|0x00000000fca00000, 0x00000000fca00000, 0x00000000fcb00000|  0%| F|  |TAMS 0x00000000fca00000, 0x00000000fca00000| Untracked 
|  11|0x00000000fcb00000, 0x00000000fcb00000, 0x00000000fcc00000|  0%| F|  |TAMS 0x00000000fcb00000, 0x00000000fcb00000| Untracked 
|  12|0x00000000fcc00000, 0x00000000fcc00000, 0x00000000fcd00000|  0%| F|  |TAMS 0x00000000fcc00000, 0x00000000fcc00000| Untracked 
|  13|0x00000000fcd00000, 0x00000000fcd00000, 0x00000000fce00000|  0%| F|  |TAMS 0x00000000fcd00000, 0x00000000fcd00000| Untracked 
|  14|0x00000000fce00000, 0x00000000fce00000, 0x00000000fcf00000|  0%| F|  |TAMS 0x00000000fce00000, 0x00000000fce00000| Untracked 
|  15|0x00000000fcf00000, 0x00000000fcf00000, 0x00000000fd000000|  0%| F|  |TAMS 0x00000000fcf00000, 0x00000000fcf00000| Untracked 
|  16|0x00000000fd000000, 0x00000000fd000000, 0x00000000fd100000|  0%| F|  |TAMS 0x00000000fd000000, 0x00000000fd000000| Untracked 
|  17|0x00000000fd100000, 0x00000000fd100000, 0x00000000fd200000|  0%| F|  |TAMS 0x00000000fd100000, 0x00000000fd100000| Untracked 
|  18|0x00000000fd200000, 0x00000000fd200000, 0x00000000fd300000|  0%| F|  |TAMS 0x00000000fd200000, 0x00000000fd200000| Untracked 
|  19|0x00000000fd300000, 0x00000000fd300000, 0x00000000fd400000|  0%| F|  |TAMS 0x00000000fd300000, 0x00000000fd300000| Untracked 
|  20|0x00000000fd400000, 0x00000000fd400000, 0x00000000fd500000|  0%| F|  |TAMS 0x00000000fd400000, 0x00000000fd400000| Untracked 
|  21|0x00000000fd500000, 0x00000000fd500000, 0x00000000fd600000|  0%| F|  |TAMS 0x00000000fd500000, 0x00000000fd500000| Untracked 
|  22|0x00000000fd600000, 0x00000000fd600000, 0x00000000fd700000|  0%| F|  |TAMS 0x00000000fd600000, 0x00000000fd600000| Untracked 
|  23|0x00000000fd700000, 0x00000000fd700000, 0x00000000fd800000|  0%| F|  |TAMS 0x00000000fd700000, 0x00000000fd700000| Untracked 
|  24|0x00000000fd800000, 0x00000000fd800000, 0x00000000fd900000|  0%| F|  |TAMS 0x00000000fd800000, 0x00000000fd800000| Untracked 
|  25|0x00000000fd900000, 0x00000000fd900000, 0x00000000fda00000|  0%| F|  |TAMS 0x00000000fd900000, 0x00000000fd900000| Untracked 
|  26|0x00000000fda00000, 0x00000000fda00000, 0x00000000fdb00000|  0%| F|  |TAMS 0x00000000fda00000, 0x00000000fda00000| Untracked 
|  27|0x00000000fdb00000, 0x00000000fdb00000, 0x00000000fdc00000|  0%| F|  |TAMS 0x00000000fdb00000, 0x00000000fdb00000| Untracked 
|  28|0x00000000fdc00000, 0x00000000fdc00000, 0x00000000fdd00000|  0%| F|  |TAMS 0x00000000fdc00000, 0x00000000fdc00000| Untracked 
|  29|0x00000000fdd00000, 0x00000000fdd00000, 0x00000000fde00000|  0%| F|  |TAMS 0x00000000fdd00000, 0x00000000fdd00000| Untracked 
|  30|0x00000000fde00000, 0x00000000fde00000, 0x00000000fdf00000|  0%| F|  |TAMS 0x00000000fde00000, 0x00000000fde00000| Untracked 
|  31|0x00000000fdf00000, 0x00000000fdf00000, 0x00000000fe000000|  0%| F|  |TAMS 0x00000000fdf00000, 0x00000000fdf00000| Untracked 
|  32|0x00000000fe000000, 0x00000000fe000000, 0x00000000fe100000|  0%| F|  |TAMS 0x00000000fe000000, 0x00000000fe000000| Untracked 
|  33|0x00000000fe100000, 0x00000000fe100000, 0x00000000fe200000|  0%| F|  |TAMS 0x00000000fe100000, 0x00000000fe100000| Untracked 
|  34|0x00000000fe200000, 0x00000000fe200000, 0x00000000fe300000|  0%| F|  |TAMS 0x00000000fe200000, 0x00000000fe200000| Untracked 
|  35|0x00000000fe300000, 0x00000000fe3994a0, 0x00000000fe400000| 59%| S|CS|TAMS 0x00000000fe300000, 0x00000000fe300000| Complete 
|  36|0x00000000fe400000, 0x00000000fe500000, 0x00000000fe500000|100%| S|CS|TAMS 0x00000000fe400000, 0x00000000fe400000| Complete 
|  37|0x00000000fe500000, 0x00000000fe600000, 0x00000000fe600000|100%| S|CS|TAMS 0x00000000fe500000, 0x00000000fe500000| Complete 
|  38|0x00000000fe600000, 0x00000000fe700000, 0x00000000fe700000|100%| S|CS|TAMS 0x00000000fe600000, 0x00000000fe600000| Complete 
|  39|0x00000000fe700000, 0x00000000fe700000, 0x00000000fe800000|  0%| F|  |TAMS 0x00000000fe700000, 0x00000000fe700000| Untracked 
|  40|0x00000000fe800000, 0x00000000fe800000, 0x00000000fe900000|  0%| F|  |TAMS 0x00000000fe800000, 0x00000000fe800000| Untracked 
|  41|0x00000000fe900000, 0x00000000fe900000, 0x00000000fea00000|  0%| F|  |TAMS 0x00000000fe900000, 0x00000000fe900000| Untracked 
|  42|0x00000000fea00000, 0x00000000fea00000, 0x00000000feb00000|  0%| F|  |TAMS 0x00000000fea00000, 0x00000000fea00000| Untracked 
|  43|0x00000000feb00000, 0x00000000feb00000, 0x00000000fec00000|  0%| F|  |TAMS 0x00000000feb00000, 0x00000000feb00000| Untracked 
|  44|0x00000000fec00000, 0x00000000fec00000, 0x00000000fed00000|  0%| F|  |TAMS 0x00000000fec00000, 0x00000000fec00000| Untracked 
|  45|0x00000000fed00000, 0x00000000fed00000, 0x00000000fee00000|  0%| F|  |TAMS 0x00000000fed00000, 0x00000000fed00000| Untracked 
|  46|0x00000000fee00000, 0x00000000fee00000, 0x00000000fef00000|  0%| F|  |TAMS 0x00000000fee00000, 0x00000000fee00000| Untracked 
|  47|0x00000000fef00000, 0x00000000fef00000, 0x00000000ff000000|  0%| F|  |TAMS 0x00000000fef00000, 0x00000000fef00000| Untracked 
|  48|0x00000000ff000000, 0x00000000ff000000, 0x00000000ff100000|  0%| F|  |TAMS 0x00000000ff000000, 0x00000000ff000000| Untracked 
|  49|0x00000000ff100000, 0x00000000ff100000, 0x00000000ff200000|  0%| F|  |TAMS 0x00000000ff100000, 0x00000000ff100000| Untracked 
|  50|0x00000000ff200000, 0x00000000ff200000, 0x00000000ff300000|  0%| F|  |TAMS 0x00000000ff200000, 0x00000000ff200000| Untracked 
|  51|0x00000000ff300000, 0x00000000ff300000, 0x00000000ff400000|  0%| F|  |TAMS 0x00000000ff300000, 0x00000000ff300000| Untracked 
|  52|0x00000000ff400000, 0x00000000ff400000, 0x00000000ff500000|  0%| F|  |TAMS 0x00000000ff400000, 0x00000000ff400000| Untracked 
|  53|0x00000000ff500000, 0x00000000ff500000, 0x00000000ff600000|  0%| F|  |TAMS 0x00000000ff500000, 0x00000000ff500000| Untracked 
|  54|0x00000000ff600000, 0x00000000ff600000, 0x00000000ff700000|  0%| F|  |TAMS 0x00000000ff600000, 0x00000000ff600000| Untracked 
|  55|0x00000000ff700000, 0x00000000ff700000, 0x00000000ff800000|  0%| F|  |TAMS 0x00000000ff700000, 0x00000000ff700000| Untracked 
|  56|0x00000000ff800000, 0x00000000ff800000, 0x00000000ff900000|  0%| F|  |TAMS 0x00000000ff800000, 0x00000000ff800000| Untracked 
|  57|0x00000000ff900000, 0x00000000ff900000, 0x00000000ffa00000|  0%| F|  |TAMS 0x00000000ff900000, 0x00000000ff900000| Untracked 
|  58|0x00000000ffa00000, 0x00000000ffa00000, 0x00000000ffb00000|  0%| F|  |TAMS 0x00000000ffa00000, 0x00000000ffa00000| Untracked 
|  59|0x00000000ffb00000, 0x00000000ffb6ae90, 0x00000000ffc00000| 41%| E|  |TAMS 0x00000000ffb00000, 0x00000000ffb00000| Complete 
|  60|0x00000000ffc00000, 0x00000000ffd00000, 0x00000000ffd00000|100%| E|CS|TAMS 0x00000000ffc00000, 0x00000000ffc00000| Complete 
|  61|0x00000000ffd00000, 0x00000000ffe00000, 0x00000000ffe00000|100%| E|CS|TAMS 0x00000000ffd00000, 0x00000000ffd00000| Complete 
|  62|0x00000000ffe00000, 0x00000000fff00000, 0x00000000fff00000|100%| E|CS|TAMS 0x00000000ffe00000, 0x00000000ffe00000| Complete 
|  63|0x00000000fff00000, 0x0000000100000000, 0x0000000100000000|100%| E|CS|TAMS 0x00000000fff00000, 0x00000000fff00000| Complete 

Card table byte_map: [0x000001ff72990000,0x000001ff729b0000] _byte_map_base: 0x000001ff721b0000

Marking Bits (Prev, Next): (CMBitMap*) 0x000001ff72896048, (CMBitMap*) 0x000001ff72896080
 Prev Bits: [0x000001ff7bd50000, 0x000001ff7be50000)
 Next Bits: [0x000001ff7be50000, 0x000001ff7bf50000)

Polling page: 0x000001ff72670000

Metaspace:

Usage:
  Non-class:     15.29 MB capacity,    15.10 MB ( 99%) used,   160.55 KB (  1%) free+waste,    25.81 KB ( <1%) overhead. 
      Class:      2.05 MB capacity,     1.91 MB ( 93%) used,   131.86 KB (  6%) free+waste,    13.00 KB ( <1%) overhead. 
       Both:     17.33 MB capacity,    17.01 MB ( 98%) used,   292.41 KB (  2%) free+waste,    38.81 KB ( <1%) overhead. 

Virtual space:
  Non-class space:       16.00 MB reserved,      15.50 MB ( 97%) committed 
      Class space:        1.00 GB reserved,       2.13 MB ( <1%) committed 
             Both:        1.02 GB reserved,      17.63 MB (  2%) committed 

Chunk freelists:
   Non-Class:  3.38 KB
       Class:  2.00 KB
        Both:  5.38 KB

CodeHeap 'non-profiled nmethods': size=120064Kb used=614Kb max_used=614Kb free=119449Kb
 bounds [0x000001ff07ac0000, 0x000001ff07d30000, 0x000001ff0f000000]
CodeHeap 'profiled nmethods': size=120000Kb used=3701Kb max_used=3701Kb free=116298Kb
 bounds [0x000001ff00590000, 0x000001ff00930000, 0x000001ff07ac0000]
CodeHeap 'non-nmethods': size=5696Kb used=1117Kb max_used=1130Kb free=4578Kb
 bounds [0x000001ff00000000, 0x000001ff00270000, 0x000001ff00590000]
 total_blobs=2257 nmethods=1815 adapters=354
 compilation: enabled
              stopped_count=0, restarted_count=0
 full_count=0

Compilation events (10 events):
Event: 72.172 Thread 0x000001ff7ed51800 nmethod 1811 0x000001ff0092a010 code [0x000001ff0092a320, 0x000001ff0092b568]
Event: 75.737 Thread 0x000001ff7ed51800 1812       3       java.nio.ByteBuffer::position (6 bytes)
Event: 75.737 Thread 0x000001ff7ed51800 nmethod 1812 0x000001ff0092bc90 code [0x000001ff0092be40, 0x000001ff0092bfe8]
Event: 75.843 Thread 0x000001ff7ed51800 1813       3       org.gradle.internal.logging.events.ProgressCompleteEvent::<init> (27 bytes)
Event: 75.843 Thread 0x000001ff7ed51800 nmethod 1813 0x000001ff0092c090 code [0x000001ff0092c240, 0x000001ff0092c4b8]
Event: 75.843 Thread 0x000001ff7ed51800 1814       3       org.gradle.internal.logging.serializer.ProgressCompleteEventSerializer::read (6 bytes)
Event: 75.843 Thread 0x000001ff7ed51800 nmethod 1814 0x000001ff0092c590 code [0x000001ff0092c740, 0x000001ff0092c888]
Event: 75.843 Thread 0x000001ff7ed50800 1815       4       com.esotericsoftware.kryo.io.Input::readUtf8 (90 bytes)
Event: 75.844 Thread 0x000001ff7ed51800 1816       3       org.gradle.internal.logging.serializer.ProgressCompleteEventSerializer::read (51 bytes)
Event: 75.845 Thread 0x000001ff7ed51800 nmethod 1816 0x000001ff0092c910 code [0x000001ff0092cb40, 0x000001ff0092d3e8]

GC Heap History (6 events):
Event: 0.934 GC heap before
{Heap before GC invocations=0 (full 0):
 garbage-first heap   total 65536K, used 16384K [0x00000000fc000000, 0x0000000100000000)
  region size 1024K, 14 young (14336K), 0 survivors (0K)
 Metaspace       used 7441K, capacity 7632K, committed 7680K, reserved 1056768K
  class space    used 658K, capacity 754K, committed 768K, reserved 1048576K
}
Event: 0.940 GC heap after
{Heap after GC invocations=1 (full 0):
 garbage-first heap   total 65536K, used 3325K [0x00000000fc000000, 0x0000000100000000)
  region size 1024K, 2 young (2048K), 2 survivors (2048K)
 Metaspace       used 7441K, capacity 7632K, committed 7680K, reserved 1056768K
  class space    used 658K, capacity 754K, committed 768K, reserved 1048576K
}
Event: 1.532 GC heap before
{Heap before GC invocations=1 (full 0):
 garbage-first heap   total 65536K, used 18685K [0x00000000fc000000, 0x0000000100000000)
  region size 1024K, 14 young (14336K), 2 survivors (2048K)
 Metaspace       used 10316K, capacity 10533K, committed 10752K, reserved 1058816K
  class space    used 1080K, capacity 1172K, committed 1280K, reserved 1048576K
}
Event: 1.536 GC heap after
{Heap after GC invocations=2 (full 0):
 garbage-first heap   total 65536K, used 9697K [0x00000000fc000000, 0x0000000100000000)
  region size 1024K, 2 young (2048K), 2 survivors (2048K)
 Metaspace       used 10316K, capacity 10533K, committed 10752K, reserved 1058816K
  class space    used 1080K, capacity 1172K, committed 1280K, reserved 1048576K
}
Event: 2.447 GC heap before
{Heap before GC invocations=2 (full 0):
 garbage-first heap   total 65536K, used 32225K [0x00000000fc000000, 0x0000000100000000)
  region size 1024K, 25 young (25600K), 2 survivors (2048K)
 Metaspace       used 15562K, capacity 15853K, committed 16000K, reserved 1062912K
  class space    used 1781K, capacity 1906K, committed 1920K, reserved 1048576K
}
Event: 2.451 GC heap after
{Heap after GC invocations=3 (full 0):
 garbage-first heap   total 65536K, used 11334K [0x00000000fc000000, 0x0000000100000000)
  region size 1024K, 4 young (4096K), 4 survivors (4096K)
 Metaspace       used 15562K, capacity 15853K, committed 16000K, reserved 1062912K
  class space    used 1781K, capacity 1906K, committed 1920K, reserved 1048576K
}

Deoptimization events (10 events):
Event: 1.584 Thread 0x000001ff7287c000 Uncommon trap: reason=unstable_if action=reinterpret pc=0x000001ff07adf83c method=java.io.WinNTFileSystem.resolve(Ljava/lang/String;Ljava/lang/String;)Ljava/lang/String; @ 70 c2
Event: 1.873 Thread 0x000001ff7287c000 Uncommon trap: reason=unstable_if action=reinterpret pc=0x000001ff07b185e4 method=java.util.HashMap.getNode(ILjava/lang/Object;)Ljava/util/HashMap$Node; @ 129 c2
Event: 1.873 Thread 0x000001ff7287c000 Uncommon trap: reason=unstable_if action=reinterpret pc=0x000001ff07b0767c method=java.util.HashMap.putVal(ILjava/lang/Object;Ljava/lang/Object;ZZ)Ljava/lang/Object; @ 206 c2
Event: 2.244 Thread 0x000001ff7287c000 Uncommon trap: reason=unstable_if action=reinterpret pc=0x000001ff07b1eb24 method=java.util.concurrent.ConcurrentHashMap.putVal(Ljava/lang/Object;Ljava/lang/Object;Z)Ljava/lang/Object; @ 256 c2
Event: 2.503 Thread 0x000001ff0f37b800 Uncommon trap: reason=unstable_if action=reinterpret pc=0x000001ff07af24b4 method=java.lang.AbstractStringBuilder.putStringAt(ILjava/lang/String;)V @ 8 c2
Event: 2.503 Thread 0x000001ff0f37b800 Uncommon trap: reason=unstable_if action=reinterpret pc=0x000001ff07af980c method=java.lang.AbstractStringBuilder.putStringAt(ILjava/lang/String;)V @ 8 c2
Event: 2.503 Thread 0x000001ff0f37b800 Uncommon trap: reason=unstable_if action=reinterpret pc=0x000001ff07b1a158 method=java.lang.AbstractStringBuilder.isLatin1()Z @ 10 c2
Event: 2.503 Thread 0x000001ff0f37b800 Uncommon trap: reason=unstable_if action=reinterpret pc=0x000001ff07af2bec method=java.lang.String.getBytes([BIB)V @ 5 c2
Event: 2.503 Thread 0x000001ff0f37b800 Uncommon trap: reason=unstable_if action=reinterpret pc=0x000001ff07b18e18 method=java.lang.AbstractStringBuilder.isLatin1()Z @ 10 c2
Event: 5.704 Thread 0x000001ff0f37b800 Uncommon trap: reason=unstable_if action=reinterpret pc=0x000001ff07ad84fc method=java.lang.String.codePointAt(I)I @ 4 c2

Classes redefined (0 events):
No events

Internal exceptions (10 events):
Event: 1.518 Thread 0x000001ff7287c000 Exception <a 'java/lang/NoSuchMethodError'{0x00000000ff440e38}: java.lang.invoke.DelegatingMethodHandle$Holder.delegate(Ljava/lang/Object;Ljava/lang/Object;ILjava/lang/Object;)V> (0x00000000ff440e38) thrown at [./open/src/hotspot/share/interpreter/linkRes
Event: 1.713 Thread 0x000001ff7287c000 Exception <a 'java/lang/NoSuchMethodError'{0x00000000ff9751b8}: java.lang.invoke.DirectMethodHandle$Holder.invokeInterface(Ljava/lang/Object;Ljava/lang/Object;Ljava/lang/Object;)Ljava/lang/Object;> (0x00000000ff9751b8) thrown at [./open/src/hotspot/share/
Event: 1.782 Thread 0x000001ff7287c000 Exception <a 'java/lang/NoSuchMethodError'{0x00000000ff50a960}: java.lang.invoke.DirectMethodHandle$Holder.invokeStaticInit(Ljava/lang/Object;Ljava/lang/Object;Ljava/lang/Object;)Ljava/lang/Object;> (0x00000000ff50a960) thrown at [./open/src/hotspot/share
Event: 1.900 Thread 0x000001ff7287c000 Exception <a 'java/lang/NoSuchMethodError'{0x00000000fefd0d20}: java.lang.invoke.DirectMethodHandle$Holder.invokeStaticInit(Ljava/lang/Object;IIII)Ljava/lang/Object;> (0x00000000fefd0d20) thrown at [./open/src/hotspot/share/interpreter/linkResolver.cpp, l
Event: 2.117 Thread 0x000001ff7287c000 Exception <a 'java/lang/NoSuchMethodError'{0x00000000fee96c70}: java.lang.invoke.DirectMethodHandle$Holder.invokeStaticInit(Ljava/lang/Object;Ljava/lang/Object;IIII)Ljava/lang/Object;> (0x00000000fee96c70) thrown at [./open/src/hotspot/share/interpreter/l
Event: 2.475 Thread 0x000001ff0f37b800 Exception <a 'java/lang/NoSuchMethodError'{0x00000000fff8d930}: java.lang.invoke.DirectMethodHandle$Holder.invokeStatic(Ljava/lang/Object;J)V> (0x00000000fff8d930) thrown at [./open/src/hotspot/share/interpreter/linkResolver.cpp, line 772]
Event: 2.479 Thread 0x000001ff0f37b800 Exception <a 'java/lang/NoSuchMethodError'{0x00000000fff92890}: java.lang.invoke.DirectMethodHandle$Holder.invokeStatic(Ljava/lang/Object;J)Ljava/lang/Object;> (0x00000000fff92890) thrown at [./open/src/hotspot/share/interpreter/linkResolver.cpp, line 772
Event: 2.480 Thread 0x000001ff0f37b800 Exception <a 'java/lang/NoSuchMethodError'{0x00000000fffa09c8}: java.lang.invoke.DirectMethodHandle$Holder.invokeStaticInit(Ljava/lang/Object;Ljava/lang/Object;JLjava/lang/Object;)Ljava/lang/Object;> (0x00000000fffa09c8) thrown at [./open/src/hotspot/shar
Event: 2.481 Thread 0x000001ff0f37b800 Exception <a 'java/lang/NoSuchMethodError'{0x00000000fffa68b0}: java.lang.invoke.DirectMethodHandle$Holder.invokeStatic(Ljava/lang/Object;Ljava/lang/Object;J)Ljava/lang/Object;> (0x00000000fffa68b0) thrown at [./open/src/hotspot/share/interpreter/linkReso
Event: 2.481 Thread 0x000001ff0f37b800 Exception <a 'java/lang/NoSuchMethodError'{0x00000000fffacb80}: java.lang.invoke.Invokers$Holder.linkToTargetMethod(Ljava/lang/Object;JLjava/lang/Object;)Ljava/lang/Object;> (0x00000000fffacb80) thrown at [./open/src/hotspot/share/interpreter/linkResolver

Events (10 events):
Event: 39.295 loading class java/io/ObjectInputFilter$Config$BuiltinFilterFactory
Event: 39.295 loading class java/io/ObjectInputFilter$Config$BuiltinFilterFactory done
Event: 39.295 loading class java/io/ObjectInputFilter
Event: 39.295 loading class java/io/ObjectInputFilter done
Event: 39.295 loading class jdk/internal/access/JavaObjectInputFilterAccess
Event: 39.295 loading class jdk/internal/access/JavaObjectInputFilterAccess done
Event: 39.295 loading class java/io/Bits
Event: 39.295 loading class java/io/Bits done
Event: 39.295 loading class org/gradle/internal/serialize/ExceptionReplacingObjectInputStream$1
Event: 39.295 loading class org/gradle/internal/serialize/ExceptionReplacingObjectInputStream$1 done


Dynamic libraries:
0x00007ff7f3d20000 - 0x00007ff7f3d2f000 	C:\Program Files\Java\jdk-11.0.14\bin\java.exe
0x00007ffc61090000 - 0x00007ffc61288000 	C:\WINDOWS\SYSTEM32\ntdll.dll
0x00007ffc5f0f0000 - 0x00007ffc5f1af000 	C:\WINDOWS\System32\KERNEL32.DLL
0x00007ffc5e9b0000 - 0x00007ffc5eca6000 	C:\WINDOWS\System32\KERNELBASE.dll
0x00007ffc5e770000 - 0x00007ffc5e870000 	C:\WINDOWS\System32\ucrtbase.dll
0x00007ffc54260000 - 0x00007ffc54278000 	C:\Program Files\Java\jdk-11.0.14\bin\jli.dll
0x00007ffc5f7f0000 - 0x00007ffc5f89f000 	C:\WINDOWS\System32\ADVAPI32.dll
0x00007ffc5f290000 - 0x00007ffc5f32e000 	C:\WINDOWS\System32\msvcrt.dll
0x00007ffc60d60000 - 0x00007ffc60dfc000 	C:\WINDOWS\System32\sechost.dll
0x00007ffc5f5b0000 - 0x00007ffc5f6d6000 	C:\WINDOWS\System32\RPCRT4.dll
0x00007ffc524e0000 - 0x00007ffc524f5000 	C:\Program Files\Java\jdk-11.0.14\bin\VCRUNTIME140.dll
0x00007ffc60660000 - 0x00007ffc607fd000 	C:\WINDOWS\System32\USER32.dll
0x00007ffc5ed40000 - 0x00007ffc5ed62000 	C:\WINDOWS\System32\win32u.dll
0x00007ffc5f390000 - 0x00007ffc5f3bc000 	C:\WINDOWS\System32\GDI32.dll
0x00007ffc5efd0000 - 0x00007ffc5f0e5000 	C:\WINDOWS\System32\gdi32full.dll
0x00007ffc5e870000 - 0x00007ffc5e90d000 	C:\WINDOWS\System32\msvcp_win.dll
0x00007ffc428f0000 - 0x00007ffc42b8a000 	C:\WINDOWS\WinSxS\amd64_microsoft.windows.common-controls_6595b64144ccf1df_6.0.19041.1110_none_60b5254171f9507e\COMCTL32.dll
0x00007ffc5c540000 - 0x00007ffc5c54a000 	C:\WINDOWS\SYSTEM32\VERSION.dll
0x00007ffc5f6e0000 - 0x00007ffc5f710000 	C:\WINDOWS\System32\IMM32.DLL
0x00007ffc00f70000 - 0x00007ffc0100b000 	C:\Program Files\Java\jdk-11.0.14\bin\msvcp140.dll
0x00007ffbe3e20000 - 0x00007ffbe4936000 	C:\Program Files\Java\jdk-11.0.14\bin\server\jvm.dll
0x00007ffc5f1d0000 - 0x00007ffc5f1d8000 	C:\WINDOWS\System32\PSAPI.DLL
0x00007ffc56bd0000 - 0x00007ffc56bd9000 	C:\WINDOWS\SYSTEM32\WSOCK32.dll
0x00007ffc5f470000 - 0x00007ffc5f4db000 	C:\WINDOWS\System32\WS2_32.dll
0x00007ffc56000000 - 0x00007ffc56027000 	C:\WINDOWS\SYSTEM32\WINMM.dll
0x00007ffc5d050000 - 0x00007ffc5d062000 	C:\WINDOWS\SYSTEM32\kernel.appcore.dll
0x00007ffc52470000 - 0x00007ffc52480000 	C:\Program Files\Java\jdk-11.0.14\bin\verify.dll
0x00007ffc4fa30000 - 0x00007ffc4fc14000 	C:\WINDOWS\SYSTEM32\DBGHELP.DLL
0x00007ffc4f7b0000 - 0x00007ffc4f7e4000 	C:\WINDOWS\SYSTEM32\dbgcore.DLL
0x00007ffc5ecb0000 - 0x00007ffc5ed32000 	C:\WINDOWS\System32\bcryptPrimitives.dll
0x00007ffc4f5c0000 - 0x00007ffc4f5e8000 	C:\Program Files\Java\jdk-11.0.14\bin\java.dll
0x00007ffc52430000 - 0x00007ffc5243a000 	C:\Program Files\Java\jdk-11.0.14\bin\jimage.dll
0x00007ffc4f5a0000 - 0x00007ffc4f5b6000 	C:\Program Files\Java\jdk-11.0.14\bin\zip.dll
0x00007ffc5f8a0000 - 0x00007ffc5ffe4000 	C:\WINDOWS\System32\SHELL32.dll
0x00007ffc5c640000 - 0x00007ffc5cdd3000 	C:\WINDOWS\SYSTEM32\windows.storage.dll
0x00007ffc60080000 - 0x00007ffc603d4000 	C:\WINDOWS\System32\combase.dll
0x00007ffc5e0e0000 - 0x00007ffc5e10e000 	C:\WINDOWS\SYSTEM32\Wldp.dll
0x00007ffc5f3c0000 - 0x00007ffc5f46d000 	C:\WINDOWS\System32\SHCORE.dll
0x00007ffc603f0000 - 0x00007ffc60445000 	C:\WINDOWS\System32\shlwapi.dll
0x00007ffc5e6b0000 - 0x00007ffc5e6cf000 	C:\WINDOWS\SYSTEM32\profapi.dll
0x00007ffc4a850000 - 0x00007ffc4a869000 	C:\Program Files\Java\jdk-11.0.14\bin\net.dll
0x00007ffc581a0000 - 0x00007ffc582aa000 	C:\WINDOWS\SYSTEM32\WINHTTP.dll
0x00007ffc5de40000 - 0x00007ffc5deaa000 	C:\WINDOWS\system32\mswsock.dll
0x00007ffc4a790000 - 0x00007ffc4a7a2000 	C:\Program Files\Java\jdk-11.0.14\bin\nio.dll
0x00007ffc4bec0000 - 0x00007ffc4bee7000 	C:\Users\zeeshan.noorullah\.gradle\native\e1d6ef7f7dcc3fd88c89a11ec53ec762bb8ba0a96d01ffa2cd45eb1d1d8dd5c5\windows-amd64\native-platform.dll
0x00007ffc56e40000 - 0x00007ffc56e4a000 	C:\Users\zeeshan.noorullah\.gradle\native\jansi\1.18\windows64\jansi.dll
0x00007ffc52110000 - 0x00007ffc52119000 	C:\Program Files\Java\jdk-11.0.14\bin\management.dll
0x00007ffc51d10000 - 0x00007ffc51d1b000 	C:\Program Files\Java\jdk-11.0.14\bin\management_ext.dll
0x00007ffc5e030000 - 0x00007ffc5e048000 	C:\WINDOWS\SYSTEM32\CRYPTSP.dll
0x00007ffc5d760000 - 0x00007ffc5d794000 	C:\WINDOWS\system32\rsaenh.dll
0x00007ffc5e980000 - 0x00007ffc5e9a7000 	C:\WINDOWS\System32\bcrypt.dll
0x00007ffc5e670000 - 0x00007ffc5e69e000 	C:\WINDOWS\SYSTEM32\USERENV.dll
0x00007ffc5e050000 - 0x00007ffc5e05c000 	C:\WINDOWS\SYSTEM32\CRYPTBASE.dll
0x00007ffc5db30000 - 0x00007ffc5db6c000 	C:\WINDOWS\SYSTEM32\IPHLPAPI.DLL
0x00007ffc60860000 - 0x00007ffc60868000 	C:\WINDOWS\System32\NSI.dll
0x00007ffc59700000 - 0x00007ffc59717000 	C:\WINDOWS\SYSTEM32\dhcpcsvc6.DLL
0x00007ffc596e0000 - 0x00007ffc596fd000 	C:\WINDOWS\SYSTEM32\dhcpcsvc.DLL
0x00007ffc5db70000 - 0x00007ffc5dc3a000 	C:\WINDOWS\SYSTEM32\DNSAPI.dll

dbghelp: loaded successfully - version: 4.0.5 - missing functions: none
symbol engine: initialized successfully - sym options: 0x614 - pdb path: .;C:\Program Files\Java\jdk-11.0.14\bin;C:\WINDOWS\SYSTEM32;C:\WINDOWS\WinSxS\amd64_microsoft.windows.common-controls_6595b64144ccf1df_6.0.19041.1110_none_60b5254171f9507e;C:\Program Files\Java\jdk-11.0.14\bin\server;C:\Users\zeeshan.noorullah\.gradle\native\e1d6ef7f7dcc3fd88c89a11ec53ec762bb8ba0a96d01ffa2cd45eb1d1d8dd5c5\windows-amd64;C:\Users\zeeshan.noorullah\.gradle\native\jansi\1.18\windows64

VM Arguments:
jvm_args: -Xmx64m -Xms64m -Dorg.gradle.appname=gradlew 
java_command: org.gradle.wrapper.GradleWrapperMain app:installDebug -PreactNativeDevServerPort=8081
java_class_path (initial): G:\ZeeshanNoorullah\ReactNative\EcommerceApp\android\\gradle\wrapper\gradle-wrapper.jar
Launcher Type: SUN_STANDARD

[Global flags]
     intx CICompilerCount                          = 3                                         {product} {ergonomic}
     uint ConcGCThreads                            = 1                                         {product} {ergonomic}
     uint G1ConcRefinementThreads                  = 4                                         {product} {ergonomic}
   size_t G1HeapRegionSize                         = 1048576                                   {product} {ergonomic}
    uintx GCDrainStackTargetSize                   = 64                                        {product} {ergonomic}
   size_t InitialHeapSize                          = 67108864                                  {product} {command line}
   size_t MarkStackSize                            = 4194304                                   {product} {ergonomic}
   size_t MaxHeapSize                              = 67108864                                  {product} {command line}
   size_t MaxNewSize                               = 39845888                                  {product} {ergonomic}
   size_t MinHeapDeltaBytes                        = 1048576                                   {product} {ergonomic}
    uintx NonNMethodCodeHeapSize                   = 5830732                                {pd product} {ergonomic}
    uintx NonProfiledCodeHeapSize                  = 122913754                              {pd product} {ergonomic}
    uintx ProfiledCodeHeapSize                     = 122913754                              {pd product} {ergonomic}
    uintx ReservedCodeCacheSize                    = 251658240                              {pd product} {ergonomic}
     bool SegmentedCodeCache                       = true                                      {product} {ergonomic}
     bool UseCompressedClassPointers               = true                                 {lp64_product} {ergonomic}
     bool UseCompressedOops                        = true                                 {lp64_product} {ergonomic}
     bool UseG1GC                                  = true                                      {product} {ergonomic}
     bool UseLargePagesIndividualAllocation        = false                                  {pd product} {ergonomic}

Logging:
Log output configuration:
 #0: stdout all=warning uptime,level,tags
 #1: stderr all=off uptime,level,tags

Environment Variables:
JAVA_HOME=C:\Program Files\Java\jdk-11.0.14
CLASSPATH=G:\ZeeshanNoorullah\ReactNative\EcommerceApp\android\\gradle\wrapper\gradle-wrapper.jar
PATH=G:\ZeeshanNoorullah\ReactNative\EcommerceApp\android\node_modules\.bin;G:\ZeeshanNoorullah\ReactNative\EcommerceApp\node_modules\.bin;G:\ZeeshanNoorullah\ReactNative\node_modules\.bin;G:\ZeeshanNoorullah\node_modules\.bin;G:\node_modules\.bin;C:\Program Files\nodejs;C:\Users\ZEESHA~1.NOO\AppData\Local\Temp\yarn--1687506438946-0.33886943833086813;G:\ZeeshanNoorullah\ReactNative\EcommerceApp\node_modules\.bin;C:\Users\zeeshan.noorullah\AppData\Local\Yarn\Data\link\node_modules\.bin;C:\Users\zeeshan.noorullah\AppData\Local\Yarn\bin;C:\Program Files\libexec\lib\node_modules\npm\bin\node-gyp-bin;C:\Program Files\lib\node_modules\npm\bin\node-gyp-bin;C:\Program Files\nodejs\node_modules\npm\bin\node-gyp-bin;C:\Program Files\Common Files\Oracle\Java\javapath;C:\WINDOWS\system32;C:\WINDOWS;C:\WINDOWS\System32\Wbem;C:\WINDOWS\System32\WindowsPowerShell\v1.0\;C:\WINDOWS\System32\OpenSSH\;C:\xampp\php;C:\composer;C:\ProgramData\chocolatey\bin;C:\Program Files\Git\cmd;C:\Program Files\nodejs\;C:\Users\zeeshan.noorullah\AppData\Local\Microsoft\WindowsApps;C:\Users\zeeshan.noorullah\AppData\Local\GitHubDesktop\bin;C:\Users\zeeshan.noorullah\AppData\Roaming\npm;C:\Users\zeeshan.noorullah\AppData\Local\Programs\Git\cmd;C:\Users\zeeshan.noorullah\AppData\Local\Android\Sdk\platform-tools;C:\Program Files (x86)\BrowserStackLocal\;C:\Users\zeeshan.noorullah\AppData\Local\Programs\Microsoft VS Code\bin
USERNAME=zeeshan.noorullah
OS=Windows_NT
PROCESSOR_IDENTIFIER=Intel64 Family 6 Model 60 Stepping 3, GenuineIntel



---------------  S Y S T E M  ---------------

OS: Windows 10 , 64 bit Build 19041 (10.0.19041.3031)

CPU:total 4 (initial active 4) (4 cores per cpu, 1 threads per core) family 6 model 60 stepping 3 microcode 0x27, cmov, cx8, fxsr, mmx, sse, sse2, sse3, ssse3, sse4.1, sse4.2, popcnt, avx, avx2, aes, clmul, erms, lzcnt, tsc, tscinvbit, bmi1, bmi2, fma

Memory: 4k page, system-wide physical 12196M (1870M free)
TotalPageFile size 14244M (AvailPageFile size 2M)
current process WorkingSet (physical memory assigned to process): 92M, peak: 97M
current process commit charge ("private bytes"): 154M, peak: 159M

vm_info: Java HotSpot(TM) 64-Bit Server VM (11.0.14+8-LTS-263) for windows-amd64 JRE (11.0.14+8-LTS-263), built on Dec  7 2021 21:53:57 by "mach5one" with MS VC++ 15.9 (VS2017)

END.
